2022-09-14 13:27:20.070  INFO 14892 --- [restartedMain] com.login.MyFirstProjectApplication      : Starting MyFirstProjectApplication using Java 17.0.4 on MSI-XAVI with PID 14892 (C:\Xavi\Archivos\Trabajo\Universidad\FE\FullStack Web\SpringBoot\my-first-project8\target\classes started by Admin in C:\Xavi\Archivos\Trabajo\Universidad\FE\FullStack Web\SpringBoot\my-first-project8)
2022-09-14 13:27:20.074  INFO 14892 --- [restartedMain] com.login.MyFirstProjectApplication      : No active profile set, falling back to 1 default profile: "default"
2022-09-14 13:27:20.117  INFO 14892 --- [restartedMain] .e.DevToolsPropertyDefaultsPostProcessor : Devtools property defaults active! Set 'spring.devtools.add-properties' to 'false' to disable
2022-09-14 13:27:20.117  INFO 14892 --- [restartedMain] .e.DevToolsPropertyDefaultsPostProcessor : For additional web related logging consider setting the 'logging.level.web' property to 'DEBUG'
2022-09-14 13:27:20.929  INFO 14892 --- [restartedMain] o.s.b.w.embedded.tomcat.TomcatWebServer  : Tomcat initialized with port(s): 8080 (http)
2022-09-14 13:27:20.939  INFO 14892 --- [restartedMain] o.apache.catalina.core.StandardService   : Starting service [Tomcat]
2022-09-14 13:27:20.939  INFO 14892 --- [restartedMain] org.apache.catalina.core.StandardEngine  : Starting Servlet engine: [Apache Tomcat/9.0.65]
2022-09-14 13:27:21.005  INFO 14892 --- [restartedMain] o.a.c.c.C.[Tomcat].[localhost].[/]       : Initializing Spring embedded WebApplicationContext
2022-09-14 13:27:21.005  INFO 14892 --- [restartedMain] w.s.c.ServletWebServerApplicationContext : Root WebApplicationContext: initialization completed in 888 ms
2022-09-14 13:27:21.248  WARN 14892 --- [restartedMain] ConfigServletWebServerApplicationContext : Exception encountered during context initialization - cancelling refresh attempt: org.springframework.beans.factory.BeanCreationException: Error creating bean with name 'dataSource' defined in class path resource [org/springframework/boot/autoconfigure/jdbc/DataSourceConfiguration$Hikari.class]: Bean instantiation via factory method failed; nested exception is org.springframework.beans.BeanInstantiationException: Failed to instantiate [com.zaxxer.hikari.HikariDataSource]: Factory method 'dataSource' threw exception; nested exception is org.springframework.boot.autoconfigure.jdbc.DataSourceProperties$DataSourceBeanCreationException: Failed to determine a suitable driver class
2022-09-14 13:27:21.253  INFO 14892 --- [restartedMain] o.apache.catalina.core.StandardService   : Stopping service [Tomcat]
2022-09-14 13:27:21.268  INFO 14892 --- [restartedMain] ConditionEvaluationReportLoggingListener : 

Error starting ApplicationContext. To display the conditions report re-run your application with 'debug' enabled.
2022-09-14 13:27:21.286 ERROR 14892 --- [restartedMain] o.s.b.d.LoggingFailureAnalysisReporter   : 

***************************
APPLICATION FAILED TO START
***************************

Description:

Failed to configure a DataSource: 'url' attribute is not specified and no embedded datasource could be configured.

Reason: Failed to determine a suitable driver class


Action:

Consider the following:
	If you want an embedded database (H2, HSQL or Derby), please put it on the classpath.
	If you have database settings to be loaded from a particular profile you may need to activate it (no profiles are currently active).

2022-09-14 13:27:38.452  INFO 19552 --- [restartedMain] com.login.MyFirstProjectApplication      : Starting MyFirstProjectApplication using Java 17.0.4 on MSI-XAVI with PID 19552 (C:\Xavi\Archivos\Trabajo\Universidad\FE\FullStack Web\SpringBoot\my-first-project8\target\classes started by Admin in C:\Xavi\Archivos\Trabajo\Universidad\FE\FullStack Web\SpringBoot\my-first-project8)
2022-09-14 13:27:38.454  INFO 19552 --- [restartedMain] com.login.MyFirstProjectApplication      : No active profile set, falling back to 1 default profile: "default"
2022-09-14 13:27:38.496  INFO 19552 --- [restartedMain] .e.DevToolsPropertyDefaultsPostProcessor : Devtools property defaults active! Set 'spring.devtools.add-properties' to 'false' to disable
2022-09-14 13:27:38.496  INFO 19552 --- [restartedMain] .e.DevToolsPropertyDefaultsPostProcessor : For additional web related logging consider setting the 'logging.level.web' property to 'DEBUG'
2022-09-14 13:27:39.254  INFO 19552 --- [restartedMain] o.s.b.w.embedded.tomcat.TomcatWebServer  : Tomcat initialized with port(s): 8080 (http)
2022-09-14 13:27:39.262  INFO 19552 --- [restartedMain] o.apache.catalina.core.StandardService   : Starting service [Tomcat]
2022-09-14 13:27:39.262  INFO 19552 --- [restartedMain] org.apache.catalina.core.StandardEngine  : Starting Servlet engine: [Apache Tomcat/9.0.65]
2022-09-14 13:27:39.322  INFO 19552 --- [restartedMain] o.a.c.c.C.[Tomcat].[localhost].[/]       : Initializing Spring embedded WebApplicationContext
2022-09-14 13:27:39.323  INFO 19552 --- [restartedMain] w.s.c.ServletWebServerApplicationContext : Root WebApplicationContext: initialization completed in 826 ms
2022-09-14 13:27:39.551  WARN 19552 --- [restartedMain] ConfigServletWebServerApplicationContext : Exception encountered during context initialization - cancelling refresh attempt: org.springframework.beans.factory.BeanCreationException: Error creating bean with name 'dataSource' defined in class path resource [org/springframework/boot/autoconfigure/jdbc/DataSourceConfiguration$Hikari.class]: Bean instantiation via factory method failed; nested exception is org.springframework.beans.BeanInstantiationException: Failed to instantiate [com.zaxxer.hikari.HikariDataSource]: Factory method 'dataSource' threw exception; nested exception is org.springframework.boot.autoconfigure.jdbc.DataSourceProperties$DataSourceBeanCreationException: Failed to determine a suitable driver class
2022-09-14 13:27:39.554  INFO 19552 --- [restartedMain] o.apache.catalina.core.StandardService   : Stopping service [Tomcat]
2022-09-14 13:27:39.569  INFO 19552 --- [restartedMain] ConditionEvaluationReportLoggingListener : 

Error starting ApplicationContext. To display the conditions report re-run your application with 'debug' enabled.
2022-09-14 13:27:39.587 ERROR 19552 --- [restartedMain] o.s.b.d.LoggingFailureAnalysisReporter   : 

***************************
APPLICATION FAILED TO START
***************************

Description:

Failed to configure a DataSource: 'url' attribute is not specified and no embedded datasource could be configured.

Reason: Failed to determine a suitable driver class


Action:

Consider the following:
	If you want an embedded database (H2, HSQL or Derby), please put it on the classpath.
	If you have database settings to be loaded from a particular profile you may need to activate it (no profiles are currently active).

2022-09-14 13:34:18.781  INFO 8316 --- [restartedMain] com.login.MyFirstProjectApplication      : Starting MyFirstProjectApplication using Java 17.0.4 on MSI-XAVI with PID 8316 (C:\Xavi\Archivos\Trabajo\Universidad\FE\FullStack Web\SpringBoot\my-first-project8\target\classes started by Admin in C:\Xavi\Archivos\Trabajo\Universidad\FE\FullStack Web\SpringBoot\my-first-project8)
2022-09-14 13:34:18.783  INFO 8316 --- [restartedMain] com.login.MyFirstProjectApplication      : No active profile set, falling back to 1 default profile: "default"
2022-09-14 13:34:18.824  INFO 8316 --- [restartedMain] .e.DevToolsPropertyDefaultsPostProcessor : Devtools property defaults active! Set 'spring.devtools.add-properties' to 'false' to disable
2022-09-14 13:34:18.824  INFO 8316 --- [restartedMain] .e.DevToolsPropertyDefaultsPostProcessor : For additional web related logging consider setting the 'logging.level.web' property to 'DEBUG'
2022-09-14 13:34:19.585  INFO 8316 --- [restartedMain] o.s.b.w.embedded.tomcat.TomcatWebServer  : Tomcat initialized with port(s): 8080 (http)
2022-09-14 13:34:19.594  INFO 8316 --- [restartedMain] o.apache.catalina.core.StandardService   : Starting service [Tomcat]
2022-09-14 13:34:19.595  INFO 8316 --- [restartedMain] org.apache.catalina.core.StandardEngine  : Starting Servlet engine: [Apache Tomcat/9.0.65]
2022-09-14 13:34:19.664  INFO 8316 --- [restartedMain] o.a.c.c.C.[Tomcat].[localhost].[/]       : Initializing Spring embedded WebApplicationContext
2022-09-14 13:34:19.665  INFO 8316 --- [restartedMain] w.s.c.ServletWebServerApplicationContext : Root WebApplicationContext: initialization completed in 841 ms
2022-09-14 13:34:19.899  WARN 8316 --- [restartedMain] ConfigServletWebServerApplicationContext : Exception encountered during context initialization - cancelling refresh attempt: org.springframework.beans.factory.BeanCreationException: Error creating bean with name 'dataSource' defined in class path resource [org/springframework/boot/autoconfigure/jdbc/DataSourceConfiguration$Hikari.class]: Bean instantiation via factory method failed; nested exception is org.springframework.beans.BeanInstantiationException: Failed to instantiate [com.zaxxer.hikari.HikariDataSource]: Factory method 'dataSource' threw exception; nested exception is org.springframework.boot.autoconfigure.jdbc.DataSourceProperties$DataSourceBeanCreationException: Failed to determine a suitable driver class
2022-09-14 13:34:19.902  INFO 8316 --- [restartedMain] o.apache.catalina.core.StandardService   : Stopping service [Tomcat]
2022-09-14 13:34:19.917  INFO 8316 --- [restartedMain] ConditionEvaluationReportLoggingListener : 

Error starting ApplicationContext. To display the conditions report re-run your application with 'debug' enabled.
2022-09-14 13:34:19.935 ERROR 8316 --- [restartedMain] o.s.b.d.LoggingFailureAnalysisReporter   : 

***************************
APPLICATION FAILED TO START
***************************

Description:

Failed to configure a DataSource: 'url' attribute is not specified and no embedded datasource could be configured.

Reason: Failed to determine a suitable driver class


Action:

Consider the following:
	If you want an embedded database (H2, HSQL or Derby), please put it on the classpath.
	If you have database settings to be loaded from a particular profile you may need to activate it (no profiles are currently active).

2022-09-14 13:36:43.247  INFO 296 --- [restartedMain] com.login.MyFirstProjectApplication      : Starting MyFirstProjectApplication using Java 17.0.4 on MSI-XAVI with PID 296 (C:\Xavi\Archivos\Trabajo\Universidad\FE\FullStack Web\SpringBoot\my-first-project8\target\classes started by Admin in C:\Xavi\Archivos\Trabajo\Universidad\FE\FullStack Web\SpringBoot\my-first-project8)
2022-09-14 13:36:43.249  INFO 296 --- [restartedMain] com.login.MyFirstProjectApplication      : No active profile set, falling back to 1 default profile: "default"
2022-09-14 13:36:43.291  INFO 296 --- [restartedMain] .e.DevToolsPropertyDefaultsPostProcessor : Devtools property defaults active! Set 'spring.devtools.add-properties' to 'false' to disable
2022-09-14 13:36:43.292  INFO 296 --- [restartedMain] .e.DevToolsPropertyDefaultsPostProcessor : For additional web related logging consider setting the 'logging.level.web' property to 'DEBUG'
2022-09-14 13:36:44.043  INFO 296 --- [restartedMain] o.s.b.w.embedded.tomcat.TomcatWebServer  : Tomcat initialized with port(s): 8080 (http)
2022-09-14 13:36:44.051  INFO 296 --- [restartedMain] o.apache.catalina.core.StandardService   : Starting service [Tomcat]
2022-09-14 13:36:44.051  INFO 296 --- [restartedMain] org.apache.catalina.core.StandardEngine  : Starting Servlet engine: [Apache Tomcat/9.0.65]
2022-09-14 13:36:44.108  INFO 296 --- [restartedMain] o.a.c.c.C.[Tomcat].[localhost].[/]       : Initializing Spring embedded WebApplicationContext
2022-09-14 13:36:44.108  INFO 296 --- [restartedMain] w.s.c.ServletWebServerApplicationContext : Root WebApplicationContext: initialization completed in 816 ms
2022-09-14 13:36:44.334  WARN 296 --- [restartedMain] ConfigServletWebServerApplicationContext : Exception encountered during context initialization - cancelling refresh attempt: org.springframework.beans.factory.BeanCreationException: Error creating bean with name 'dataSource' defined in class path resource [org/springframework/boot/autoconfigure/jdbc/DataSourceConfiguration$Hikari.class]: Bean instantiation via factory method failed; nested exception is org.springframework.beans.BeanInstantiationException: Failed to instantiate [com.zaxxer.hikari.HikariDataSource]: Factory method 'dataSource' threw exception; nested exception is org.springframework.boot.autoconfigure.jdbc.DataSourceProperties$DataSourceBeanCreationException: Failed to determine a suitable driver class
2022-09-14 13:36:44.337  INFO 296 --- [restartedMain] o.apache.catalina.core.StandardService   : Stopping service [Tomcat]
2022-09-14 13:36:44.349  INFO 296 --- [restartedMain] ConditionEvaluationReportLoggingListener : 

Error starting ApplicationContext. To display the conditions report re-run your application with 'debug' enabled.
2022-09-14 13:36:44.366 ERROR 296 --- [restartedMain] o.s.b.d.LoggingFailureAnalysisReporter   : 

***************************
APPLICATION FAILED TO START
***************************

Description:

Failed to configure a DataSource: 'url' attribute is not specified and no embedded datasource could be configured.

Reason: Failed to determine a suitable driver class


Action:

Consider the following:
	If you want an embedded database (H2, HSQL or Derby), please put it on the classpath.
	If you have database settings to be loaded from a particular profile you may need to activate it (no profiles are currently active).

