2022-09-13 09:16:52.098  INFO 18980 --- [restartedMain] com.login.MyFirstProjectApplication      : Starting MyFirstProjectApplication using Java 17.0.4 on MSI-XAVI with PID 18980 (C:\Xavi\Archivos\Trabajo\Universidad\FE\FullStack Web\SpringBoot\my-first-project\target\classes started by Admin in C:\Xavi\Archivos\Trabajo\Universidad\FE\FullStack Web\SpringBoot\my-first-project)
2022-09-13 09:16:52.104  INFO 18980 --- [restartedMain] com.login.MyFirstProjectApplication      : No active profile set, falling back to 1 default profile: "default"
2022-09-13 09:16:52.149  INFO 18980 --- [restartedMain] .e.DevToolsPropertyDefaultsPostProcessor : Devtools property defaults active! Set 'spring.devtools.add-properties' to 'false' to disable
2022-09-13 09:16:52.149  INFO 18980 --- [restartedMain] .e.DevToolsPropertyDefaultsPostProcessor : For additional web related logging consider setting the 'logging.level.web' property to 'DEBUG'
2022-09-13 09:16:52.874  INFO 18980 --- [restartedMain] o.s.b.w.embedded.tomcat.TomcatWebServer  : Tomcat initialized with port(s): 8080 (http)
2022-09-13 09:16:52.884  INFO 18980 --- [restartedMain] o.apache.catalina.core.StandardService   : Starting service [Tomcat]
2022-09-13 09:16:52.884  INFO 18980 --- [restartedMain] org.apache.catalina.core.StandardEngine  : Starting Servlet engine: [Apache Tomcat/9.0.65]
2022-09-13 09:16:52.947  INFO 18980 --- [restartedMain] o.a.c.c.C.[Tomcat].[localhost].[/]       : Initializing Spring embedded WebApplicationContext
2022-09-13 09:16:52.947  INFO 18980 --- [restartedMain] w.s.c.ServletWebServerApplicationContext : Root WebApplicationContext: initialization completed in 797 ms
2022-09-13 09:16:53.219  INFO 18980 --- [restartedMain] o.s.b.d.a.OptionalLiveReloadServer       : LiveReload server is running on port 35729
2022-09-13 09:16:53.250  INFO 18980 --- [restartedMain] o.s.b.w.embedded.tomcat.TomcatWebServer  : Tomcat started on port(s): 8080 (http) with context path ''
2022-09-13 09:16:53.258  INFO 18980 --- [restartedMain] com.login.MyFirstProjectApplication      : Started MyFirstProjectApplication in 1.515 seconds (JVM running for 2.275)
2022-09-13 09:16:53.261  INFO 18980 --- [restartedMain] com.login.MyFirstProjectApplication      : An INFO Message
2022-09-13 09:16:53.261  WARN 18980 --- [restartedMain] com.login.MyFirstProjectApplication      : A WARN Message
2022-09-13 09:16:53.261 ERROR 18980 --- [restartedMain] com.login.MyFirstProjectApplication      : A ERROR Message
2022-09-13 09:17:01.365  INFO 18980 --- [http-nio-8080-exec-1] o.a.c.c.C.[Tomcat].[localhost].[/]       : Initializing Spring DispatcherServlet 'dispatcherServlet'
2022-09-13 09:17:01.365  INFO 18980 --- [http-nio-8080-exec-1] o.s.web.servlet.DispatcherServlet        : Initializing Servlet 'dispatcherServlet'
2022-09-13 09:17:01.366  INFO 18980 --- [http-nio-8080-exec-1] o.s.web.servlet.DispatcherServlet        : Completed initialization in 1 ms
2022-09-13 09:22:04.241  INFO 18980 --- [RMI TCP Connection(8)-127.0.0.1] inMXBeanRegistrar$SpringApplicationAdmin : Application shutdown requested.
2022-09-13 09:22:04.265  INFO 18980 --- [RMI TCP Connection(8)-127.0.0.1] o.apache.catalina.core.StandardService   : Stopping service [Tomcat]
2022-09-13 09:22:04.266  INFO 18980 --- [RMI TCP Connection(8)-127.0.0.1] o.a.c.c.C.[Tomcat].[localhost].[/]       : Destroying Spring FrameworkServlet 'dispatcherServlet'
2022-09-13 09:22:07.570  INFO 14300 --- [restartedMain] com.login.MyFirstProjectApplication      : Starting MyFirstProjectApplication using Java 17.0.4 on MSI-XAVI with PID 14300 (C:\Xavi\Archivos\Trabajo\Universidad\FE\FullStack Web\SpringBoot\my-first-project\target\classes started by Admin in C:\Xavi\Archivos\Trabajo\Universidad\FE\FullStack Web\SpringBoot\my-first-project)
2022-09-13 09:22:07.571  INFO 14300 --- [restartedMain] com.login.MyFirstProjectApplication      : No active profile set, falling back to 1 default profile: "default"
2022-09-13 09:22:07.607  INFO 14300 --- [restartedMain] .e.DevToolsPropertyDefaultsPostProcessor : Devtools property defaults active! Set 'spring.devtools.add-properties' to 'false' to disable
2022-09-13 09:22:07.607  INFO 14300 --- [restartedMain] .e.DevToolsPropertyDefaultsPostProcessor : For additional web related logging consider setting the 'logging.level.web' property to 'DEBUG'
2022-09-13 09:22:08.286  INFO 14300 --- [restartedMain] o.s.b.w.embedded.tomcat.TomcatWebServer  : Tomcat initialized with port(s): 8080 (http)
2022-09-13 09:22:08.295  INFO 14300 --- [restartedMain] o.apache.catalina.core.StandardService   : Starting service [Tomcat]
2022-09-13 09:22:08.296  INFO 14300 --- [restartedMain] org.apache.catalina.core.StandardEngine  : Starting Servlet engine: [Apache Tomcat/9.0.65]
2022-09-13 09:22:08.358  INFO 14300 --- [restartedMain] o.a.c.c.C.[Tomcat].[localhost].[/]       : Initializing Spring embedded WebApplicationContext
2022-09-13 09:22:08.359  INFO 14300 --- [restartedMain] w.s.c.ServletWebServerApplicationContext : Root WebApplicationContext: initialization completed in 751 ms
2022-09-13 09:22:08.588  INFO 14300 --- [restartedMain] o.s.b.d.a.OptionalLiveReloadServer       : LiveReload server is running on port 35729
2022-09-13 09:22:08.630  INFO 14300 --- [restartedMain] o.s.b.w.embedded.tomcat.TomcatWebServer  : Tomcat started on port(s): 8080 (http) with context path ''
2022-09-13 09:22:08.638  INFO 14300 --- [restartedMain] com.login.MyFirstProjectApplication      : Started MyFirstProjectApplication in 1.39 seconds (JVM running for 2.033)
2022-09-13 09:22:08.640  INFO 14300 --- [restartedMain] com.login.MyFirstProjectApplication      : An INFO Message
2022-09-13 09:22:08.640  WARN 14300 --- [restartedMain] com.login.MyFirstProjectApplication      : A WARN Message
2022-09-13 09:22:08.640 ERROR 14300 --- [restartedMain] com.login.MyFirstProjectApplication      : A ERROR Message
2022-09-13 09:22:11.922  INFO 14300 --- [http-nio-8080-exec-1] o.a.c.c.C.[Tomcat].[localhost].[/]       : Initializing Spring DispatcherServlet 'dispatcherServlet'
2022-09-13 09:22:11.922  INFO 14300 --- [http-nio-8080-exec-1] o.s.web.servlet.DispatcherServlet        : Initializing Servlet 'dispatcherServlet'
2022-09-13 09:22:11.923  INFO 14300 --- [http-nio-8080-exec-1] o.s.web.servlet.DispatcherServlet        : Completed initialization in 1 ms
2022-09-13 09:27:08.423  INFO 14300 --- [RMI TCP Connection(8)-127.0.0.1] inMXBeanRegistrar$SpringApplicationAdmin : Application shutdown requested.
2022-09-13 09:27:08.438  INFO 14300 --- [RMI TCP Connection(8)-127.0.0.1] o.apache.catalina.core.StandardService   : Stopping service [Tomcat]
2022-09-13 09:27:08.439  INFO 14300 --- [RMI TCP Connection(8)-127.0.0.1] o.a.c.c.C.[Tomcat].[localhost].[/]       : Destroying Spring FrameworkServlet 'dispatcherServlet'
2022-09-13 09:27:11.601  INFO 8308 --- [restartedMain] com.login.MyFirstProjectApplication      : Starting MyFirstProjectApplication using Java 17.0.4 on MSI-XAVI with PID 8308 (C:\Xavi\Archivos\Trabajo\Universidad\FE\FullStack Web\SpringBoot\my-first-project\target\classes started by Admin in C:\Xavi\Archivos\Trabajo\Universidad\FE\FullStack Web\SpringBoot\my-first-project)
2022-09-13 09:27:11.602  INFO 8308 --- [restartedMain] com.login.MyFirstProjectApplication      : No active profile set, falling back to 1 default profile: "default"
2022-09-13 09:27:11.638  INFO 8308 --- [restartedMain] .e.DevToolsPropertyDefaultsPostProcessor : Devtools property defaults active! Set 'spring.devtools.add-properties' to 'false' to disable
2022-09-13 09:27:11.638  INFO 8308 --- [restartedMain] .e.DevToolsPropertyDefaultsPostProcessor : For additional web related logging consider setting the 'logging.level.web' property to 'DEBUG'
2022-09-13 09:27:12.295  INFO 8308 --- [restartedMain] o.s.b.w.embedded.tomcat.TomcatWebServer  : Tomcat initialized with port(s): 8080 (http)
2022-09-13 09:27:12.302  INFO 8308 --- [restartedMain] o.apache.catalina.core.StandardService   : Starting service [Tomcat]
2022-09-13 09:27:12.303  INFO 8308 --- [restartedMain] org.apache.catalina.core.StandardEngine  : Starting Servlet engine: [Apache Tomcat/9.0.65]
2022-09-13 09:27:12.359  INFO 8308 --- [restartedMain] o.a.c.c.C.[Tomcat].[localhost].[/]       : Initializing Spring embedded WebApplicationContext
2022-09-13 09:27:12.360  INFO 8308 --- [restartedMain] w.s.c.ServletWebServerApplicationContext : Root WebApplicationContext: initialization completed in 722 ms
2022-09-13 09:27:12.594  INFO 8308 --- [restartedMain] o.s.b.d.a.OptionalLiveReloadServer       : LiveReload server is running on port 35729
2022-09-13 09:27:12.624  INFO 8308 --- [restartedMain] o.s.b.w.embedded.tomcat.TomcatWebServer  : Tomcat started on port(s): 8080 (http) with context path ''
2022-09-13 09:27:12.631  INFO 8308 --- [restartedMain] com.login.MyFirstProjectApplication      : Started MyFirstProjectApplication in 1.348 seconds (JVM running for 1.979)
2022-09-13 09:27:12.633  INFO 8308 --- [restartedMain] com.login.MyFirstProjectApplication      : An INFO Message
2022-09-13 09:27:12.633  WARN 8308 --- [restartedMain] com.login.MyFirstProjectApplication      : A WARN Message
2022-09-13 09:27:12.633 ERROR 8308 --- [restartedMain] com.login.MyFirstProjectApplication      : A ERROR Message
2022-09-13 09:27:15.605  INFO 8308 --- [http-nio-8080-exec-1] o.a.c.c.C.[Tomcat].[localhost].[/]       : Initializing Spring DispatcherServlet 'dispatcherServlet'
2022-09-13 09:27:15.605  INFO 8308 --- [http-nio-8080-exec-1] o.s.web.servlet.DispatcherServlet        : Initializing Servlet 'dispatcherServlet'
2022-09-13 09:27:15.606  INFO 8308 --- [http-nio-8080-exec-1] o.s.web.servlet.DispatcherServlet        : Completed initialization in 1 ms
2022-09-13 09:33:11.638  INFO 8308 --- [File Watcher] rtingClassPathChangeChangedEventListener : Restarting due to 1 class path change (0 additions, 0 deletions, 1 modification)
2022-09-13 09:33:11.672  INFO 8308 --- [Thread-5] o.apache.catalina.core.StandardService   : Stopping service [Tomcat]
2022-09-13 09:33:11.673  INFO 8308 --- [Thread-5] o.a.c.c.C.[Tomcat].[localhost].[/]       : Destroying Spring FrameworkServlet 'dispatcherServlet'
2022-09-13 09:33:11.748  INFO 8308 --- [restartedMain] com.login.MyFirstProjectApplication      : Starting MyFirstProjectApplication using Java 17.0.4 on MSI-XAVI with PID 8308 (C:\Xavi\Archivos\Trabajo\Universidad\FE\FullStack Web\SpringBoot\my-first-project\target\classes started by Admin in C:\Xavi\Archivos\Trabajo\Universidad\FE\FullStack Web\SpringBoot\my-first-project)
2022-09-13 09:33:11.748  INFO 8308 --- [restartedMain] com.login.MyFirstProjectApplication      : No active profile set, falling back to 1 default profile: "default"
2022-09-13 09:33:11.885  INFO 8308 --- [restartedMain] o.s.b.w.embedded.tomcat.TomcatWebServer  : Tomcat initialized with port(s): 8080 (http)
2022-09-13 09:33:11.886  INFO 8308 --- [restartedMain] o.apache.catalina.core.StandardService   : Starting service [Tomcat]
2022-09-13 09:33:11.886  INFO 8308 --- [restartedMain] org.apache.catalina.core.StandardEngine  : Starting Servlet engine: [Apache Tomcat/9.0.65]
2022-09-13 09:33:11.900  INFO 8308 --- [restartedMain] o.a.c.c.C.[Tomcat].[localhost].[/]       : Initializing Spring embedded WebApplicationContext
2022-09-13 09:33:11.901  INFO 8308 --- [restartedMain] w.s.c.ServletWebServerApplicationContext : Root WebApplicationContext: initialization completed in 151 ms
2022-09-13 09:33:11.945  INFO 8308 --- [restartedMain] o.s.b.d.a.OptionalLiveReloadServer       : LiveReload server is running on port 35729
2022-09-13 09:33:11.951  INFO 8308 --- [restartedMain] o.s.b.w.embedded.tomcat.TomcatWebServer  : Tomcat started on port(s): 8080 (http) with context path ''
2022-09-13 09:33:11.953  INFO 8308 --- [restartedMain] com.login.MyFirstProjectApplication      : Started MyFirstProjectApplication in 0.23 seconds (JVM running for 361.346)
2022-09-13 09:33:11.954  INFO 8308 --- [restartedMain] .ConditionEvaluationDeltaLoggingListener : Condition evaluation unchanged
2022-09-13 09:33:11.954  INFO 8308 --- [restartedMain] com.login.MyFirstProjectApplication      : An INFO Message
2022-09-13 09:33:11.955  WARN 8308 --- [restartedMain] com.login.MyFirstProjectApplication      : A WARN Message
2022-09-13 09:33:11.955 ERROR 8308 --- [restartedMain] com.login.MyFirstProjectApplication      : A ERROR Message
2022-09-13 09:33:13.626  INFO 8308 --- [http-nio-8080-exec-1] o.a.c.c.C.[Tomcat].[localhost].[/]       : Initializing Spring DispatcherServlet 'dispatcherServlet'
2022-09-13 09:33:13.626  INFO 8308 --- [http-nio-8080-exec-1] o.s.web.servlet.DispatcherServlet        : Initializing Servlet 'dispatcherServlet'
2022-09-13 09:33:13.627  INFO 8308 --- [http-nio-8080-exec-1] o.s.web.servlet.DispatcherServlet        : Completed initialization in 0 ms
2022-09-13 09:45:38.003  INFO 8308 --- [File Watcher] rtingClassPathChangeChangedEventListener : Restarting due to 2 class path changes (1 addition, 0 deletions, 1 modification)
2022-09-13 09:45:38.034  INFO 8308 --- [Thread-7] o.apache.catalina.core.StandardService   : Stopping service [Tomcat]
2022-09-13 09:45:38.034  INFO 8308 --- [Thread-7] o.a.c.c.C.[Tomcat].[localhost].[/]       : Destroying Spring FrameworkServlet 'dispatcherServlet'
2022-09-13 09:45:38.107  INFO 8308 --- [restartedMain] com.login.MyFirstProjectApplication      : Starting MyFirstProjectApplication using Java 17.0.4 on MSI-XAVI with PID 8308 (C:\Xavi\Archivos\Trabajo\Universidad\FE\FullStack Web\SpringBoot\my-first-project\target\classes started by Admin in C:\Xavi\Archivos\Trabajo\Universidad\FE\FullStack Web\SpringBoot\my-first-project)
2022-09-13 09:45:38.107  INFO 8308 --- [restartedMain] com.login.MyFirstProjectApplication      : No active profile set, falling back to 1 default profile: "default"
2022-09-13 09:45:38.224  INFO 8308 --- [restartedMain] o.s.b.w.embedded.tomcat.TomcatWebServer  : Tomcat initialized with port(s): 8080 (http)
2022-09-13 09:45:38.224  INFO 8308 --- [restartedMain] o.apache.catalina.core.StandardService   : Starting service [Tomcat]
2022-09-13 09:45:38.225  INFO 8308 --- [restartedMain] org.apache.catalina.core.StandardEngine  : Starting Servlet engine: [Apache Tomcat/9.0.65]
2022-09-13 09:45:38.240  INFO 8308 --- [restartedMain] o.a.c.c.C.[Tomcat].[localhost].[/]       : Initializing Spring embedded WebApplicationContext
2022-09-13 09:45:38.240  INFO 8308 --- [restartedMain] w.s.c.ServletWebServerApplicationContext : Root WebApplicationContext: initialization completed in 131 ms
2022-09-13 09:45:38.283  INFO 8308 --- [restartedMain] o.s.b.d.a.OptionalLiveReloadServer       : LiveReload server is running on port 35729
2022-09-13 09:45:38.289  INFO 8308 --- [restartedMain] o.s.b.w.embedded.tomcat.TomcatWebServer  : Tomcat started on port(s): 8080 (http) with context path ''
2022-09-13 09:45:38.292  INFO 8308 --- [restartedMain] com.login.MyFirstProjectApplication      : Started MyFirstProjectApplication in 0.21 seconds (JVM running for 1107.766)
2022-09-13 09:45:38.293  INFO 8308 --- [restartedMain] .ConditionEvaluationDeltaLoggingListener : Condition evaluation unchanged
2022-09-13 09:45:38.293  INFO 8308 --- [restartedMain] com.login.MyFirstProjectApplication      : An INFO Message
2022-09-13 09:45:38.293  WARN 8308 --- [restartedMain] com.login.MyFirstProjectApplication      : A WARN Message
2022-09-13 09:45:38.293 ERROR 8308 --- [restartedMain] com.login.MyFirstProjectApplication      : A ERROR Message
2022-09-13 09:50:46.133  INFO 8308 --- [RMI TCP Connection(31)-127.0.0.1] inMXBeanRegistrar$SpringApplicationAdmin : Application shutdown requested.
2022-09-13 09:50:46.167  INFO 8308 --- [RMI TCP Connection(31)-127.0.0.1] o.apache.catalina.core.StandardService   : Stopping service [Tomcat]
2022-09-13 09:50:50.596  INFO 17968 --- [restartedMain] com.login.MyFirstProjectApplication      : Starting MyFirstProjectApplication using Java 17.0.4 on MSI-XAVI with PID 17968 (C:\Xavi\Archivos\Trabajo\Universidad\FE\FullStack Web\SpringBoot\my-first-project\target\classes started by Admin in C:\Xavi\Archivos\Trabajo\Universidad\FE\FullStack Web\SpringBoot\my-first-project)
2022-09-13 09:50:50.597  INFO 17968 --- [restartedMain] com.login.MyFirstProjectApplication      : No active profile set, falling back to 1 default profile: "default"
2022-09-13 09:50:50.634  INFO 17968 --- [restartedMain] .e.DevToolsPropertyDefaultsPostProcessor : Devtools property defaults active! Set 'spring.devtools.add-properties' to 'false' to disable
2022-09-13 09:50:50.634  INFO 17968 --- [restartedMain] .e.DevToolsPropertyDefaultsPostProcessor : For additional web related logging consider setting the 'logging.level.web' property to 'DEBUG'
2022-09-13 09:50:51.303  INFO 17968 --- [restartedMain] o.s.b.w.embedded.tomcat.TomcatWebServer  : Tomcat initialized with port(s): 8080 (http)
2022-09-13 09:50:51.311  INFO 17968 --- [restartedMain] o.apache.catalina.core.StandardService   : Starting service [Tomcat]
2022-09-13 09:50:51.311  INFO 17968 --- [restartedMain] org.apache.catalina.core.StandardEngine  : Starting Servlet engine: [Apache Tomcat/9.0.65]
2022-09-13 09:50:51.380  INFO 17968 --- [restartedMain] o.a.c.c.C.[Tomcat].[localhost].[/]       : Initializing Spring embedded WebApplicationContext
2022-09-13 09:50:51.381  INFO 17968 --- [restartedMain] w.s.c.ServletWebServerApplicationContext : Root WebApplicationContext: initialization completed in 745 ms
2022-09-13 09:50:51.415  WARN 17968 --- [restartedMain] ConfigServletWebServerApplicationContext : Exception encountered during context initialization - cancelling refresh attempt: org.springframework.beans.factory.BeanCreationException: Error creating bean with name 'control1' defined in file [C:\Xavi\Archivos\Trabajo\Universidad\FE\FullStack Web\SpringBoot\my-first-project\target\classes\com\login\controllers\Control1.class]: Instantiation of bean failed; nested exception is org.springframework.beans.BeanInstantiationException: Failed to instantiate [com.login.controllers.Control1]: Constructor threw exception; nested exception is java.lang.Error: Unresolved compilation problems: 
	The public type Control1 must be defined in its own file
	The public type Control2 must be defined in its own file
	The public type Control3 must be defined in its own file
	Unexpected end of comment

2022-09-13 09:50:51.416  INFO 17968 --- [restartedMain] o.apache.catalina.core.StandardService   : Stopping service [Tomcat]
2022-09-13 09:50:51.425  INFO 17968 --- [restartedMain] ConditionEvaluationReportLoggingListener : 

Error starting ApplicationContext. To display the conditions report re-run your application with 'debug' enabled.
2022-09-13 09:50:51.447 ERROR 17968 --- [restartedMain] o.s.boot.SpringApplication               : Application run failed

org.springframework.beans.factory.BeanCreationException: Error creating bean with name 'control1' defined in file [C:\Xavi\Archivos\Trabajo\Universidad\FE\FullStack Web\SpringBoot\my-first-project\target\classes\com\login\controllers\Control1.class]: Instantiation of bean failed; nested exception is org.springframework.beans.BeanInstantiationException: Failed to instantiate [com.login.controllers.Control1]: Constructor threw exception; nested exception is java.lang.Error: Unresolved compilation problems: 
	The public type Control1 must be defined in its own file
	The public type Control2 must be defined in its own file
	The public type Control3 must be defined in its own file
	Unexpected end of comment

	at org.springframework.beans.factory.support.AbstractAutowireCapableBeanFactory.instantiateBean(AbstractAutowireCapableBeanFactory.java:1334) ~[spring-beans-5.3.22.jar:5.3.22]
	at org.springframework.beans.factory.support.AbstractAutowireCapableBeanFactory.createBeanInstance(AbstractAutowireCapableBeanFactory.java:1232) ~[spring-beans-5.3.22.jar:5.3.22]
	at org.springframework.beans.factory.support.AbstractAutowireCapableBeanFactory.doCreateBean(AbstractAutowireCapableBeanFactory.java:582) ~[spring-beans-5.3.22.jar:5.3.22]
	at org.springframework.beans.factory.support.AbstractAutowireCapableBeanFactory.createBean(AbstractAutowireCapableBeanFactory.java:542) ~[spring-beans-5.3.22.jar:5.3.22]
	at org.springframework.beans.factory.support.AbstractBeanFactory.lambda$doGetBean$0(AbstractBeanFactory.java:335) ~[spring-beans-5.3.22.jar:5.3.22]
	at org.springframework.beans.factory.support.DefaultSingletonBeanRegistry.getSingleton(DefaultSingletonBeanRegistry.java:234) ~[spring-beans-5.3.22.jar:5.3.22]
	at org.springframework.beans.factory.support.AbstractBeanFactory.doGetBean(AbstractBeanFactory.java:333) ~[spring-beans-5.3.22.jar:5.3.22]
	at org.springframework.beans.factory.support.AbstractBeanFactory.getBean(AbstractBeanFactory.java:208) ~[spring-beans-5.3.22.jar:5.3.22]
	at org.springframework.beans.factory.support.DefaultListableBeanFactory.preInstantiateSingletons(DefaultListableBeanFactory.java:955) ~[spring-beans-5.3.22.jar:5.3.22]
	at org.springframework.context.support.AbstractApplicationContext.finishBeanFactoryInitialization(AbstractApplicationContext.java:918) ~[spring-context-5.3.22.jar:5.3.22]
	at org.springframework.context.support.AbstractApplicationContext.refresh(AbstractApplicationContext.java:583) ~[spring-context-5.3.22.jar:5.3.22]
	at org.springframework.boot.web.servlet.context.ServletWebServerApplicationContext.refresh(ServletWebServerApplicationContext.java:147) ~[spring-boot-2.7.3.jar:2.7.3]
	at org.springframework.boot.SpringApplication.refresh(SpringApplication.java:734) ~[spring-boot-2.7.3.jar:2.7.3]
	at org.springframework.boot.SpringApplication.refreshContext(SpringApplication.java:408) ~[spring-boot-2.7.3.jar:2.7.3]
	at org.springframework.boot.SpringApplication.run(SpringApplication.java:308) ~[spring-boot-2.7.3.jar:2.7.3]
	at org.springframework.boot.SpringApplication.run(SpringApplication.java:1306) ~[spring-boot-2.7.3.jar:2.7.3]
	at org.springframework.boot.SpringApplication.run(SpringApplication.java:1295) ~[spring-boot-2.7.3.jar:2.7.3]
	at com.login.MyFirstProjectApplication.main(MyFirstProjectApplication.java:13) ~[classes/:na]
	at java.base/jdk.internal.reflect.NativeMethodAccessorImpl.invoke0(Native Method) ~[na:na]
	at java.base/jdk.internal.reflect.NativeMethodAccessorImpl.invoke(NativeMethodAccessorImpl.java:77) ~[na:na]
	at java.base/jdk.internal.reflect.DelegatingMethodAccessorImpl.invoke(DelegatingMethodAccessorImpl.java:43) ~[na:na]
	at java.base/java.lang.reflect.Method.invoke(Method.java:568) ~[na:na]
	at org.springframework.boot.devtools.restart.RestartLauncher.run(RestartLauncher.java:49) ~[spring-boot-devtools-2.7.3.jar:2.7.3]
Caused by: org.springframework.beans.BeanInstantiationException: Failed to instantiate [com.login.controllers.Control1]: Constructor threw exception; nested exception is java.lang.Error: Unresolved compilation problems: 
	The public type Control1 must be defined in its own file
	The public type Control2 must be defined in its own file
	The public type Control3 must be defined in its own file
	Unexpected end of comment

	at org.springframework.beans.BeanUtils.instantiateClass(BeanUtils.java:224) ~[spring-beans-5.3.22.jar:5.3.22]
	at org.springframework.beans.factory.support.SimpleInstantiationStrategy.instantiate(SimpleInstantiationStrategy.java:87) ~[spring-beans-5.3.22.jar:5.3.22]
	at org.springframework.beans.factory.support.AbstractAutowireCapableBeanFactory.instantiateBean(AbstractAutowireCapableBeanFactory.java:1326) ~[spring-beans-5.3.22.jar:5.3.22]
	... 22 common frames omitted
Caused by: java.lang.Error: Unresolved compilation problems: 
	The public type Control1 must be defined in its own file
	The public type Control2 must be defined in its own file
	The public type Control3 must be defined in its own file
	Unexpected end of comment

	at com.login.controllers.Control1.<init>(HomeController.java:11) ~[classes/:na]
	at java.base/jdk.internal.reflect.NativeConstructorAccessorImpl.newInstance0(Native Method) ~[na:na]
	at java.base/jdk.internal.reflect.NativeConstructorAccessorImpl.newInstance(NativeConstructorAccessorImpl.java:77) ~[na:na]
	at java.base/jdk.internal.reflect.DelegatingConstructorAccessorImpl.newInstance(DelegatingConstructorAccessorImpl.java:45) ~[na:na]
	at java.base/java.lang.reflect.Constructor.newInstanceWithCaller(Constructor.java:499) ~[na:na]
	at java.base/java.lang.reflect.Constructor.newInstance(Constructor.java:480) ~[na:na]
	at org.springframework.beans.BeanUtils.instantiateClass(BeanUtils.java:211) ~[spring-beans-5.3.22.jar:5.3.22]
	... 24 common frames omitted

2022-09-13 09:58:31.582  INFO 12328 --- [restartedMain] com.login.MyFirstProjectApplication      : Starting MyFirstProjectApplication using Java 17.0.4 on MSI-XAVI with PID 12328 (C:\Xavi\Archivos\Trabajo\Universidad\FE\FullStack Web\SpringBoot\my-first-project\target\classes started by Admin in C:\Xavi\Archivos\Trabajo\Universidad\FE\FullStack Web\SpringBoot\my-first-project)
2022-09-13 09:58:31.583  INFO 12328 --- [restartedMain] com.login.MyFirstProjectApplication      : No active profile set, falling back to 1 default profile: "default"
2022-09-13 09:58:31.619  INFO 12328 --- [restartedMain] .e.DevToolsPropertyDefaultsPostProcessor : Devtools property defaults active! Set 'spring.devtools.add-properties' to 'false' to disable
2022-09-13 09:58:31.619  INFO 12328 --- [restartedMain] .e.DevToolsPropertyDefaultsPostProcessor : For additional web related logging consider setting the 'logging.level.web' property to 'DEBUG'
2022-09-13 09:58:32.285  INFO 12328 --- [restartedMain] o.s.b.w.embedded.tomcat.TomcatWebServer  : Tomcat initialized with port(s): 8080 (http)
2022-09-13 09:58:32.293  INFO 12328 --- [restartedMain] o.apache.catalina.core.StandardService   : Starting service [Tomcat]
2022-09-13 09:58:32.293  INFO 12328 --- [restartedMain] org.apache.catalina.core.StandardEngine  : Starting Servlet engine: [Apache Tomcat/9.0.65]
2022-09-13 09:58:32.348  INFO 12328 --- [restartedMain] o.a.c.c.C.[Tomcat].[localhost].[/]       : Initializing Spring embedded WebApplicationContext
2022-09-13 09:58:32.349  INFO 12328 --- [restartedMain] w.s.c.ServletWebServerApplicationContext : Root WebApplicationContext: initialization completed in 729 ms
2022-09-13 09:58:32.586  INFO 12328 --- [restartedMain] o.s.b.d.a.OptionalLiveReloadServer       : LiveReload server is running on port 35729
2022-09-13 09:58:32.612  INFO 12328 --- [restartedMain] o.s.b.w.embedded.tomcat.TomcatWebServer  : Tomcat started on port(s): 8080 (http) with context path ''
2022-09-13 09:58:32.619  INFO 12328 --- [restartedMain] com.login.MyFirstProjectApplication      : Started MyFirstProjectApplication in 1.35 seconds (JVM running for 1.984)
2022-09-13 09:58:32.620  INFO 12328 --- [restartedMain] com.login.MyFirstProjectApplication      : An INFO Message
2022-09-13 09:58:32.620  WARN 12328 --- [restartedMain] com.login.MyFirstProjectApplication      : A WARN Message
2022-09-13 09:58:32.620 ERROR 12328 --- [restartedMain] com.login.MyFirstProjectApplication      : A ERROR Message
2022-09-13 09:58:37.185  INFO 12328 --- [http-nio-8080-exec-1] o.a.c.c.C.[Tomcat].[localhost].[/]       : Initializing Spring DispatcherServlet 'dispatcherServlet'
2022-09-13 09:58:37.186  INFO 12328 --- [http-nio-8080-exec-1] o.s.web.servlet.DispatcherServlet        : Initializing Servlet 'dispatcherServlet'
2022-09-13 09:58:37.187  INFO 12328 --- [http-nio-8080-exec-1] o.s.web.servlet.DispatcherServlet        : Completed initialization in 1 ms
2022-09-13 09:59:59.633  INFO 12328 --- [File Watcher] rtingClassPathChangeChangedEventListener : Restarting due to 1 class path change (0 additions, 0 deletions, 1 modification)
2022-09-13 09:59:59.677  INFO 12328 --- [Thread-5] o.apache.catalina.core.StandardService   : Stopping service [Tomcat]
2022-09-13 09:59:59.678  INFO 12328 --- [Thread-5] o.a.c.c.C.[Tomcat].[localhost].[/]       : Destroying Spring FrameworkServlet 'dispatcherServlet'
2022-09-13 09:59:59.750  INFO 12328 --- [restartedMain] com.login.MyFirstProjectApplication      : Starting MyFirstProjectApplication using Java 17.0.4 on MSI-XAVI with PID 12328 (C:\Xavi\Archivos\Trabajo\Universidad\FE\FullStack Web\SpringBoot\my-first-project\target\classes started by Admin in C:\Xavi\Archivos\Trabajo\Universidad\FE\FullStack Web\SpringBoot\my-first-project)
2022-09-13 09:59:59.751  INFO 12328 --- [restartedMain] com.login.MyFirstProjectApplication      : No active profile set, falling back to 1 default profile: "default"
2022-09-13 09:59:59.879  INFO 12328 --- [restartedMain] o.s.b.w.embedded.tomcat.TomcatWebServer  : Tomcat initialized with port(s): 8080 (http)
2022-09-13 09:59:59.879  INFO 12328 --- [restartedMain] o.apache.catalina.core.StandardService   : Starting service [Tomcat]
2022-09-13 09:59:59.879  INFO 12328 --- [restartedMain] org.apache.catalina.core.StandardEngine  : Starting Servlet engine: [Apache Tomcat/9.0.65]
2022-09-13 09:59:59.903  INFO 12328 --- [restartedMain] o.a.c.c.C.[Tomcat].[localhost].[/]       : Initializing Spring embedded WebApplicationContext
2022-09-13 09:59:59.903  INFO 12328 --- [restartedMain] w.s.c.ServletWebServerApplicationContext : Root WebApplicationContext: initialization completed in 150 ms
2022-09-13 09:59:59.949  INFO 12328 --- [restartedMain] o.s.b.d.a.OptionalLiveReloadServer       : LiveReload server is running on port 35729
2022-09-13 09:59:59.955  INFO 12328 --- [restartedMain] o.s.b.w.embedded.tomcat.TomcatWebServer  : Tomcat started on port(s): 8080 (http) with context path ''
2022-09-13 09:59:59.958  INFO 12328 --- [restartedMain] com.login.MyFirstProjectApplication      : Started MyFirstProjectApplication in 0.234 seconds (JVM running for 89.329)
2022-09-13 09:59:59.959  INFO 12328 --- [restartedMain] .ConditionEvaluationDeltaLoggingListener : Condition evaluation unchanged
2022-09-13 09:59:59.959  INFO 12328 --- [restartedMain] com.login.MyFirstProjectApplication      : An INFO Message
2022-09-13 09:59:59.959  WARN 12328 --- [restartedMain] com.login.MyFirstProjectApplication      : A WARN Message
2022-09-13 09:59:59.959 ERROR 12328 --- [restartedMain] com.login.MyFirstProjectApplication      : A ERROR Message
2022-09-13 10:00:03.441  INFO 12328 --- [File Watcher] rtingClassPathChangeChangedEventListener : Restarting due to 1 class path change (0 additions, 0 deletions, 1 modification)
2022-09-13 10:00:03.452  INFO 12328 --- [Thread-7] o.apache.catalina.core.StandardService   : Stopping service [Tomcat]
2022-09-13 10:00:03.514  INFO 12328 --- [restartedMain] com.login.MyFirstProjectApplication      : Starting MyFirstProjectApplication using Java 17.0.4 on MSI-XAVI with PID 12328 (C:\Xavi\Archivos\Trabajo\Universidad\FE\FullStack Web\SpringBoot\my-first-project\target\classes started by Admin in C:\Xavi\Archivos\Trabajo\Universidad\FE\FullStack Web\SpringBoot\my-first-project)
2022-09-13 10:00:03.514  INFO 12328 --- [restartedMain] com.login.MyFirstProjectApplication      : No active profile set, falling back to 1 default profile: "default"
2022-09-13 10:00:03.630  INFO 12328 --- [restartedMain] o.s.b.w.embedded.tomcat.TomcatWebServer  : Tomcat initialized with port(s): 8080 (http)
2022-09-13 10:00:03.630  INFO 12328 --- [restartedMain] o.apache.catalina.core.StandardService   : Starting service [Tomcat]
2022-09-13 10:00:03.631  INFO 12328 --- [restartedMain] org.apache.catalina.core.StandardEngine  : Starting Servlet engine: [Apache Tomcat/9.0.65]
2022-09-13 10:00:03.655  INFO 12328 --- [restartedMain] o.a.c.c.C.[Tomcat].[localhost].[/]       : Initializing Spring embedded WebApplicationContext
2022-09-13 10:00:03.656  INFO 12328 --- [restartedMain] w.s.c.ServletWebServerApplicationContext : Root WebApplicationContext: initialization completed in 140 ms
2022-09-13 10:00:03.696  INFO 12328 --- [restartedMain] o.s.b.d.a.OptionalLiveReloadServer       : LiveReload server is running on port 35729
2022-09-13 10:00:03.702  INFO 12328 --- [restartedMain] o.s.b.w.embedded.tomcat.TomcatWebServer  : Tomcat started on port(s): 8080 (http) with context path ''
2022-09-13 10:00:03.704  INFO 12328 --- [restartedMain] com.login.MyFirstProjectApplication      : Started MyFirstProjectApplication in 0.215 seconds (JVM running for 93.076)
2022-09-13 10:00:03.705  INFO 12328 --- [restartedMain] .ConditionEvaluationDeltaLoggingListener : Condition evaluation unchanged
2022-09-13 10:00:03.705  INFO 12328 --- [restartedMain] com.login.MyFirstProjectApplication      : An INFO Message
2022-09-13 10:00:03.705  WARN 12328 --- [restartedMain] com.login.MyFirstProjectApplication      : A WARN Message
2022-09-13 10:00:03.705 ERROR 12328 --- [restartedMain] com.login.MyFirstProjectApplication      : A ERROR Message
2022-09-13 10:00:06.182  INFO 12328 --- [File Watcher] rtingClassPathChangeChangedEventListener : Restarting due to 1 class path change (0 additions, 0 deletions, 1 modification)
2022-09-13 10:00:06.210  INFO 12328 --- [Thread-11] o.apache.catalina.core.StandardService   : Stopping service [Tomcat]
2022-09-13 10:00:06.270  INFO 12328 --- [restartedMain] com.login.MyFirstProjectApplication      : Starting MyFirstProjectApplication using Java 17.0.4 on MSI-XAVI with PID 12328 (C:\Xavi\Archivos\Trabajo\Universidad\FE\FullStack Web\SpringBoot\my-first-project\target\classes started by Admin in C:\Xavi\Archivos\Trabajo\Universidad\FE\FullStack Web\SpringBoot\my-first-project)
2022-09-13 10:00:06.270  INFO 12328 --- [restartedMain] com.login.MyFirstProjectApplication      : No active profile set, falling back to 1 default profile: "default"
2022-09-13 10:00:06.387  INFO 12328 --- [restartedMain] o.s.b.w.embedded.tomcat.TomcatWebServer  : Tomcat initialized with port(s): 8080 (http)
2022-09-13 10:00:06.388  INFO 12328 --- [restartedMain] o.apache.catalina.core.StandardService   : Starting service [Tomcat]
2022-09-13 10:00:06.388  INFO 12328 --- [restartedMain] org.apache.catalina.core.StandardEngine  : Starting Servlet engine: [Apache Tomcat/9.0.65]
2022-09-13 10:00:06.412  INFO 12328 --- [restartedMain] o.a.c.c.C.[Tomcat].[localhost].[/]       : Initializing Spring embedded WebApplicationContext
2022-09-13 10:00:06.412  INFO 12328 --- [restartedMain] w.s.c.ServletWebServerApplicationContext : Root WebApplicationContext: initialization completed in 140 ms
2022-09-13 10:00:06.448  INFO 12328 --- [restartedMain] o.s.b.d.a.OptionalLiveReloadServer       : LiveReload server is running on port 35729
2022-09-13 10:00:06.453  INFO 12328 --- [restartedMain] o.s.b.w.embedded.tomcat.TomcatWebServer  : Tomcat started on port(s): 8080 (http) with context path ''
2022-09-13 10:00:06.455  INFO 12328 --- [restartedMain] com.login.MyFirstProjectApplication      : Started MyFirstProjectApplication in 0.211 seconds (JVM running for 95.827)
2022-09-13 10:00:06.456  INFO 12328 --- [restartedMain] .ConditionEvaluationDeltaLoggingListener : Condition evaluation unchanged
2022-09-13 10:00:06.456  INFO 12328 --- [restartedMain] com.login.MyFirstProjectApplication      : An INFO Message
2022-09-13 10:00:06.456  WARN 12328 --- [restartedMain] com.login.MyFirstProjectApplication      : A WARN Message
2022-09-13 10:00:06.456 ERROR 12328 --- [restartedMain] com.login.MyFirstProjectApplication      : A ERROR Message
2022-09-13 10:00:10.268  INFO 12328 --- [http-nio-8080-exec-1] o.a.c.c.C.[Tomcat].[localhost].[/]       : Initializing Spring DispatcherServlet 'dispatcherServlet'
2022-09-13 10:00:10.268  INFO 12328 --- [http-nio-8080-exec-1] o.s.web.servlet.DispatcherServlet        : Initializing Servlet 'dispatcherServlet'
2022-09-13 10:00:10.269  INFO 12328 --- [http-nio-8080-exec-1] o.s.web.servlet.DispatcherServlet        : Completed initialization in 0 ms
2022-09-13 10:32:41.622  INFO 8972 --- [restartedMain] com.login.MyFirstProjectApplication      : Starting MyFirstProjectApplication using Java 17.0.4 on MSI-XAVI with PID 8972 (C:\Xavi\Archivos\Trabajo\Universidad\FE\FullStack Web\SpringBoot\my-first-project2\target\classes started by Admin in C:\Xavi\Archivos\Trabajo\Universidad\FE\FullStack Web\SpringBoot\my-first-project2)
2022-09-13 10:32:41.623  INFO 8972 --- [restartedMain] com.login.MyFirstProjectApplication      : No active profile set, falling back to 1 default profile: "default"
2022-09-13 10:32:41.660  INFO 8972 --- [restartedMain] .e.DevToolsPropertyDefaultsPostProcessor : Devtools property defaults active! Set 'spring.devtools.add-properties' to 'false' to disable
2022-09-13 10:32:41.660  INFO 8972 --- [restartedMain] .e.DevToolsPropertyDefaultsPostProcessor : For additional web related logging consider setting the 'logging.level.web' property to 'DEBUG'
2022-09-13 10:32:42.319  INFO 8972 --- [restartedMain] o.s.b.w.embedded.tomcat.TomcatWebServer  : Tomcat initialized with port(s): 8080 (http)
2022-09-13 10:32:42.331  INFO 8972 --- [restartedMain] o.apache.catalina.core.StandardService   : Starting service [Tomcat]
2022-09-13 10:32:42.331  INFO 8972 --- [restartedMain] org.apache.catalina.core.StandardEngine  : Starting Servlet engine: [Apache Tomcat/9.0.65]
2022-09-13 10:32:42.388  INFO 8972 --- [restartedMain] o.a.c.c.C.[Tomcat].[localhost].[/]       : Initializing Spring embedded WebApplicationContext
2022-09-13 10:32:42.388  INFO 8972 --- [restartedMain] w.s.c.ServletWebServerApplicationContext : Root WebApplicationContext: initialization completed in 728 ms
2022-09-13 10:32:42.420  WARN 8972 --- [restartedMain] ConfigServletWebServerApplicationContext : Exception encountered during context initialization - cancelling refresh attempt: org.springframework.beans.factory.BeanCreationException: Error creating bean with name 'homeController': Lookup method resolution failed; nested exception is java.lang.IllegalStateException: Failed to introspect Class [com.login.controllers.HomeController] from ClassLoader [org.springframework.boot.devtools.restart.classloader.RestartClassLoader@5dd29694]
2022-09-13 10:32:42.422  INFO 8972 --- [restartedMain] o.apache.catalina.core.StandardService   : Stopping service [Tomcat]
2022-09-13 10:32:42.431  INFO 8972 --- [restartedMain] ConditionEvaluationReportLoggingListener : 

Error starting ApplicationContext. To display the conditions report re-run your application with 'debug' enabled.
2022-09-13 10:32:42.453 ERROR 8972 --- [restartedMain] o.s.boot.SpringApplication               : Application run failed

org.springframework.beans.factory.BeanCreationException: Error creating bean with name 'homeController': Lookup method resolution failed; nested exception is java.lang.IllegalStateException: Failed to introspect Class [com.login.controllers.HomeController] from ClassLoader [org.springframework.boot.devtools.restart.classloader.RestartClassLoader@5dd29694]
	at org.springframework.beans.factory.annotation.AutowiredAnnotationBeanPostProcessor.determineCandidateConstructors(AutowiredAnnotationBeanPostProcessor.java:289) ~[spring-beans-5.3.22.jar:5.3.22]
	at org.springframework.beans.factory.support.AbstractAutowireCapableBeanFactory.determineConstructorsFromBeanPostProcessors(AbstractAutowireCapableBeanFactory.java:1302) ~[spring-beans-5.3.22.jar:5.3.22]
	at org.springframework.beans.factory.support.AbstractAutowireCapableBeanFactory.createBeanInstance(AbstractAutowireCapableBeanFactory.java:1219) ~[spring-beans-5.3.22.jar:5.3.22]
	at org.springframework.beans.factory.support.AbstractAutowireCapableBeanFactory.doCreateBean(AbstractAutowireCapableBeanFactory.java:582) ~[spring-beans-5.3.22.jar:5.3.22]
	at org.springframework.beans.factory.support.AbstractAutowireCapableBeanFactory.createBean(AbstractAutowireCapableBeanFactory.java:542) ~[spring-beans-5.3.22.jar:5.3.22]
	at org.springframework.beans.factory.support.AbstractBeanFactory.lambda$doGetBean$0(AbstractBeanFactory.java:335) ~[spring-beans-5.3.22.jar:5.3.22]
	at org.springframework.beans.factory.support.DefaultSingletonBeanRegistry.getSingleton(DefaultSingletonBeanRegistry.java:234) ~[spring-beans-5.3.22.jar:5.3.22]
	at org.springframework.beans.factory.support.AbstractBeanFactory.doGetBean(AbstractBeanFactory.java:333) ~[spring-beans-5.3.22.jar:5.3.22]
	at org.springframework.beans.factory.support.AbstractBeanFactory.getBean(AbstractBeanFactory.java:208) ~[spring-beans-5.3.22.jar:5.3.22]
	at org.springframework.beans.factory.support.DefaultListableBeanFactory.preInstantiateSingletons(DefaultListableBeanFactory.java:955) ~[spring-beans-5.3.22.jar:5.3.22]
	at org.springframework.context.support.AbstractApplicationContext.finishBeanFactoryInitialization(AbstractApplicationContext.java:918) ~[spring-context-5.3.22.jar:5.3.22]
	at org.springframework.context.support.AbstractApplicationContext.refresh(AbstractApplicationContext.java:583) ~[spring-context-5.3.22.jar:5.3.22]
	at org.springframework.boot.web.servlet.context.ServletWebServerApplicationContext.refresh(ServletWebServerApplicationContext.java:147) ~[spring-boot-2.7.3.jar:2.7.3]
	at org.springframework.boot.SpringApplication.refresh(SpringApplication.java:734) ~[spring-boot-2.7.3.jar:2.7.3]
	at org.springframework.boot.SpringApplication.refreshContext(SpringApplication.java:408) ~[spring-boot-2.7.3.jar:2.7.3]
	at org.springframework.boot.SpringApplication.run(SpringApplication.java:308) ~[spring-boot-2.7.3.jar:2.7.3]
	at org.springframework.boot.SpringApplication.run(SpringApplication.java:1306) ~[spring-boot-2.7.3.jar:2.7.3]
	at org.springframework.boot.SpringApplication.run(SpringApplication.java:1295) ~[spring-boot-2.7.3.jar:2.7.3]
	at com.login.MyFirstProjectApplication.main(MyFirstProjectApplication.java:13) ~[classes/:na]
	at java.base/jdk.internal.reflect.NativeMethodAccessorImpl.invoke0(Native Method) ~[na:na]
	at java.base/jdk.internal.reflect.NativeMethodAccessorImpl.invoke(NativeMethodAccessorImpl.java:77) ~[na:na]
	at java.base/jdk.internal.reflect.DelegatingMethodAccessorImpl.invoke(DelegatingMethodAccessorImpl.java:43) ~[na:na]
	at java.base/java.lang.reflect.Method.invoke(Method.java:568) ~[na:na]
	at org.springframework.boot.devtools.restart.RestartLauncher.run(RestartLauncher.java:49) ~[spring-boot-devtools-2.7.3.jar:2.7.3]
Caused by: java.lang.IllegalStateException: Failed to introspect Class [com.login.controllers.HomeController] from ClassLoader [org.springframework.boot.devtools.restart.classloader.RestartClassLoader@5dd29694]
	at org.springframework.util.ReflectionUtils.getDeclaredMethods(ReflectionUtils.java:485) ~[spring-core-5.3.22.jar:5.3.22]
	at org.springframework.util.ReflectionUtils.doWithLocalMethods(ReflectionUtils.java:321) ~[spring-core-5.3.22.jar:5.3.22]
	at org.springframework.beans.factory.annotation.AutowiredAnnotationBeanPostProcessor.determineCandidateConstructors(AutowiredAnnotationBeanPostProcessor.java:267) ~[spring-beans-5.3.22.jar:5.3.22]
	... 23 common frames omitted
Caused by: java.lang.NoClassDefFoundError: TextToJSON
	at java.base/java.lang.Class.getDeclaredMethods0(Native Method) ~[na:na]
	at java.base/java.lang.Class.privateGetDeclaredMethods(Class.java:3402) ~[na:na]
	at java.base/java.lang.Class.getDeclaredMethods(Class.java:2504) ~[na:na]
	at org.springframework.util.ReflectionUtils.getDeclaredMethods(ReflectionUtils.java:467) ~[spring-core-5.3.22.jar:5.3.22]
	... 25 common frames omitted
Caused by: java.lang.ClassNotFoundException: TextToJSON
	at java.base/jdk.internal.loader.BuiltinClassLoader.loadClass(BuiltinClassLoader.java:641) ~[na:na]
	at java.base/jdk.internal.loader.ClassLoaders$AppClassLoader.loadClass(ClassLoaders.java:188) ~[na:na]
	at java.base/java.lang.ClassLoader.loadClass(ClassLoader.java:520) ~[na:na]
	at java.base/java.lang.Class.forName0(Native Method) ~[na:na]
	at java.base/java.lang.Class.forName(Class.java:467) ~[na:na]
	at org.springframework.boot.devtools.restart.classloader.RestartClassLoader.loadClass(RestartClassLoader.java:145) ~[spring-boot-devtools-2.7.3.jar:2.7.3]
	at java.base/java.lang.ClassLoader.loadClass(ClassLoader.java:520) ~[na:na]
	... 29 common frames omitted

2022-09-13 10:37:48.167  INFO 12676 --- [restartedMain] com.login.MyFirstProjectApplication      : Starting MyFirstProjectApplication using Java 17.0.4 on MSI-XAVI with PID 12676 (C:\Xavi\Archivos\Trabajo\Universidad\FE\FullStack Web\SpringBoot\my-first-project2\target\classes started by Admin in C:\Xavi\Archivos\Trabajo\Universidad\FE\FullStack Web\SpringBoot\my-first-project2)
2022-09-13 10:37:48.168  INFO 12676 --- [restartedMain] com.login.MyFirstProjectApplication      : No active profile set, falling back to 1 default profile: "default"
2022-09-13 10:37:48.202  INFO 12676 --- [restartedMain] .e.DevToolsPropertyDefaultsPostProcessor : Devtools property defaults active! Set 'spring.devtools.add-properties' to 'false' to disable
2022-09-13 10:37:48.202  INFO 12676 --- [restartedMain] .e.DevToolsPropertyDefaultsPostProcessor : For additional web related logging consider setting the 'logging.level.web' property to 'DEBUG'
2022-09-13 10:37:48.860  INFO 12676 --- [restartedMain] o.s.b.w.embedded.tomcat.TomcatWebServer  : Tomcat initialized with port(s): 8080 (http)
2022-09-13 10:37:48.868  INFO 12676 --- [restartedMain] o.apache.catalina.core.StandardService   : Starting service [Tomcat]
2022-09-13 10:37:48.868  INFO 12676 --- [restartedMain] org.apache.catalina.core.StandardEngine  : Starting Servlet engine: [Apache Tomcat/9.0.65]
2022-09-13 10:37:48.926  INFO 12676 --- [restartedMain] o.a.c.c.C.[Tomcat].[localhost].[/]       : Initializing Spring embedded WebApplicationContext
2022-09-13 10:37:48.926  INFO 12676 --- [restartedMain] w.s.c.ServletWebServerApplicationContext : Root WebApplicationContext: initialization completed in 723 ms
2022-09-13 10:37:48.959  WARN 12676 --- [restartedMain] ConfigServletWebServerApplicationContext : Exception encountered during context initialization - cancelling refresh attempt: org.springframework.beans.factory.BeanCreationException: Error creating bean with name 'homeController': Lookup method resolution failed; nested exception is java.lang.IllegalStateException: Failed to introspect Class [com.login.controllers.HomeController] from ClassLoader [org.springframework.boot.devtools.restart.classloader.RestartClassLoader@5dd29694]
2022-09-13 10:37:48.961  INFO 12676 --- [restartedMain] o.apache.catalina.core.StandardService   : Stopping service [Tomcat]
2022-09-13 10:37:48.970  INFO 12676 --- [restartedMain] ConditionEvaluationReportLoggingListener : 

Error starting ApplicationContext. To display the conditions report re-run your application with 'debug' enabled.
2022-09-13 10:37:48.990 ERROR 12676 --- [restartedMain] o.s.boot.SpringApplication               : Application run failed

org.springframework.beans.factory.BeanCreationException: Error creating bean with name 'homeController': Lookup method resolution failed; nested exception is java.lang.IllegalStateException: Failed to introspect Class [com.login.controllers.HomeController] from ClassLoader [org.springframework.boot.devtools.restart.classloader.RestartClassLoader@5dd29694]
	at org.springframework.beans.factory.annotation.AutowiredAnnotationBeanPostProcessor.determineCandidateConstructors(AutowiredAnnotationBeanPostProcessor.java:289) ~[spring-beans-5.3.22.jar:5.3.22]
	at org.springframework.beans.factory.support.AbstractAutowireCapableBeanFactory.determineConstructorsFromBeanPostProcessors(AbstractAutowireCapableBeanFactory.java:1302) ~[spring-beans-5.3.22.jar:5.3.22]
	at org.springframework.beans.factory.support.AbstractAutowireCapableBeanFactory.createBeanInstance(AbstractAutowireCapableBeanFactory.java:1219) ~[spring-beans-5.3.22.jar:5.3.22]
	at org.springframework.beans.factory.support.AbstractAutowireCapableBeanFactory.doCreateBean(AbstractAutowireCapableBeanFactory.java:582) ~[spring-beans-5.3.22.jar:5.3.22]
	at org.springframework.beans.factory.support.AbstractAutowireCapableBeanFactory.createBean(AbstractAutowireCapableBeanFactory.java:542) ~[spring-beans-5.3.22.jar:5.3.22]
	at org.springframework.beans.factory.support.AbstractBeanFactory.lambda$doGetBean$0(AbstractBeanFactory.java:335) ~[spring-beans-5.3.22.jar:5.3.22]
	at org.springframework.beans.factory.support.DefaultSingletonBeanRegistry.getSingleton(DefaultSingletonBeanRegistry.java:234) ~[spring-beans-5.3.22.jar:5.3.22]
	at org.springframework.beans.factory.support.AbstractBeanFactory.doGetBean(AbstractBeanFactory.java:333) ~[spring-beans-5.3.22.jar:5.3.22]
	at org.springframework.beans.factory.support.AbstractBeanFactory.getBean(AbstractBeanFactory.java:208) ~[spring-beans-5.3.22.jar:5.3.22]
	at org.springframework.beans.factory.support.DefaultListableBeanFactory.preInstantiateSingletons(DefaultListableBeanFactory.java:955) ~[spring-beans-5.3.22.jar:5.3.22]
	at org.springframework.context.support.AbstractApplicationContext.finishBeanFactoryInitialization(AbstractApplicationContext.java:918) ~[spring-context-5.3.22.jar:5.3.22]
	at org.springframework.context.support.AbstractApplicationContext.refresh(AbstractApplicationContext.java:583) ~[spring-context-5.3.22.jar:5.3.22]
	at org.springframework.boot.web.servlet.context.ServletWebServerApplicationContext.refresh(ServletWebServerApplicationContext.java:147) ~[spring-boot-2.7.3.jar:2.7.3]
	at org.springframework.boot.SpringApplication.refresh(SpringApplication.java:734) ~[spring-boot-2.7.3.jar:2.7.3]
	at org.springframework.boot.SpringApplication.refreshContext(SpringApplication.java:408) ~[spring-boot-2.7.3.jar:2.7.3]
	at org.springframework.boot.SpringApplication.run(SpringApplication.java:308) ~[spring-boot-2.7.3.jar:2.7.3]
	at org.springframework.boot.SpringApplication.run(SpringApplication.java:1306) ~[spring-boot-2.7.3.jar:2.7.3]
	at org.springframework.boot.SpringApplication.run(SpringApplication.java:1295) ~[spring-boot-2.7.3.jar:2.7.3]
	at com.login.MyFirstProjectApplication.main(MyFirstProjectApplication.java:13) ~[classes/:na]
	at java.base/jdk.internal.reflect.NativeMethodAccessorImpl.invoke0(Native Method) ~[na:na]
	at java.base/jdk.internal.reflect.NativeMethodAccessorImpl.invoke(NativeMethodAccessorImpl.java:77) ~[na:na]
	at java.base/jdk.internal.reflect.DelegatingMethodAccessorImpl.invoke(DelegatingMethodAccessorImpl.java:43) ~[na:na]
	at java.base/java.lang.reflect.Method.invoke(Method.java:568) ~[na:na]
	at org.springframework.boot.devtools.restart.RestartLauncher.run(RestartLauncher.java:49) ~[spring-boot-devtools-2.7.3.jar:2.7.3]
Caused by: java.lang.IllegalStateException: Failed to introspect Class [com.login.controllers.HomeController] from ClassLoader [org.springframework.boot.devtools.restart.classloader.RestartClassLoader@5dd29694]
	at org.springframework.util.ReflectionUtils.getDeclaredMethods(ReflectionUtils.java:485) ~[spring-core-5.3.22.jar:5.3.22]
	at org.springframework.util.ReflectionUtils.doWithLocalMethods(ReflectionUtils.java:321) ~[spring-core-5.3.22.jar:5.3.22]
	at org.springframework.beans.factory.annotation.AutowiredAnnotationBeanPostProcessor.determineCandidateConstructors(AutowiredAnnotationBeanPostProcessor.java:267) ~[spring-beans-5.3.22.jar:5.3.22]
	... 23 common frames omitted
Caused by: java.lang.NoClassDefFoundError: TextToJSON
	at java.base/java.lang.Class.getDeclaredMethods0(Native Method) ~[na:na]
	at java.base/java.lang.Class.privateGetDeclaredMethods(Class.java:3402) ~[na:na]
	at java.base/java.lang.Class.getDeclaredMethods(Class.java:2504) ~[na:na]
	at org.springframework.util.ReflectionUtils.getDeclaredMethods(ReflectionUtils.java:467) ~[spring-core-5.3.22.jar:5.3.22]
	... 25 common frames omitted
Caused by: java.lang.ClassNotFoundException: TextToJSON
	at java.base/jdk.internal.loader.BuiltinClassLoader.loadClass(BuiltinClassLoader.java:641) ~[na:na]
	at java.base/jdk.internal.loader.ClassLoaders$AppClassLoader.loadClass(ClassLoaders.java:188) ~[na:na]
	at java.base/java.lang.ClassLoader.loadClass(ClassLoader.java:520) ~[na:na]
	at java.base/java.lang.Class.forName0(Native Method) ~[na:na]
	at java.base/java.lang.Class.forName(Class.java:467) ~[na:na]
	at org.springframework.boot.devtools.restart.classloader.RestartClassLoader.loadClass(RestartClassLoader.java:145) ~[spring-boot-devtools-2.7.3.jar:2.7.3]
	at java.base/java.lang.ClassLoader.loadClass(ClassLoader.java:520) ~[na:na]
	... 29 common frames omitted

2022-09-13 10:38:45.550  INFO 18604 --- [restartedMain] com.login.MyFirstProjectApplication      : Starting MyFirstProjectApplication using Java 17.0.4 on MSI-XAVI with PID 18604 (C:\Xavi\Archivos\Trabajo\Universidad\FE\FullStack Web\SpringBoot\my-first-project2\target\classes started by Admin in C:\Xavi\Archivos\Trabajo\Universidad\FE\FullStack Web\SpringBoot\my-first-project2)
2022-09-13 10:38:45.552  INFO 18604 --- [restartedMain] com.login.MyFirstProjectApplication      : No active profile set, falling back to 1 default profile: "default"
2022-09-13 10:38:45.587  INFO 18604 --- [restartedMain] .e.DevToolsPropertyDefaultsPostProcessor : Devtools property defaults active! Set 'spring.devtools.add-properties' to 'false' to disable
2022-09-13 10:38:45.587  INFO 18604 --- [restartedMain] .e.DevToolsPropertyDefaultsPostProcessor : For additional web related logging consider setting the 'logging.level.web' property to 'DEBUG'
2022-09-13 10:38:46.250  INFO 18604 --- [restartedMain] o.s.b.w.embedded.tomcat.TomcatWebServer  : Tomcat initialized with port(s): 8080 (http)
2022-09-13 10:38:46.259  INFO 18604 --- [restartedMain] o.apache.catalina.core.StandardService   : Starting service [Tomcat]
2022-09-13 10:38:46.259  INFO 18604 --- [restartedMain] org.apache.catalina.core.StandardEngine  : Starting Servlet engine: [Apache Tomcat/9.0.65]
2022-09-13 10:38:46.317  INFO 18604 --- [restartedMain] o.a.c.c.C.[Tomcat].[localhost].[/]       : Initializing Spring embedded WebApplicationContext
2022-09-13 10:38:46.318  INFO 18604 --- [restartedMain] w.s.c.ServletWebServerApplicationContext : Root WebApplicationContext: initialization completed in 730 ms
2022-09-13 10:38:46.563  INFO 18604 --- [restartedMain] o.s.b.d.a.OptionalLiveReloadServer       : LiveReload server is running on port 35729
2022-09-13 10:38:46.589  INFO 18604 --- [restartedMain] o.s.b.w.embedded.tomcat.TomcatWebServer  : Tomcat started on port(s): 8080 (http) with context path ''
2022-09-13 10:38:46.597  INFO 18604 --- [restartedMain] com.login.MyFirstProjectApplication      : Started MyFirstProjectApplication in 1.366 seconds (JVM running for 1.998)
2022-09-13 10:38:46.598  INFO 18604 --- [restartedMain] com.login.MyFirstProjectApplication      : An INFO Message
2022-09-13 10:38:46.599  WARN 18604 --- [restartedMain] com.login.MyFirstProjectApplication      : A WARN Message
2022-09-13 10:38:46.599 ERROR 18604 --- [restartedMain] com.login.MyFirstProjectApplication      : A ERROR Message
2022-09-13 10:38:58.441  INFO 18604 --- [http-nio-8080-exec-1] o.a.c.c.C.[Tomcat].[localhost].[/]       : Initializing Spring DispatcherServlet 'dispatcherServlet'
2022-09-13 10:38:58.442  INFO 18604 --- [http-nio-8080-exec-1] o.s.web.servlet.DispatcherServlet        : Initializing Servlet 'dispatcherServlet'
2022-09-13 10:38:58.442  INFO 18604 --- [http-nio-8080-exec-1] o.s.web.servlet.DispatcherServlet        : Completed initialization in 0 ms
2022-09-13 10:40:10.494  INFO 18604 --- [RMI TCP Connection(5)-127.0.0.1] inMXBeanRegistrar$SpringApplicationAdmin : Application shutdown requested.
2022-09-13 10:40:10.512  INFO 18604 --- [RMI TCP Connection(5)-127.0.0.1] o.apache.catalina.core.StandardService   : Stopping service [Tomcat]
2022-09-13 10:40:10.513  INFO 18604 --- [RMI TCP Connection(5)-127.0.0.1] o.a.c.c.C.[Tomcat].[localhost].[/]       : Destroying Spring FrameworkServlet 'dispatcherServlet'
2022-09-13 10:40:12.245  INFO 10100 --- [restartedMain] com.login.MyFirstProjectApplication      : Starting MyFirstProjectApplication using Java 17.0.4 on MSI-XAVI with PID 10100 (C:\Xavi\Archivos\Trabajo\Universidad\FE\FullStack Web\SpringBoot\my-first-project2\target\classes started by Admin in C:\Xavi\Archivos\Trabajo\Universidad\FE\FullStack Web\SpringBoot\my-first-project2)
2022-09-13 10:40:12.246  INFO 10100 --- [restartedMain] com.login.MyFirstProjectApplication      : No active profile set, falling back to 1 default profile: "default"
2022-09-13 10:40:12.281  INFO 10100 --- [restartedMain] .e.DevToolsPropertyDefaultsPostProcessor : Devtools property defaults active! Set 'spring.devtools.add-properties' to 'false' to disable
2022-09-13 10:40:12.281  INFO 10100 --- [restartedMain] .e.DevToolsPropertyDefaultsPostProcessor : For additional web related logging consider setting the 'logging.level.web' property to 'DEBUG'
2022-09-13 10:40:12.943  INFO 10100 --- [restartedMain] o.s.b.w.embedded.tomcat.TomcatWebServer  : Tomcat initialized with port(s): 8080 (http)
2022-09-13 10:40:12.950  INFO 10100 --- [restartedMain] o.apache.catalina.core.StandardService   : Starting service [Tomcat]
2022-09-13 10:40:12.951  INFO 10100 --- [restartedMain] org.apache.catalina.core.StandardEngine  : Starting Servlet engine: [Apache Tomcat/9.0.65]
2022-09-13 10:40:13.008  INFO 10100 --- [restartedMain] o.a.c.c.C.[Tomcat].[localhost].[/]       : Initializing Spring embedded WebApplicationContext
2022-09-13 10:40:13.009  INFO 10100 --- [restartedMain] w.s.c.ServletWebServerApplicationContext : Root WebApplicationContext: initialization completed in 728 ms
2022-09-13 10:40:13.242  INFO 10100 --- [restartedMain] o.s.b.d.a.OptionalLiveReloadServer       : LiveReload server is running on port 35729
2022-09-13 10:40:13.271  INFO 10100 --- [restartedMain] o.s.b.w.embedded.tomcat.TomcatWebServer  : Tomcat started on port(s): 8080 (http) with context path ''
2022-09-13 10:40:13.278  INFO 10100 --- [restartedMain] com.login.MyFirstProjectApplication      : Started MyFirstProjectApplication in 1.349 seconds (JVM running for 1.986)
2022-09-13 10:40:13.280  INFO 10100 --- [restartedMain] com.login.MyFirstProjectApplication      : An INFO Message
2022-09-13 10:40:13.280  WARN 10100 --- [restartedMain] com.login.MyFirstProjectApplication      : A WARN Message
2022-09-13 10:40:13.280 ERROR 10100 --- [restartedMain] com.login.MyFirstProjectApplication      : A ERROR Message
2022-09-13 10:40:17.478  INFO 10100 --- [http-nio-8080-exec-1] o.a.c.c.C.[Tomcat].[localhost].[/]       : Initializing Spring DispatcherServlet 'dispatcherServlet'
2022-09-13 10:40:17.479  INFO 10100 --- [http-nio-8080-exec-1] o.s.web.servlet.DispatcherServlet        : Initializing Servlet 'dispatcherServlet'
2022-09-13 10:40:17.479  INFO 10100 --- [http-nio-8080-exec-1] o.s.web.servlet.DispatcherServlet        : Completed initialization in 0 ms
2022-09-13 10:43:17.624  INFO 10100 --- [File Watcher] rtingClassPathChangeChangedEventListener : Restarting due to 1 class path change (0 additions, 0 deletions, 1 modification)
2022-09-13 10:43:17.640  INFO 10100 --- [Thread-5] o.apache.catalina.core.StandardService   : Stopping service [Tomcat]
2022-09-13 10:43:17.641  INFO 10100 --- [Thread-5] o.a.c.c.C.[Tomcat].[localhost].[/]       : Destroying Spring FrameworkServlet 'dispatcherServlet'
2022-09-13 10:43:17.704  INFO 10100 --- [restartedMain] com.login.MyFirstProjectApplication      : Starting MyFirstProjectApplication using Java 17.0.4 on MSI-XAVI with PID 10100 (C:\Xavi\Archivos\Trabajo\Universidad\FE\FullStack Web\SpringBoot\my-first-project2\target\classes started by Admin in C:\Xavi\Archivos\Trabajo\Universidad\FE\FullStack Web\SpringBoot\my-first-project2)
2022-09-13 10:43:17.704  INFO 10100 --- [restartedMain] com.login.MyFirstProjectApplication      : No active profile set, falling back to 1 default profile: "default"
2022-09-13 10:43:17.830  INFO 10100 --- [restartedMain] o.s.b.w.embedded.tomcat.TomcatWebServer  : Tomcat initialized with port(s): 8080 (http)
2022-09-13 10:43:17.830  INFO 10100 --- [restartedMain] o.apache.catalina.core.StandardService   : Starting service [Tomcat]
2022-09-13 10:43:17.830  INFO 10100 --- [restartedMain] org.apache.catalina.core.StandardEngine  : Starting Servlet engine: [Apache Tomcat/9.0.65]
2022-09-13 10:43:17.845  INFO 10100 --- [restartedMain] o.a.c.c.C.[Tomcat].[localhost].[/]       : Initializing Spring embedded WebApplicationContext
2022-09-13 10:43:17.845  INFO 10100 --- [restartedMain] w.s.c.ServletWebServerApplicationContext : Root WebApplicationContext: initialization completed in 139 ms
2022-09-13 10:43:17.914  INFO 10100 --- [restartedMain] o.s.b.d.a.OptionalLiveReloadServer       : LiveReload server is running on port 35729
2022-09-13 10:43:17.921  INFO 10100 --- [restartedMain] o.s.b.w.embedded.tomcat.TomcatWebServer  : Tomcat started on port(s): 8080 (http) with context path ''
2022-09-13 10:43:17.923  INFO 10100 --- [restartedMain] com.login.MyFirstProjectApplication      : Started MyFirstProjectApplication in 0.247 seconds (JVM running for 186.638)
2022-09-13 10:43:17.924  INFO 10100 --- [restartedMain] .ConditionEvaluationDeltaLoggingListener : Condition evaluation unchanged
2022-09-13 10:43:17.924  INFO 10100 --- [restartedMain] com.login.MyFirstProjectApplication      : An INFO Message
2022-09-13 10:43:17.925  WARN 10100 --- [restartedMain] com.login.MyFirstProjectApplication      : A WARN Message
2022-09-13 10:43:17.925 ERROR 10100 --- [restartedMain] com.login.MyFirstProjectApplication      : A ERROR Message
2022-09-13 10:43:23.261  INFO 10100 --- [http-nio-8080-exec-1] o.a.c.c.C.[Tomcat].[localhost].[/]       : Initializing Spring DispatcherServlet 'dispatcherServlet'
2022-09-13 10:43:23.262  INFO 10100 --- [http-nio-8080-exec-1] o.s.web.servlet.DispatcherServlet        : Initializing Servlet 'dispatcherServlet'
2022-09-13 10:43:23.263  INFO 10100 --- [http-nio-8080-exec-1] o.s.web.servlet.DispatcherServlet        : Completed initialization in 1 ms
2022-09-13 10:43:31.173  INFO 10100 --- [RMI TCP Connection(7)-127.0.0.1] inMXBeanRegistrar$SpringApplicationAdmin : Application shutdown requested.
2022-09-13 10:43:31.184  INFO 10100 --- [RMI TCP Connection(7)-127.0.0.1] o.apache.catalina.core.StandardService   : Stopping service [Tomcat]
2022-09-13 10:43:31.184  INFO 10100 --- [RMI TCP Connection(7)-127.0.0.1] o.a.c.c.C.[Tomcat].[localhost].[/]       : Destroying Spring FrameworkServlet 'dispatcherServlet'
2022-09-13 10:43:32.734  INFO 15500 --- [restartedMain] com.login.MyFirstProjectApplication      : Starting MyFirstProjectApplication using Java 17.0.4 on MSI-XAVI with PID 15500 (C:\Xavi\Archivos\Trabajo\Universidad\FE\FullStack Web\SpringBoot\my-first-project2\target\classes started by Admin in C:\Xavi\Archivos\Trabajo\Universidad\FE\FullStack Web\SpringBoot\my-first-project2)
2022-09-13 10:43:32.736  INFO 15500 --- [restartedMain] com.login.MyFirstProjectApplication      : No active profile set, falling back to 1 default profile: "default"
2022-09-13 10:43:32.773  INFO 15500 --- [restartedMain] .e.DevToolsPropertyDefaultsPostProcessor : Devtools property defaults active! Set 'spring.devtools.add-properties' to 'false' to disable
2022-09-13 10:43:32.773  INFO 15500 --- [restartedMain] .e.DevToolsPropertyDefaultsPostProcessor : For additional web related logging consider setting the 'logging.level.web' property to 'DEBUG'
2022-09-13 10:43:33.433  INFO 15500 --- [restartedMain] o.s.b.w.embedded.tomcat.TomcatWebServer  : Tomcat initialized with port(s): 8080 (http)
2022-09-13 10:43:33.445  INFO 15500 --- [restartedMain] o.apache.catalina.core.StandardService   : Starting service [Tomcat]
2022-09-13 10:43:33.445  INFO 15500 --- [restartedMain] org.apache.catalina.core.StandardEngine  : Starting Servlet engine: [Apache Tomcat/9.0.65]
2022-09-13 10:43:33.504  INFO 15500 --- [restartedMain] o.a.c.c.C.[Tomcat].[localhost].[/]       : Initializing Spring embedded WebApplicationContext
2022-09-13 10:43:33.505  INFO 15500 --- [restartedMain] w.s.c.ServletWebServerApplicationContext : Root WebApplicationContext: initialization completed in 730 ms
2022-09-13 10:43:33.735  INFO 15500 --- [restartedMain] o.s.b.d.a.OptionalLiveReloadServer       : LiveReload server is running on port 35729
2022-09-13 10:43:33.765  INFO 15500 --- [restartedMain] o.s.b.w.embedded.tomcat.TomcatWebServer  : Tomcat started on port(s): 8080 (http) with context path ''
2022-09-13 10:43:33.772  INFO 15500 --- [restartedMain] com.login.MyFirstProjectApplication      : Started MyFirstProjectApplication in 1.354 seconds (JVM running for 1.992)
2022-09-13 10:43:33.774  INFO 15500 --- [restartedMain] com.login.MyFirstProjectApplication      : An INFO Message
2022-09-13 10:43:33.774  WARN 15500 --- [restartedMain] com.login.MyFirstProjectApplication      : A WARN Message
2022-09-13 10:43:33.774 ERROR 15500 --- [restartedMain] com.login.MyFirstProjectApplication      : A ERROR Message
2022-09-13 10:43:37.373  INFO 15500 --- [http-nio-8080-exec-1] o.a.c.c.C.[Tomcat].[localhost].[/]       : Initializing Spring DispatcherServlet 'dispatcherServlet'
2022-09-13 10:43:37.373  INFO 15500 --- [http-nio-8080-exec-1] o.s.web.servlet.DispatcherServlet        : Initializing Servlet 'dispatcherServlet'
2022-09-13 10:43:37.374  INFO 15500 --- [http-nio-8080-exec-1] o.s.web.servlet.DispatcherServlet        : Completed initialization in 0 ms
2022-09-13 10:44:20.880  INFO 15500 --- [File Watcher] rtingClassPathChangeChangedEventListener : Restarting due to 3 class path changes (1 addition, 1 deletion, 1 modification)
2022-09-13 10:44:20.909  INFO 15500 --- [Thread-5] o.apache.catalina.core.StandardService   : Stopping service [Tomcat]
2022-09-13 10:44:20.910  INFO 15500 --- [Thread-5] o.a.c.c.C.[Tomcat].[localhost].[/]       : Destroying Spring FrameworkServlet 'dispatcherServlet'
2022-09-13 10:44:20.974  INFO 15500 --- [restartedMain] com.login.MyFirstProjectApplication      : Starting MyFirstProjectApplication using Java 17.0.4 on MSI-XAVI with PID 15500 (C:\Xavi\Archivos\Trabajo\Universidad\FE\FullStack Web\SpringBoot\my-first-project2\target\classes started by Admin in C:\Xavi\Archivos\Trabajo\Universidad\FE\FullStack Web\SpringBoot\my-first-project2)
2022-09-13 10:44:20.974  INFO 15500 --- [restartedMain] com.login.MyFirstProjectApplication      : No active profile set, falling back to 1 default profile: "default"
2022-09-13 10:44:21.101  INFO 15500 --- [restartedMain] o.s.b.w.embedded.tomcat.TomcatWebServer  : Tomcat initialized with port(s): 8080 (http)
2022-09-13 10:44:21.101  INFO 15500 --- [restartedMain] o.apache.catalina.core.StandardService   : Starting service [Tomcat]
2022-09-13 10:44:21.101  INFO 15500 --- [restartedMain] org.apache.catalina.core.StandardEngine  : Starting Servlet engine: [Apache Tomcat/9.0.65]
2022-09-13 10:44:21.117  INFO 15500 --- [restartedMain] o.a.c.c.C.[Tomcat].[localhost].[/]       : Initializing Spring embedded WebApplicationContext
2022-09-13 10:44:21.117  INFO 15500 --- [restartedMain] w.s.c.ServletWebServerApplicationContext : Root WebApplicationContext: initialization completed in 141 ms
2022-09-13 10:44:21.173  INFO 15500 --- [restartedMain] o.s.b.d.a.OptionalLiveReloadServer       : LiveReload server is running on port 35729
2022-09-13 10:44:21.182  INFO 15500 --- [restartedMain] o.s.b.w.embedded.tomcat.TomcatWebServer  : Tomcat started on port(s): 8080 (http) with context path ''
2022-09-13 10:44:21.185  INFO 15500 --- [restartedMain] com.login.MyFirstProjectApplication      : Started MyFirstProjectApplication in 0.237 seconds (JVM running for 49.406)
2022-09-13 10:44:21.186  INFO 15500 --- [restartedMain] .ConditionEvaluationDeltaLoggingListener : Condition evaluation unchanged
2022-09-13 10:44:21.186  INFO 15500 --- [restartedMain] com.login.MyFirstProjectApplication      : An INFO Message
2022-09-13 10:44:21.186  WARN 15500 --- [restartedMain] com.login.MyFirstProjectApplication      : A WARN Message
2022-09-13 10:44:21.186 ERROR 15500 --- [restartedMain] com.login.MyFirstProjectApplication      : A ERROR Message
2022-09-13 10:44:24.053  INFO 15500 --- [http-nio-8080-exec-1] o.a.c.c.C.[Tomcat].[localhost].[/]       : Initializing Spring DispatcherServlet 'dispatcherServlet'
2022-09-13 10:44:24.053  INFO 15500 --- [http-nio-8080-exec-1] o.s.web.servlet.DispatcherServlet        : Initializing Servlet 'dispatcherServlet'
2022-09-13 10:44:24.054  INFO 15500 --- [http-nio-8080-exec-1] o.s.web.servlet.DispatcherServlet        : Completed initialization in 0 ms
2022-09-13 10:44:25.924  INFO 15500 --- [RMI TCP Connection(4)-127.0.0.1] inMXBeanRegistrar$SpringApplicationAdmin : Application shutdown requested.
2022-09-13 10:44:25.937  INFO 15500 --- [RMI TCP Connection(4)-127.0.0.1] o.apache.catalina.core.StandardService   : Stopping service [Tomcat]
2022-09-13 10:44:25.938  INFO 15500 --- [RMI TCP Connection(4)-127.0.0.1] o.a.c.c.C.[Tomcat].[localhost].[/]       : Destroying Spring FrameworkServlet 'dispatcherServlet'
2022-09-13 10:44:27.486  INFO 12760 --- [restartedMain] com.login.MyFirstProjectApplication      : Starting MyFirstProjectApplication using Java 17.0.4 on MSI-XAVI with PID 12760 (C:\Xavi\Archivos\Trabajo\Universidad\FE\FullStack Web\SpringBoot\my-first-project2\target\classes started by Admin in C:\Xavi\Archivos\Trabajo\Universidad\FE\FullStack Web\SpringBoot\my-first-project2)
2022-09-13 10:44:27.487  INFO 12760 --- [restartedMain] com.login.MyFirstProjectApplication      : No active profile set, falling back to 1 default profile: "default"
2022-09-13 10:44:27.528  INFO 12760 --- [restartedMain] .e.DevToolsPropertyDefaultsPostProcessor : Devtools property defaults active! Set 'spring.devtools.add-properties' to 'false' to disable
2022-09-13 10:44:27.529  INFO 12760 --- [restartedMain] .e.DevToolsPropertyDefaultsPostProcessor : For additional web related logging consider setting the 'logging.level.web' property to 'DEBUG'
2022-09-13 10:44:28.182  INFO 12760 --- [restartedMain] o.s.b.w.embedded.tomcat.TomcatWebServer  : Tomcat initialized with port(s): 8080 (http)
2022-09-13 10:44:28.190  INFO 12760 --- [restartedMain] o.apache.catalina.core.StandardService   : Starting service [Tomcat]
2022-09-13 10:44:28.191  INFO 12760 --- [restartedMain] org.apache.catalina.core.StandardEngine  : Starting Servlet engine: [Apache Tomcat/9.0.65]
2022-09-13 10:44:28.250  INFO 12760 --- [restartedMain] o.a.c.c.C.[Tomcat].[localhost].[/]       : Initializing Spring embedded WebApplicationContext
2022-09-13 10:44:28.250  INFO 12760 --- [restartedMain] w.s.c.ServletWebServerApplicationContext : Root WebApplicationContext: initialization completed in 721 ms
2022-09-13 10:44:28.489  INFO 12760 --- [restartedMain] o.s.b.d.a.OptionalLiveReloadServer       : LiveReload server is running on port 35729
2022-09-13 10:44:28.520  INFO 12760 --- [restartedMain] o.s.b.w.embedded.tomcat.TomcatWebServer  : Tomcat started on port(s): 8080 (http) with context path ''
2022-09-13 10:44:28.527  INFO 12760 --- [restartedMain] com.login.MyFirstProjectApplication      : Started MyFirstProjectApplication in 1.355 seconds (JVM running for 1.995)
2022-09-13 10:44:28.529  INFO 12760 --- [restartedMain] com.login.MyFirstProjectApplication      : An INFO Message
2022-09-13 10:44:28.530  WARN 12760 --- [restartedMain] com.login.MyFirstProjectApplication      : A WARN Message
2022-09-13 10:44:28.530 ERROR 12760 --- [restartedMain] com.login.MyFirstProjectApplication      : A ERROR Message
2022-09-13 10:44:30.469  INFO 12760 --- [http-nio-8080-exec-1] o.a.c.c.C.[Tomcat].[localhost].[/]       : Initializing Spring DispatcherServlet 'dispatcherServlet'
2022-09-13 10:44:30.470  INFO 12760 --- [http-nio-8080-exec-1] o.s.web.servlet.DispatcherServlet        : Initializing Servlet 'dispatcherServlet'
2022-09-13 10:44:30.470  INFO 12760 --- [http-nio-8080-exec-1] o.s.web.servlet.DispatcherServlet        : Completed initialization in 0 ms
2022-09-13 10:48:11.380  INFO 12760 --- [RMI TCP Connection(7)-127.0.0.1] inMXBeanRegistrar$SpringApplicationAdmin : Application shutdown requested.
2022-09-13 10:48:11.397  INFO 12760 --- [RMI TCP Connection(7)-127.0.0.1] o.apache.catalina.core.StandardService   : Stopping service [Tomcat]
2022-09-13 10:48:11.399  INFO 12760 --- [RMI TCP Connection(7)-127.0.0.1] o.a.c.c.C.[Tomcat].[localhost].[/]       : Destroying Spring FrameworkServlet 'dispatcherServlet'
2022-09-13 10:48:13.134  INFO 7504 --- [restartedMain] com.login.MyFirstProjectApplication      : Starting MyFirstProjectApplication using Java 17.0.4 on MSI-XAVI with PID 7504 (C:\Xavi\Archivos\Trabajo\Universidad\FE\FullStack Web\SpringBoot\my-first-project2\target\classes started by Admin in C:\Xavi\Archivos\Trabajo\Universidad\FE\FullStack Web\SpringBoot\my-first-project2)
2022-09-13 10:48:13.135  INFO 7504 --- [restartedMain] com.login.MyFirstProjectApplication      : No active profile set, falling back to 1 default profile: "default"
2022-09-13 10:48:13.172  INFO 7504 --- [restartedMain] .e.DevToolsPropertyDefaultsPostProcessor : Devtools property defaults active! Set 'spring.devtools.add-properties' to 'false' to disable
2022-09-13 10:48:13.172  INFO 7504 --- [restartedMain] .e.DevToolsPropertyDefaultsPostProcessor : For additional web related logging consider setting the 'logging.level.web' property to 'DEBUG'
2022-09-13 10:48:13.840  INFO 7504 --- [restartedMain] o.s.b.w.embedded.tomcat.TomcatWebServer  : Tomcat initialized with port(s): 8080 (http)
2022-09-13 10:48:13.848  INFO 7504 --- [restartedMain] o.apache.catalina.core.StandardService   : Starting service [Tomcat]
2022-09-13 10:48:13.849  INFO 7504 --- [restartedMain] org.apache.catalina.core.StandardEngine  : Starting Servlet engine: [Apache Tomcat/9.0.65]
2022-09-13 10:48:13.909  INFO 7504 --- [restartedMain] o.a.c.c.C.[Tomcat].[localhost].[/]       : Initializing Spring embedded WebApplicationContext
2022-09-13 10:48:13.909  INFO 7504 --- [restartedMain] w.s.c.ServletWebServerApplicationContext : Root WebApplicationContext: initialization completed in 736 ms
2022-09-13 10:48:14.151  INFO 7504 --- [restartedMain] o.s.b.d.a.OptionalLiveReloadServer       : LiveReload server is running on port 35729
2022-09-13 10:48:14.185  INFO 7504 --- [restartedMain] o.s.b.w.embedded.tomcat.TomcatWebServer  : Tomcat started on port(s): 8080 (http) with context path ''
2022-09-13 10:48:14.193  INFO 7504 --- [restartedMain] com.login.MyFirstProjectApplication      : Started MyFirstProjectApplication in 1.378 seconds (JVM running for 2.009)
2022-09-13 10:48:14.195  INFO 7504 --- [restartedMain] com.login.MyFirstProjectApplication      : An INFO Message
2022-09-13 10:48:14.195  WARN 7504 --- [restartedMain] com.login.MyFirstProjectApplication      : A WARN Message
2022-09-13 10:48:14.195 ERROR 7504 --- [restartedMain] com.login.MyFirstProjectApplication      : A ERROR Message
2022-09-13 10:48:16.560  INFO 7504 --- [http-nio-8080-exec-1] o.a.c.c.C.[Tomcat].[localhost].[/]       : Initializing Spring DispatcherServlet 'dispatcherServlet'
2022-09-13 10:48:16.560  INFO 7504 --- [http-nio-8080-exec-1] o.s.web.servlet.DispatcherServlet        : Initializing Servlet 'dispatcherServlet'
2022-09-13 10:48:16.561  INFO 7504 --- [http-nio-8080-exec-1] o.s.web.servlet.DispatcherServlet        : Completed initialization in 1 ms
2022-09-13 10:48:43.187  INFO 7504 --- [RMI TCP Connection(4)-127.0.0.1] inMXBeanRegistrar$SpringApplicationAdmin : Application shutdown requested.
2022-09-13 10:48:43.202  INFO 7504 --- [RMI TCP Connection(4)-127.0.0.1] o.apache.catalina.core.StandardService   : Stopping service [Tomcat]
2022-09-13 10:48:43.203  INFO 7504 --- [RMI TCP Connection(4)-127.0.0.1] o.a.c.c.C.[Tomcat].[localhost].[/]       : Destroying Spring FrameworkServlet 'dispatcherServlet'
2022-09-13 10:48:44.919  INFO 15904 --- [restartedMain] com.login.MyFirstProjectApplication      : Starting MyFirstProjectApplication using Java 17.0.4 on MSI-XAVI with PID 15904 (C:\Xavi\Archivos\Trabajo\Universidad\FE\FullStack Web\SpringBoot\my-first-project2\target\classes started by Admin in C:\Xavi\Archivos\Trabajo\Universidad\FE\FullStack Web\SpringBoot\my-first-project2)
2022-09-13 10:48:44.920  INFO 15904 --- [restartedMain] com.login.MyFirstProjectApplication      : No active profile set, falling back to 1 default profile: "default"
2022-09-13 10:48:44.955  INFO 15904 --- [restartedMain] .e.DevToolsPropertyDefaultsPostProcessor : Devtools property defaults active! Set 'spring.devtools.add-properties' to 'false' to disable
2022-09-13 10:48:44.955  INFO 15904 --- [restartedMain] .e.DevToolsPropertyDefaultsPostProcessor : For additional web related logging consider setting the 'logging.level.web' property to 'DEBUG'
2022-09-13 10:48:45.615  INFO 15904 --- [restartedMain] o.s.b.w.embedded.tomcat.TomcatWebServer  : Tomcat initialized with port(s): 8080 (http)
2022-09-13 10:48:45.623  INFO 15904 --- [restartedMain] o.apache.catalina.core.StandardService   : Starting service [Tomcat]
2022-09-13 10:48:45.623  INFO 15904 --- [restartedMain] org.apache.catalina.core.StandardEngine  : Starting Servlet engine: [Apache Tomcat/9.0.65]
2022-09-13 10:48:45.679  INFO 15904 --- [restartedMain] o.a.c.c.C.[Tomcat].[localhost].[/]       : Initializing Spring embedded WebApplicationContext
2022-09-13 10:48:45.680  INFO 15904 --- [restartedMain] w.s.c.ServletWebServerApplicationContext : Root WebApplicationContext: initialization completed in 723 ms
2022-09-13 10:48:45.911  INFO 15904 --- [restartedMain] o.s.b.d.a.OptionalLiveReloadServer       : LiveReload server is running on port 35729
2022-09-13 10:48:45.943  INFO 15904 --- [restartedMain] o.s.b.w.embedded.tomcat.TomcatWebServer  : Tomcat started on port(s): 8080 (http) with context path ''
2022-09-13 10:48:45.950  INFO 15904 --- [restartedMain] com.login.MyFirstProjectApplication      : Started MyFirstProjectApplication in 1.344 seconds (JVM running for 1.957)
2022-09-13 10:48:45.952  INFO 15904 --- [restartedMain] com.login.MyFirstProjectApplication      : An INFO Message
2022-09-13 10:48:45.952  WARN 15904 --- [restartedMain] com.login.MyFirstProjectApplication      : A WARN Message
2022-09-13 10:48:45.952 ERROR 15904 --- [restartedMain] com.login.MyFirstProjectApplication      : A ERROR Message
2022-09-13 10:48:48.851  INFO 15904 --- [http-nio-8080-exec-1] o.a.c.c.C.[Tomcat].[localhost].[/]       : Initializing Spring DispatcherServlet 'dispatcherServlet'
2022-09-13 10:48:48.851  INFO 15904 --- [http-nio-8080-exec-1] o.s.web.servlet.DispatcherServlet        : Initializing Servlet 'dispatcherServlet'
2022-09-13 10:48:48.852  INFO 15904 --- [http-nio-8080-exec-1] o.s.web.servlet.DispatcherServlet        : Completed initialization in 0 ms
2022-09-13 10:49:03.130  INFO 15904 --- [RMI TCP Connection(2)-127.0.0.1] inMXBeanRegistrar$SpringApplicationAdmin : Application shutdown requested.
2022-09-13 10:49:03.146  INFO 15904 --- [RMI TCP Connection(2)-127.0.0.1] o.apache.catalina.core.StandardService   : Stopping service [Tomcat]
2022-09-13 10:49:03.148  INFO 15904 --- [RMI TCP Connection(2)-127.0.0.1] o.a.c.c.C.[Tomcat].[localhost].[/]       : Destroying Spring FrameworkServlet 'dispatcherServlet'
2022-09-13 12:02:12.009  INFO 9672 --- [restartedMain] com.login.MyFirstProjectApplication      : Starting MyFirstProjectApplication using Java 17.0.4 on MSI-XAVI with PID 9672 (C:\Xavi\Archivos\Trabajo\Universidad\FE\FullStack Web\SpringBoot\my-first-project2\target\classes started by Admin in C:\Xavi\Archivos\Trabajo\Universidad\FE\FullStack Web\SpringBoot\my-first-project2)
2022-09-13 12:02:12.010  INFO 9672 --- [restartedMain] com.login.MyFirstProjectApplication      : No active profile set, falling back to 1 default profile: "default"
2022-09-13 12:02:12.047  INFO 9672 --- [restartedMain] .e.DevToolsPropertyDefaultsPostProcessor : Devtools property defaults active! Set 'spring.devtools.add-properties' to 'false' to disable
2022-09-13 12:02:12.048  INFO 9672 --- [restartedMain] .e.DevToolsPropertyDefaultsPostProcessor : For additional web related logging consider setting the 'logging.level.web' property to 'DEBUG'
2022-09-13 12:02:12.738  INFO 9672 --- [restartedMain] o.s.b.w.embedded.tomcat.TomcatWebServer  : Tomcat initialized with port(s): 8080 (http)
2022-09-13 12:02:12.746  INFO 9672 --- [restartedMain] o.apache.catalina.core.StandardService   : Starting service [Tomcat]
2022-09-13 12:02:12.746  INFO 9672 --- [restartedMain] org.apache.catalina.core.StandardEngine  : Starting Servlet engine: [Apache Tomcat/9.0.65]
2022-09-13 12:02:12.807  INFO 9672 --- [restartedMain] o.a.c.c.C.[Tomcat].[localhost].[/]       : Initializing Spring embedded WebApplicationContext
2022-09-13 12:02:12.807  INFO 9672 --- [restartedMain] w.s.c.ServletWebServerApplicationContext : Root WebApplicationContext: initialization completed in 759 ms
2022-09-13 12:02:13.048  WARN 9672 --- [restartedMain] o.s.b.d.a.OptionalLiveReloadServer       : Unable to start LiveReload server
2022-09-13 12:02:13.062  WARN 9672 --- [restartedMain] ConfigServletWebServerApplicationContext : Exception encountered during context initialization - cancelling refresh attempt: org.springframework.context.ApplicationContextException: Failed to start bean 'webServerStartStop'; nested exception is org.springframework.boot.web.server.PortInUseException: Port 8080 is already in use
2022-09-13 12:02:13.065  INFO 9672 --- [restartedMain] o.apache.catalina.core.StandardService   : Stopping service [Tomcat]
2022-09-13 12:02:13.074  INFO 9672 --- [restartedMain] ConditionEvaluationReportLoggingListener : 

Error starting ApplicationContext. To display the conditions report re-run your application with 'debug' enabled.
2022-09-13 12:02:13.091 ERROR 9672 --- [restartedMain] o.s.b.d.LoggingFailureAnalysisReporter   : 

***************************
APPLICATION FAILED TO START
***************************

Description:

Web server failed to start. Port 8080 was already in use.

Action:

Identify and stop the process that's listening on port 8080 or configure this application to listen on another port.

2022-09-13 12:02:18.110  INFO 21224 --- [restartedMain] com.login.MyFirstProjectApplication      : Starting MyFirstProjectApplication using Java 17.0.4 on MSI-XAVI with PID 21224 (C:\Xavi\Archivos\Trabajo\Universidad\FE\FullStack Web\SpringBoot\my-first-project2\target\classes started by Admin in C:\Xavi\Archivos\Trabajo\Universidad\FE\FullStack Web\SpringBoot\my-first-project2)
2022-09-13 12:02:18.111  INFO 21224 --- [restartedMain] com.login.MyFirstProjectApplication      : No active profile set, falling back to 1 default profile: "default"
2022-09-13 12:02:18.146  INFO 21224 --- [restartedMain] .e.DevToolsPropertyDefaultsPostProcessor : Devtools property defaults active! Set 'spring.devtools.add-properties' to 'false' to disable
2022-09-13 12:02:18.146  INFO 21224 --- [restartedMain] .e.DevToolsPropertyDefaultsPostProcessor : For additional web related logging consider setting the 'logging.level.web' property to 'DEBUG'
2022-09-13 12:02:18.811  INFO 21224 --- [restartedMain] o.s.b.w.embedded.tomcat.TomcatWebServer  : Tomcat initialized with port(s): 8080 (http)
2022-09-13 12:02:18.819  INFO 21224 --- [restartedMain] o.apache.catalina.core.StandardService   : Starting service [Tomcat]
2022-09-13 12:02:18.819  INFO 21224 --- [restartedMain] org.apache.catalina.core.StandardEngine  : Starting Servlet engine: [Apache Tomcat/9.0.65]
2022-09-13 12:02:18.876  INFO 21224 --- [restartedMain] o.a.c.c.C.[Tomcat].[localhost].[/]       : Initializing Spring embedded WebApplicationContext
2022-09-13 12:02:18.876  INFO 21224 --- [restartedMain] w.s.c.ServletWebServerApplicationContext : Root WebApplicationContext: initialization completed in 729 ms
2022-09-13 12:02:19.114  INFO 21224 --- [restartedMain] o.s.b.d.a.OptionalLiveReloadServer       : LiveReload server is running on port 35729
2022-09-13 12:02:19.143  INFO 21224 --- [restartedMain] o.s.b.w.embedded.tomcat.TomcatWebServer  : Tomcat started on port(s): 8080 (http) with context path ''
2022-09-13 12:02:19.150  INFO 21224 --- [restartedMain] com.login.MyFirstProjectApplication      : Started MyFirstProjectApplication in 1.355 seconds (JVM running for 1.983)
2022-09-13 12:02:19.153  INFO 21224 --- [restartedMain] com.login.MyFirstProjectApplication      : An INFO Message
2022-09-13 12:02:19.153  WARN 21224 --- [restartedMain] com.login.MyFirstProjectApplication      : A WARN Message
2022-09-13 12:02:19.153 ERROR 21224 --- [restartedMain] com.login.MyFirstProjectApplication      : A ERROR Message
2022-09-13 12:02:20.759  INFO 21224 --- [http-nio-8080-exec-1] o.a.c.c.C.[Tomcat].[localhost].[/]       : Initializing Spring DispatcherServlet 'dispatcherServlet'
2022-09-13 12:02:20.759  INFO 21224 --- [http-nio-8080-exec-1] o.s.web.servlet.DispatcherServlet        : Initializing Servlet 'dispatcherServlet'
2022-09-13 12:02:20.760  INFO 21224 --- [http-nio-8080-exec-1] o.s.web.servlet.DispatcherServlet        : Completed initialization in 1 ms
2022-09-13 12:02:35.493  INFO 4888 --- [restartedMain] com.login.MyFirstProjectApplication      : Starting MyFirstProjectApplication using Java 17.0.4 on MSI-XAVI with PID 4888 (C:\Xavi\Archivos\Trabajo\Universidad\FE\FullStack Web\SpringBoot\my-first-project2\target\classes started by Admin in C:\Xavi\Archivos\Trabajo\Universidad\FE\FullStack Web\SpringBoot\my-first-project2)
2022-09-13 12:02:35.494  INFO 4888 --- [restartedMain] com.login.MyFirstProjectApplication      : No active profile set, falling back to 1 default profile: "default"
2022-09-13 12:02:35.530  INFO 4888 --- [restartedMain] .e.DevToolsPropertyDefaultsPostProcessor : Devtools property defaults active! Set 'spring.devtools.add-properties' to 'false' to disable
2022-09-13 12:02:35.530  INFO 4888 --- [restartedMain] .e.DevToolsPropertyDefaultsPostProcessor : For additional web related logging consider setting the 'logging.level.web' property to 'DEBUG'
2022-09-13 12:02:36.213  INFO 4888 --- [restartedMain] o.s.b.w.embedded.tomcat.TomcatWebServer  : Tomcat initialized with port(s): 8080 (http)
2022-09-13 12:02:36.221  INFO 4888 --- [restartedMain] o.apache.catalina.core.StandardService   : Starting service [Tomcat]
2022-09-13 12:02:36.221  INFO 4888 --- [restartedMain] org.apache.catalina.core.StandardEngine  : Starting Servlet engine: [Apache Tomcat/9.0.65]
2022-09-13 12:02:36.283  INFO 4888 --- [restartedMain] o.a.c.c.C.[Tomcat].[localhost].[/]       : Initializing Spring embedded WebApplicationContext
2022-09-13 12:02:36.283  INFO 4888 --- [restartedMain] w.s.c.ServletWebServerApplicationContext : Root WebApplicationContext: initialization completed in 752 ms
2022-09-13 12:02:36.510  WARN 4888 --- [restartedMain] o.s.b.d.a.OptionalLiveReloadServer       : Unable to start LiveReload server
2022-09-13 12:02:36.529  WARN 4888 --- [restartedMain] ConfigServletWebServerApplicationContext : Exception encountered during context initialization - cancelling refresh attempt: org.springframework.context.ApplicationContextException: Failed to start bean 'webServerStartStop'; nested exception is org.springframework.boot.web.server.PortInUseException: Port 8080 is already in use
2022-09-13 12:02:36.532  INFO 4888 --- [restartedMain] o.apache.catalina.core.StandardService   : Stopping service [Tomcat]
2022-09-13 12:02:36.545  INFO 4888 --- [restartedMain] ConditionEvaluationReportLoggingListener : 

Error starting ApplicationContext. To display the conditions report re-run your application with 'debug' enabled.
2022-09-13 12:02:36.562 ERROR 4888 --- [restartedMain] o.s.b.d.LoggingFailureAnalysisReporter   : 

***************************
APPLICATION FAILED TO START
***************************

Description:

Web server failed to start. Port 8080 was already in use.

Action:

Identify and stop the process that's listening on port 8080 or configure this application to listen on another port.

2022-09-13 12:02:40.898  INFO 21224 --- [RMI TCP Connection(2)-127.0.0.1] inMXBeanRegistrar$SpringApplicationAdmin : Application shutdown requested.
2022-09-13 12:02:40.914  INFO 21224 --- [RMI TCP Connection(2)-127.0.0.1] o.apache.catalina.core.StandardService   : Stopping service [Tomcat]
2022-09-13 12:02:40.915  INFO 21224 --- [RMI TCP Connection(2)-127.0.0.1] o.a.c.c.C.[Tomcat].[localhost].[/]       : Destroying Spring FrameworkServlet 'dispatcherServlet'
2022-09-13 12:02:42.639  INFO 14184 --- [restartedMain] com.login.MyFirstProjectApplication      : Starting MyFirstProjectApplication using Java 17.0.4 on MSI-XAVI with PID 14184 (C:\Xavi\Archivos\Trabajo\Universidad\FE\FullStack Web\SpringBoot\my-first-project2\target\classes started by Admin in C:\Xavi\Archivos\Trabajo\Universidad\FE\FullStack Web\SpringBoot\my-first-project2)
2022-09-13 12:02:42.640  INFO 14184 --- [restartedMain] com.login.MyFirstProjectApplication      : No active profile set, falling back to 1 default profile: "default"
2022-09-13 12:02:42.675  INFO 14184 --- [restartedMain] .e.DevToolsPropertyDefaultsPostProcessor : Devtools property defaults active! Set 'spring.devtools.add-properties' to 'false' to disable
2022-09-13 12:02:42.676  INFO 14184 --- [restartedMain] .e.DevToolsPropertyDefaultsPostProcessor : For additional web related logging consider setting the 'logging.level.web' property to 'DEBUG'
2022-09-13 12:02:43.340  INFO 14184 --- [restartedMain] o.s.b.w.embedded.tomcat.TomcatWebServer  : Tomcat initialized with port(s): 8080 (http)
2022-09-13 12:02:43.348  INFO 14184 --- [restartedMain] o.apache.catalina.core.StandardService   : Starting service [Tomcat]
2022-09-13 12:02:43.348  INFO 14184 --- [restartedMain] org.apache.catalina.core.StandardEngine  : Starting Servlet engine: [Apache Tomcat/9.0.65]
2022-09-13 12:02:43.408  INFO 14184 --- [restartedMain] o.a.c.c.C.[Tomcat].[localhost].[/]       : Initializing Spring embedded WebApplicationContext
2022-09-13 12:02:43.408  INFO 14184 --- [restartedMain] w.s.c.ServletWebServerApplicationContext : Root WebApplicationContext: initialization completed in 732 ms
2022-09-13 12:02:43.644  INFO 14184 --- [restartedMain] o.s.b.d.a.OptionalLiveReloadServer       : LiveReload server is running on port 35729
2022-09-13 12:02:43.675  INFO 14184 --- [restartedMain] o.s.b.w.embedded.tomcat.TomcatWebServer  : Tomcat started on port(s): 8080 (http) with context path ''
2022-09-13 12:02:43.682  INFO 14184 --- [restartedMain] com.login.MyFirstProjectApplication      : Started MyFirstProjectApplication in 1.36 seconds (JVM running for 2.005)
2022-09-13 12:02:43.684  INFO 14184 --- [restartedMain] com.login.MyFirstProjectApplication      : An INFO Message
2022-09-13 12:02:43.684  WARN 14184 --- [restartedMain] com.login.MyFirstProjectApplication      : A WARN Message
2022-09-13 12:02:43.684 ERROR 14184 --- [restartedMain] com.login.MyFirstProjectApplication      : A ERROR Message
2022-09-13 12:02:46.495  INFO 14184 --- [http-nio-8080-exec-1] o.a.c.c.C.[Tomcat].[localhost].[/]       : Initializing Spring DispatcherServlet 'dispatcherServlet'
2022-09-13 12:02:46.496  INFO 14184 --- [http-nio-8080-exec-1] o.s.web.servlet.DispatcherServlet        : Initializing Servlet 'dispatcherServlet'
2022-09-13 12:02:46.497  INFO 14184 --- [http-nio-8080-exec-1] o.s.web.servlet.DispatcherServlet        : Completed initialization in 1 ms
2022-09-13 12:03:52.882  INFO 14184 --- [RMI TCP Connection(3)-127.0.0.1] inMXBeanRegistrar$SpringApplicationAdmin : Application shutdown requested.
2022-09-13 12:03:52.896  INFO 14184 --- [RMI TCP Connection(3)-127.0.0.1] o.apache.catalina.core.StandardService   : Stopping service [Tomcat]
2022-09-13 12:03:52.897  INFO 14184 --- [RMI TCP Connection(3)-127.0.0.1] o.a.c.c.C.[Tomcat].[localhost].[/]       : Destroying Spring FrameworkServlet 'dispatcherServlet'
