2022-09-13 09:16:52.098  INFO 18980 --- [restartedMain] com.login.MyFirstProjectApplication      : Starting MyFirstProjectApplication using Java 17.0.4 on MSI-XAVI with PID 18980 (C:\Xavi\Archivos\Trabajo\Universidad\FE\FullStack Web\SpringBoot\my-first-project\target\classes started by Admin in C:\Xavi\Archivos\Trabajo\Universidad\FE\FullStack Web\SpringBoot\my-first-project)
2022-09-13 09:16:52.104  INFO 18980 --- [restartedMain] com.login.MyFirstProjectApplication      : No active profile set, falling back to 1 default profile: "default"
2022-09-13 09:16:52.149  INFO 18980 --- [restartedMain] .e.DevToolsPropertyDefaultsPostProcessor : Devtools property defaults active! Set 'spring.devtools.add-properties' to 'false' to disable
2022-09-13 09:16:52.149  INFO 18980 --- [restartedMain] .e.DevToolsPropertyDefaultsPostProcessor : For additional web related logging consider setting the 'logging.level.web' property to 'DEBUG'
2022-09-13 09:16:52.874  INFO 18980 --- [restartedMain] o.s.b.w.embedded.tomcat.TomcatWebServer  : Tomcat initialized with port(s): 8080 (http)
2022-09-13 09:16:52.884  INFO 18980 --- [restartedMain] o.apache.catalina.core.StandardService   : Starting service [Tomcat]
2022-09-13 09:16:52.884  INFO 18980 --- [restartedMain] org.apache.catalina.core.StandardEngine  : Starting Servlet engine: [Apache Tomcat/9.0.65]
2022-09-13 09:16:52.947  INFO 18980 --- [restartedMain] o.a.c.c.C.[Tomcat].[localhost].[/]       : Initializing Spring embedded WebApplicationContext
2022-09-13 09:16:52.947  INFO 18980 --- [restartedMain] w.s.c.ServletWebServerApplicationContext : Root WebApplicationContext: initialization completed in 797 ms
2022-09-13 09:16:53.219  INFO 18980 --- [restartedMain] o.s.b.d.a.OptionalLiveReloadServer       : LiveReload server is running on port 35729
2022-09-13 09:16:53.250  INFO 18980 --- [restartedMain] o.s.b.w.embedded.tomcat.TomcatWebServer  : Tomcat started on port(s): 8080 (http) with context path ''
2022-09-13 09:16:53.258  INFO 18980 --- [restartedMain] com.login.MyFirstProjectApplication      : Started MyFirstProjectApplication in 1.515 seconds (JVM running for 2.275)
2022-09-13 09:16:53.261  INFO 18980 --- [restartedMain] com.login.MyFirstProjectApplication      : An INFO Message
2022-09-13 09:16:53.261  WARN 18980 --- [restartedMain] com.login.MyFirstProjectApplication      : A WARN Message
2022-09-13 09:16:53.261 ERROR 18980 --- [restartedMain] com.login.MyFirstProjectApplication      : A ERROR Message
2022-09-13 09:17:01.365  INFO 18980 --- [http-nio-8080-exec-1] o.a.c.c.C.[Tomcat].[localhost].[/]       : Initializing Spring DispatcherServlet 'dispatcherServlet'
2022-09-13 09:17:01.365  INFO 18980 --- [http-nio-8080-exec-1] o.s.web.servlet.DispatcherServlet        : Initializing Servlet 'dispatcherServlet'
2022-09-13 09:17:01.366  INFO 18980 --- [http-nio-8080-exec-1] o.s.web.servlet.DispatcherServlet        : Completed initialization in 1 ms
2022-09-13 09:22:04.241  INFO 18980 --- [RMI TCP Connection(8)-127.0.0.1] inMXBeanRegistrar$SpringApplicationAdmin : Application shutdown requested.
2022-09-13 09:22:04.265  INFO 18980 --- [RMI TCP Connection(8)-127.0.0.1] o.apache.catalina.core.StandardService   : Stopping service [Tomcat]
2022-09-13 09:22:04.266  INFO 18980 --- [RMI TCP Connection(8)-127.0.0.1] o.a.c.c.C.[Tomcat].[localhost].[/]       : Destroying Spring FrameworkServlet 'dispatcherServlet'
2022-09-13 09:22:07.570  INFO 14300 --- [restartedMain] com.login.MyFirstProjectApplication      : Starting MyFirstProjectApplication using Java 17.0.4 on MSI-XAVI with PID 14300 (C:\Xavi\Archivos\Trabajo\Universidad\FE\FullStack Web\SpringBoot\my-first-project\target\classes started by Admin in C:\Xavi\Archivos\Trabajo\Universidad\FE\FullStack Web\SpringBoot\my-first-project)
2022-09-13 09:22:07.571  INFO 14300 --- [restartedMain] com.login.MyFirstProjectApplication      : No active profile set, falling back to 1 default profile: "default"
2022-09-13 09:22:07.607  INFO 14300 --- [restartedMain] .e.DevToolsPropertyDefaultsPostProcessor : Devtools property defaults active! Set 'spring.devtools.add-properties' to 'false' to disable
2022-09-13 09:22:07.607  INFO 14300 --- [restartedMain] .e.DevToolsPropertyDefaultsPostProcessor : For additional web related logging consider setting the 'logging.level.web' property to 'DEBUG'
2022-09-13 09:22:08.286  INFO 14300 --- [restartedMain] o.s.b.w.embedded.tomcat.TomcatWebServer  : Tomcat initialized with port(s): 8080 (http)
2022-09-13 09:22:08.295  INFO 14300 --- [restartedMain] o.apache.catalina.core.StandardService   : Starting service [Tomcat]
2022-09-13 09:22:08.296  INFO 14300 --- [restartedMain] org.apache.catalina.core.StandardEngine  : Starting Servlet engine: [Apache Tomcat/9.0.65]
2022-09-13 09:22:08.358  INFO 14300 --- [restartedMain] o.a.c.c.C.[Tomcat].[localhost].[/]       : Initializing Spring embedded WebApplicationContext
2022-09-13 09:22:08.359  INFO 14300 --- [restartedMain] w.s.c.ServletWebServerApplicationContext : Root WebApplicationContext: initialization completed in 751 ms
2022-09-13 09:22:08.588  INFO 14300 --- [restartedMain] o.s.b.d.a.OptionalLiveReloadServer       : LiveReload server is running on port 35729
2022-09-13 09:22:08.630  INFO 14300 --- [restartedMain] o.s.b.w.embedded.tomcat.TomcatWebServer  : Tomcat started on port(s): 8080 (http) with context path ''
2022-09-13 09:22:08.638  INFO 14300 --- [restartedMain] com.login.MyFirstProjectApplication      : Started MyFirstProjectApplication in 1.39 seconds (JVM running for 2.033)
2022-09-13 09:22:08.640  INFO 14300 --- [restartedMain] com.login.MyFirstProjectApplication      : An INFO Message
2022-09-13 09:22:08.640  WARN 14300 --- [restartedMain] com.login.MyFirstProjectApplication      : A WARN Message
2022-09-13 09:22:08.640 ERROR 14300 --- [restartedMain] com.login.MyFirstProjectApplication      : A ERROR Message
2022-09-13 09:22:11.922  INFO 14300 --- [http-nio-8080-exec-1] o.a.c.c.C.[Tomcat].[localhost].[/]       : Initializing Spring DispatcherServlet 'dispatcherServlet'
2022-09-13 09:22:11.922  INFO 14300 --- [http-nio-8080-exec-1] o.s.web.servlet.DispatcherServlet        : Initializing Servlet 'dispatcherServlet'
2022-09-13 09:22:11.923  INFO 14300 --- [http-nio-8080-exec-1] o.s.web.servlet.DispatcherServlet        : Completed initialization in 1 ms
2022-09-13 09:27:08.423  INFO 14300 --- [RMI TCP Connection(8)-127.0.0.1] inMXBeanRegistrar$SpringApplicationAdmin : Application shutdown requested.
2022-09-13 09:27:08.438  INFO 14300 --- [RMI TCP Connection(8)-127.0.0.1] o.apache.catalina.core.StandardService   : Stopping service [Tomcat]
2022-09-13 09:27:08.439  INFO 14300 --- [RMI TCP Connection(8)-127.0.0.1] o.a.c.c.C.[Tomcat].[localhost].[/]       : Destroying Spring FrameworkServlet 'dispatcherServlet'
2022-09-13 09:27:11.601  INFO 8308 --- [restartedMain] com.login.MyFirstProjectApplication      : Starting MyFirstProjectApplication using Java 17.0.4 on MSI-XAVI with PID 8308 (C:\Xavi\Archivos\Trabajo\Universidad\FE\FullStack Web\SpringBoot\my-first-project\target\classes started by Admin in C:\Xavi\Archivos\Trabajo\Universidad\FE\FullStack Web\SpringBoot\my-first-project)
2022-09-13 09:27:11.602  INFO 8308 --- [restartedMain] com.login.MyFirstProjectApplication      : No active profile set, falling back to 1 default profile: "default"
2022-09-13 09:27:11.638  INFO 8308 --- [restartedMain] .e.DevToolsPropertyDefaultsPostProcessor : Devtools property defaults active! Set 'spring.devtools.add-properties' to 'false' to disable
2022-09-13 09:27:11.638  INFO 8308 --- [restartedMain] .e.DevToolsPropertyDefaultsPostProcessor : For additional web related logging consider setting the 'logging.level.web' property to 'DEBUG'
2022-09-13 09:27:12.295  INFO 8308 --- [restartedMain] o.s.b.w.embedded.tomcat.TomcatWebServer  : Tomcat initialized with port(s): 8080 (http)
2022-09-13 09:27:12.302  INFO 8308 --- [restartedMain] o.apache.catalina.core.StandardService   : Starting service [Tomcat]
2022-09-13 09:27:12.303  INFO 8308 --- [restartedMain] org.apache.catalina.core.StandardEngine  : Starting Servlet engine: [Apache Tomcat/9.0.65]
2022-09-13 09:27:12.359  INFO 8308 --- [restartedMain] o.a.c.c.C.[Tomcat].[localhost].[/]       : Initializing Spring embedded WebApplicationContext
2022-09-13 09:27:12.360  INFO 8308 --- [restartedMain] w.s.c.ServletWebServerApplicationContext : Root WebApplicationContext: initialization completed in 722 ms
2022-09-13 09:27:12.594  INFO 8308 --- [restartedMain] o.s.b.d.a.OptionalLiveReloadServer       : LiveReload server is running on port 35729
2022-09-13 09:27:12.624  INFO 8308 --- [restartedMain] o.s.b.w.embedded.tomcat.TomcatWebServer  : Tomcat started on port(s): 8080 (http) with context path ''
2022-09-13 09:27:12.631  INFO 8308 --- [restartedMain] com.login.MyFirstProjectApplication      : Started MyFirstProjectApplication in 1.348 seconds (JVM running for 1.979)
2022-09-13 09:27:12.633  INFO 8308 --- [restartedMain] com.login.MyFirstProjectApplication      : An INFO Message
2022-09-13 09:27:12.633  WARN 8308 --- [restartedMain] com.login.MyFirstProjectApplication      : A WARN Message
2022-09-13 09:27:12.633 ERROR 8308 --- [restartedMain] com.login.MyFirstProjectApplication      : A ERROR Message
2022-09-13 09:27:15.605  INFO 8308 --- [http-nio-8080-exec-1] o.a.c.c.C.[Tomcat].[localhost].[/]       : Initializing Spring DispatcherServlet 'dispatcherServlet'
2022-09-13 09:27:15.605  INFO 8308 --- [http-nio-8080-exec-1] o.s.web.servlet.DispatcherServlet        : Initializing Servlet 'dispatcherServlet'
2022-09-13 09:27:15.606  INFO 8308 --- [http-nio-8080-exec-1] o.s.web.servlet.DispatcherServlet        : Completed initialization in 1 ms
2022-09-13 09:33:11.638  INFO 8308 --- [File Watcher] rtingClassPathChangeChangedEventListener : Restarting due to 1 class path change (0 additions, 0 deletions, 1 modification)
2022-09-13 09:33:11.672  INFO 8308 --- [Thread-5] o.apache.catalina.core.StandardService   : Stopping service [Tomcat]
2022-09-13 09:33:11.673  INFO 8308 --- [Thread-5] o.a.c.c.C.[Tomcat].[localhost].[/]       : Destroying Spring FrameworkServlet 'dispatcherServlet'
2022-09-13 09:33:11.748  INFO 8308 --- [restartedMain] com.login.MyFirstProjectApplication      : Starting MyFirstProjectApplication using Java 17.0.4 on MSI-XAVI with PID 8308 (C:\Xavi\Archivos\Trabajo\Universidad\FE\FullStack Web\SpringBoot\my-first-project\target\classes started by Admin in C:\Xavi\Archivos\Trabajo\Universidad\FE\FullStack Web\SpringBoot\my-first-project)
2022-09-13 09:33:11.748  INFO 8308 --- [restartedMain] com.login.MyFirstProjectApplication      : No active profile set, falling back to 1 default profile: "default"
2022-09-13 09:33:11.885  INFO 8308 --- [restartedMain] o.s.b.w.embedded.tomcat.TomcatWebServer  : Tomcat initialized with port(s): 8080 (http)
2022-09-13 09:33:11.886  INFO 8308 --- [restartedMain] o.apache.catalina.core.StandardService   : Starting service [Tomcat]
2022-09-13 09:33:11.886  INFO 8308 --- [restartedMain] org.apache.catalina.core.StandardEngine  : Starting Servlet engine: [Apache Tomcat/9.0.65]
2022-09-13 09:33:11.900  INFO 8308 --- [restartedMain] o.a.c.c.C.[Tomcat].[localhost].[/]       : Initializing Spring embedded WebApplicationContext
2022-09-13 09:33:11.901  INFO 8308 --- [restartedMain] w.s.c.ServletWebServerApplicationContext : Root WebApplicationContext: initialization completed in 151 ms
2022-09-13 09:33:11.945  INFO 8308 --- [restartedMain] o.s.b.d.a.OptionalLiveReloadServer       : LiveReload server is running on port 35729
2022-09-13 09:33:11.951  INFO 8308 --- [restartedMain] o.s.b.w.embedded.tomcat.TomcatWebServer  : Tomcat started on port(s): 8080 (http) with context path ''
2022-09-13 09:33:11.953  INFO 8308 --- [restartedMain] com.login.MyFirstProjectApplication      : Started MyFirstProjectApplication in 0.23 seconds (JVM running for 361.346)
2022-09-13 09:33:11.954  INFO 8308 --- [restartedMain] .ConditionEvaluationDeltaLoggingListener : Condition evaluation unchanged
2022-09-13 09:33:11.954  INFO 8308 --- [restartedMain] com.login.MyFirstProjectApplication      : An INFO Message
2022-09-13 09:33:11.955  WARN 8308 --- [restartedMain] com.login.MyFirstProjectApplication      : A WARN Message
2022-09-13 09:33:11.955 ERROR 8308 --- [restartedMain] com.login.MyFirstProjectApplication      : A ERROR Message
2022-09-13 09:33:13.626  INFO 8308 --- [http-nio-8080-exec-1] o.a.c.c.C.[Tomcat].[localhost].[/]       : Initializing Spring DispatcherServlet 'dispatcherServlet'
2022-09-13 09:33:13.626  INFO 8308 --- [http-nio-8080-exec-1] o.s.web.servlet.DispatcherServlet        : Initializing Servlet 'dispatcherServlet'
2022-09-13 09:33:13.627  INFO 8308 --- [http-nio-8080-exec-1] o.s.web.servlet.DispatcherServlet        : Completed initialization in 0 ms
2022-09-13 09:45:38.003  INFO 8308 --- [File Watcher] rtingClassPathChangeChangedEventListener : Restarting due to 2 class path changes (1 addition, 0 deletions, 1 modification)
2022-09-13 09:45:38.034  INFO 8308 --- [Thread-7] o.apache.catalina.core.StandardService   : Stopping service [Tomcat]
2022-09-13 09:45:38.034  INFO 8308 --- [Thread-7] o.a.c.c.C.[Tomcat].[localhost].[/]       : Destroying Spring FrameworkServlet 'dispatcherServlet'
2022-09-13 09:45:38.107  INFO 8308 --- [restartedMain] com.login.MyFirstProjectApplication      : Starting MyFirstProjectApplication using Java 17.0.4 on MSI-XAVI with PID 8308 (C:\Xavi\Archivos\Trabajo\Universidad\FE\FullStack Web\SpringBoot\my-first-project\target\classes started by Admin in C:\Xavi\Archivos\Trabajo\Universidad\FE\FullStack Web\SpringBoot\my-first-project)
2022-09-13 09:45:38.107  INFO 8308 --- [restartedMain] com.login.MyFirstProjectApplication      : No active profile set, falling back to 1 default profile: "default"
2022-09-13 09:45:38.224  INFO 8308 --- [restartedMain] o.s.b.w.embedded.tomcat.TomcatWebServer  : Tomcat initialized with port(s): 8080 (http)
2022-09-13 09:45:38.224  INFO 8308 --- [restartedMain] o.apache.catalina.core.StandardService   : Starting service [Tomcat]
2022-09-13 09:45:38.225  INFO 8308 --- [restartedMain] org.apache.catalina.core.StandardEngine  : Starting Servlet engine: [Apache Tomcat/9.0.65]
2022-09-13 09:45:38.240  INFO 8308 --- [restartedMain] o.a.c.c.C.[Tomcat].[localhost].[/]       : Initializing Spring embedded WebApplicationContext
2022-09-13 09:45:38.240  INFO 8308 --- [restartedMain] w.s.c.ServletWebServerApplicationContext : Root WebApplicationContext: initialization completed in 131 ms
2022-09-13 09:45:38.283  INFO 8308 --- [restartedMain] o.s.b.d.a.OptionalLiveReloadServer       : LiveReload server is running on port 35729
2022-09-13 09:45:38.289  INFO 8308 --- [restartedMain] o.s.b.w.embedded.tomcat.TomcatWebServer  : Tomcat started on port(s): 8080 (http) with context path ''
2022-09-13 09:45:38.292  INFO 8308 --- [restartedMain] com.login.MyFirstProjectApplication      : Started MyFirstProjectApplication in 0.21 seconds (JVM running for 1107.766)
2022-09-13 09:45:38.293  INFO 8308 --- [restartedMain] .ConditionEvaluationDeltaLoggingListener : Condition evaluation unchanged
2022-09-13 09:45:38.293  INFO 8308 --- [restartedMain] com.login.MyFirstProjectApplication      : An INFO Message
2022-09-13 09:45:38.293  WARN 8308 --- [restartedMain] com.login.MyFirstProjectApplication      : A WARN Message
2022-09-13 09:45:38.293 ERROR 8308 --- [restartedMain] com.login.MyFirstProjectApplication      : A ERROR Message
2022-09-13 09:50:46.133  INFO 8308 --- [RMI TCP Connection(31)-127.0.0.1] inMXBeanRegistrar$SpringApplicationAdmin : Application shutdown requested.
2022-09-13 09:50:46.167  INFO 8308 --- [RMI TCP Connection(31)-127.0.0.1] o.apache.catalina.core.StandardService   : Stopping service [Tomcat]
2022-09-13 09:50:50.596  INFO 17968 --- [restartedMain] com.login.MyFirstProjectApplication      : Starting MyFirstProjectApplication using Java 17.0.4 on MSI-XAVI with PID 17968 (C:\Xavi\Archivos\Trabajo\Universidad\FE\FullStack Web\SpringBoot\my-first-project\target\classes started by Admin in C:\Xavi\Archivos\Trabajo\Universidad\FE\FullStack Web\SpringBoot\my-first-project)
2022-09-13 09:50:50.597  INFO 17968 --- [restartedMain] com.login.MyFirstProjectApplication      : No active profile set, falling back to 1 default profile: "default"
2022-09-13 09:50:50.634  INFO 17968 --- [restartedMain] .e.DevToolsPropertyDefaultsPostProcessor : Devtools property defaults active! Set 'spring.devtools.add-properties' to 'false' to disable
2022-09-13 09:50:50.634  INFO 17968 --- [restartedMain] .e.DevToolsPropertyDefaultsPostProcessor : For additional web related logging consider setting the 'logging.level.web' property to 'DEBUG'
2022-09-13 09:50:51.303  INFO 17968 --- [restartedMain] o.s.b.w.embedded.tomcat.TomcatWebServer  : Tomcat initialized with port(s): 8080 (http)
2022-09-13 09:50:51.311  INFO 17968 --- [restartedMain] o.apache.catalina.core.StandardService   : Starting service [Tomcat]
2022-09-13 09:50:51.311  INFO 17968 --- [restartedMain] org.apache.catalina.core.StandardEngine  : Starting Servlet engine: [Apache Tomcat/9.0.65]
2022-09-13 09:50:51.380  INFO 17968 --- [restartedMain] o.a.c.c.C.[Tomcat].[localhost].[/]       : Initializing Spring embedded WebApplicationContext
2022-09-13 09:50:51.381  INFO 17968 --- [restartedMain] w.s.c.ServletWebServerApplicationContext : Root WebApplicationContext: initialization completed in 745 ms
2022-09-13 09:50:51.415  WARN 17968 --- [restartedMain] ConfigServletWebServerApplicationContext : Exception encountered during context initialization - cancelling refresh attempt: org.springframework.beans.factory.BeanCreationException: Error creating bean with name 'control1' defined in file [C:\Xavi\Archivos\Trabajo\Universidad\FE\FullStack Web\SpringBoot\my-first-project\target\classes\com\login\controllers\Control1.class]: Instantiation of bean failed; nested exception is org.springframework.beans.BeanInstantiationException: Failed to instantiate [com.login.controllers.Control1]: Constructor threw exception; nested exception is java.lang.Error: Unresolved compilation problems: 
	The public type Control1 must be defined in its own file
	The public type Control2 must be defined in its own file
	The public type Control3 must be defined in its own file
	Unexpected end of comment

2022-09-13 09:50:51.416  INFO 17968 --- [restartedMain] o.apache.catalina.core.StandardService   : Stopping service [Tomcat]
2022-09-13 09:50:51.425  INFO 17968 --- [restartedMain] ConditionEvaluationReportLoggingListener : 

Error starting ApplicationContext. To display the conditions report re-run your application with 'debug' enabled.
2022-09-13 09:50:51.447 ERROR 17968 --- [restartedMain] o.s.boot.SpringApplication               : Application run failed

org.springframework.beans.factory.BeanCreationException: Error creating bean with name 'control1' defined in file [C:\Xavi\Archivos\Trabajo\Universidad\FE\FullStack Web\SpringBoot\my-first-project\target\classes\com\login\controllers\Control1.class]: Instantiation of bean failed; nested exception is org.springframework.beans.BeanInstantiationException: Failed to instantiate [com.login.controllers.Control1]: Constructor threw exception; nested exception is java.lang.Error: Unresolved compilation problems: 
	The public type Control1 must be defined in its own file
	The public type Control2 must be defined in its own file
	The public type Control3 must be defined in its own file
	Unexpected end of comment

	at org.springframework.beans.factory.support.AbstractAutowireCapableBeanFactory.instantiateBean(AbstractAutowireCapableBeanFactory.java:1334) ~[spring-beans-5.3.22.jar:5.3.22]
	at org.springframework.beans.factory.support.AbstractAutowireCapableBeanFactory.createBeanInstance(AbstractAutowireCapableBeanFactory.java:1232) ~[spring-beans-5.3.22.jar:5.3.22]
	at org.springframework.beans.factory.support.AbstractAutowireCapableBeanFactory.doCreateBean(AbstractAutowireCapableBeanFactory.java:582) ~[spring-beans-5.3.22.jar:5.3.22]
	at org.springframework.beans.factory.support.AbstractAutowireCapableBeanFactory.createBean(AbstractAutowireCapableBeanFactory.java:542) ~[spring-beans-5.3.22.jar:5.3.22]
	at org.springframework.beans.factory.support.AbstractBeanFactory.lambda$doGetBean$0(AbstractBeanFactory.java:335) ~[spring-beans-5.3.22.jar:5.3.22]
	at org.springframework.beans.factory.support.DefaultSingletonBeanRegistry.getSingleton(DefaultSingletonBeanRegistry.java:234) ~[spring-beans-5.3.22.jar:5.3.22]
	at org.springframework.beans.factory.support.AbstractBeanFactory.doGetBean(AbstractBeanFactory.java:333) ~[spring-beans-5.3.22.jar:5.3.22]
	at org.springframework.beans.factory.support.AbstractBeanFactory.getBean(AbstractBeanFactory.java:208) ~[spring-beans-5.3.22.jar:5.3.22]
	at org.springframework.beans.factory.support.DefaultListableBeanFactory.preInstantiateSingletons(DefaultListableBeanFactory.java:955) ~[spring-beans-5.3.22.jar:5.3.22]
	at org.springframework.context.support.AbstractApplicationContext.finishBeanFactoryInitialization(AbstractApplicationContext.java:918) ~[spring-context-5.3.22.jar:5.3.22]
	at org.springframework.context.support.AbstractApplicationContext.refresh(AbstractApplicationContext.java:583) ~[spring-context-5.3.22.jar:5.3.22]
	at org.springframework.boot.web.servlet.context.ServletWebServerApplicationContext.refresh(ServletWebServerApplicationContext.java:147) ~[spring-boot-2.7.3.jar:2.7.3]
	at org.springframework.boot.SpringApplication.refresh(SpringApplication.java:734) ~[spring-boot-2.7.3.jar:2.7.3]
	at org.springframework.boot.SpringApplication.refreshContext(SpringApplication.java:408) ~[spring-boot-2.7.3.jar:2.7.3]
	at org.springframework.boot.SpringApplication.run(SpringApplication.java:308) ~[spring-boot-2.7.3.jar:2.7.3]
	at org.springframework.boot.SpringApplication.run(SpringApplication.java:1306) ~[spring-boot-2.7.3.jar:2.7.3]
	at org.springframework.boot.SpringApplication.run(SpringApplication.java:1295) ~[spring-boot-2.7.3.jar:2.7.3]
	at com.login.MyFirstProjectApplication.main(MyFirstProjectApplication.java:13) ~[classes/:na]
	at java.base/jdk.internal.reflect.NativeMethodAccessorImpl.invoke0(Native Method) ~[na:na]
	at java.base/jdk.internal.reflect.NativeMethodAccessorImpl.invoke(NativeMethodAccessorImpl.java:77) ~[na:na]
	at java.base/jdk.internal.reflect.DelegatingMethodAccessorImpl.invoke(DelegatingMethodAccessorImpl.java:43) ~[na:na]
	at java.base/java.lang.reflect.Method.invoke(Method.java:568) ~[na:na]
	at org.springframework.boot.devtools.restart.RestartLauncher.run(RestartLauncher.java:49) ~[spring-boot-devtools-2.7.3.jar:2.7.3]
Caused by: org.springframework.beans.BeanInstantiationException: Failed to instantiate [com.login.controllers.Control1]: Constructor threw exception; nested exception is java.lang.Error: Unresolved compilation problems: 
	The public type Control1 must be defined in its own file
	The public type Control2 must be defined in its own file
	The public type Control3 must be defined in its own file
	Unexpected end of comment

	at org.springframework.beans.BeanUtils.instantiateClass(BeanUtils.java:224) ~[spring-beans-5.3.22.jar:5.3.22]
	at org.springframework.beans.factory.support.SimpleInstantiationStrategy.instantiate(SimpleInstantiationStrategy.java:87) ~[spring-beans-5.3.22.jar:5.3.22]
	at org.springframework.beans.factory.support.AbstractAutowireCapableBeanFactory.instantiateBean(AbstractAutowireCapableBeanFactory.java:1326) ~[spring-beans-5.3.22.jar:5.3.22]
	... 22 common frames omitted
Caused by: java.lang.Error: Unresolved compilation problems: 
	The public type Control1 must be defined in its own file
	The public type Control2 must be defined in its own file
	The public type Control3 must be defined in its own file
	Unexpected end of comment

	at com.login.controllers.Control1.<init>(HomeController.java:11) ~[classes/:na]
	at java.base/jdk.internal.reflect.NativeConstructorAccessorImpl.newInstance0(Native Method) ~[na:na]
	at java.base/jdk.internal.reflect.NativeConstructorAccessorImpl.newInstance(NativeConstructorAccessorImpl.java:77) ~[na:na]
	at java.base/jdk.internal.reflect.DelegatingConstructorAccessorImpl.newInstance(DelegatingConstructorAccessorImpl.java:45) ~[na:na]
	at java.base/java.lang.reflect.Constructor.newInstanceWithCaller(Constructor.java:499) ~[na:na]
	at java.base/java.lang.reflect.Constructor.newInstance(Constructor.java:480) ~[na:na]
	at org.springframework.beans.BeanUtils.instantiateClass(BeanUtils.java:211) ~[spring-beans-5.3.22.jar:5.3.22]
	... 24 common frames omitted

2022-09-13 09:58:31.582  INFO 12328 --- [restartedMain] com.login.MyFirstProjectApplication      : Starting MyFirstProjectApplication using Java 17.0.4 on MSI-XAVI with PID 12328 (C:\Xavi\Archivos\Trabajo\Universidad\FE\FullStack Web\SpringBoot\my-first-project\target\classes started by Admin in C:\Xavi\Archivos\Trabajo\Universidad\FE\FullStack Web\SpringBoot\my-first-project)
2022-09-13 09:58:31.583  INFO 12328 --- [restartedMain] com.login.MyFirstProjectApplication      : No active profile set, falling back to 1 default profile: "default"
2022-09-13 09:58:31.619  INFO 12328 --- [restartedMain] .e.DevToolsPropertyDefaultsPostProcessor : Devtools property defaults active! Set 'spring.devtools.add-properties' to 'false' to disable
2022-09-13 09:58:31.619  INFO 12328 --- [restartedMain] .e.DevToolsPropertyDefaultsPostProcessor : For additional web related logging consider setting the 'logging.level.web' property to 'DEBUG'
2022-09-13 09:58:32.285  INFO 12328 --- [restartedMain] o.s.b.w.embedded.tomcat.TomcatWebServer  : Tomcat initialized with port(s): 8080 (http)
2022-09-13 09:58:32.293  INFO 12328 --- [restartedMain] o.apache.catalina.core.StandardService   : Starting service [Tomcat]
2022-09-13 09:58:32.293  INFO 12328 --- [restartedMain] org.apache.catalina.core.StandardEngine  : Starting Servlet engine: [Apache Tomcat/9.0.65]
2022-09-13 09:58:32.348  INFO 12328 --- [restartedMain] o.a.c.c.C.[Tomcat].[localhost].[/]       : Initializing Spring embedded WebApplicationContext
2022-09-13 09:58:32.349  INFO 12328 --- [restartedMain] w.s.c.ServletWebServerApplicationContext : Root WebApplicationContext: initialization completed in 729 ms
2022-09-13 09:58:32.586  INFO 12328 --- [restartedMain] o.s.b.d.a.OptionalLiveReloadServer       : LiveReload server is running on port 35729
2022-09-13 09:58:32.612  INFO 12328 --- [restartedMain] o.s.b.w.embedded.tomcat.TomcatWebServer  : Tomcat started on port(s): 8080 (http) with context path ''
2022-09-13 09:58:32.619  INFO 12328 --- [restartedMain] com.login.MyFirstProjectApplication      : Started MyFirstProjectApplication in 1.35 seconds (JVM running for 1.984)
2022-09-13 09:58:32.620  INFO 12328 --- [restartedMain] com.login.MyFirstProjectApplication      : An INFO Message
2022-09-13 09:58:32.620  WARN 12328 --- [restartedMain] com.login.MyFirstProjectApplication      : A WARN Message
2022-09-13 09:58:32.620 ERROR 12328 --- [restartedMain] com.login.MyFirstProjectApplication      : A ERROR Message
2022-09-13 09:58:37.185  INFO 12328 --- [http-nio-8080-exec-1] o.a.c.c.C.[Tomcat].[localhost].[/]       : Initializing Spring DispatcherServlet 'dispatcherServlet'
2022-09-13 09:58:37.186  INFO 12328 --- [http-nio-8080-exec-1] o.s.web.servlet.DispatcherServlet        : Initializing Servlet 'dispatcherServlet'
2022-09-13 09:58:37.187  INFO 12328 --- [http-nio-8080-exec-1] o.s.web.servlet.DispatcherServlet        : Completed initialization in 1 ms
2022-09-13 09:59:59.633  INFO 12328 --- [File Watcher] rtingClassPathChangeChangedEventListener : Restarting due to 1 class path change (0 additions, 0 deletions, 1 modification)
2022-09-13 09:59:59.677  INFO 12328 --- [Thread-5] o.apache.catalina.core.StandardService   : Stopping service [Tomcat]
2022-09-13 09:59:59.678  INFO 12328 --- [Thread-5] o.a.c.c.C.[Tomcat].[localhost].[/]       : Destroying Spring FrameworkServlet 'dispatcherServlet'
2022-09-13 09:59:59.750  INFO 12328 --- [restartedMain] com.login.MyFirstProjectApplication      : Starting MyFirstProjectApplication using Java 17.0.4 on MSI-XAVI with PID 12328 (C:\Xavi\Archivos\Trabajo\Universidad\FE\FullStack Web\SpringBoot\my-first-project\target\classes started by Admin in C:\Xavi\Archivos\Trabajo\Universidad\FE\FullStack Web\SpringBoot\my-first-project)
2022-09-13 09:59:59.751  INFO 12328 --- [restartedMain] com.login.MyFirstProjectApplication      : No active profile set, falling back to 1 default profile: "default"
2022-09-13 09:59:59.879  INFO 12328 --- [restartedMain] o.s.b.w.embedded.tomcat.TomcatWebServer  : Tomcat initialized with port(s): 8080 (http)
2022-09-13 09:59:59.879  INFO 12328 --- [restartedMain] o.apache.catalina.core.StandardService   : Starting service [Tomcat]
2022-09-13 09:59:59.879  INFO 12328 --- [restartedMain] org.apache.catalina.core.StandardEngine  : Starting Servlet engine: [Apache Tomcat/9.0.65]
2022-09-13 09:59:59.903  INFO 12328 --- [restartedMain] o.a.c.c.C.[Tomcat].[localhost].[/]       : Initializing Spring embedded WebApplicationContext
2022-09-13 09:59:59.903  INFO 12328 --- [restartedMain] w.s.c.ServletWebServerApplicationContext : Root WebApplicationContext: initialization completed in 150 ms
2022-09-13 09:59:59.949  INFO 12328 --- [restartedMain] o.s.b.d.a.OptionalLiveReloadServer       : LiveReload server is running on port 35729
2022-09-13 09:59:59.955  INFO 12328 --- [restartedMain] o.s.b.w.embedded.tomcat.TomcatWebServer  : Tomcat started on port(s): 8080 (http) with context path ''
2022-09-13 09:59:59.958  INFO 12328 --- [restartedMain] com.login.MyFirstProjectApplication      : Started MyFirstProjectApplication in 0.234 seconds (JVM running for 89.329)
2022-09-13 09:59:59.959  INFO 12328 --- [restartedMain] .ConditionEvaluationDeltaLoggingListener : Condition evaluation unchanged
2022-09-13 09:59:59.959  INFO 12328 --- [restartedMain] com.login.MyFirstProjectApplication      : An INFO Message
2022-09-13 09:59:59.959  WARN 12328 --- [restartedMain] com.login.MyFirstProjectApplication      : A WARN Message
2022-09-13 09:59:59.959 ERROR 12328 --- [restartedMain] com.login.MyFirstProjectApplication      : A ERROR Message
2022-09-13 10:00:03.441  INFO 12328 --- [File Watcher] rtingClassPathChangeChangedEventListener : Restarting due to 1 class path change (0 additions, 0 deletions, 1 modification)
2022-09-13 10:00:03.452  INFO 12328 --- [Thread-7] o.apache.catalina.core.StandardService   : Stopping service [Tomcat]
2022-09-13 10:00:03.514  INFO 12328 --- [restartedMain] com.login.MyFirstProjectApplication      : Starting MyFirstProjectApplication using Java 17.0.4 on MSI-XAVI with PID 12328 (C:\Xavi\Archivos\Trabajo\Universidad\FE\FullStack Web\SpringBoot\my-first-project\target\classes started by Admin in C:\Xavi\Archivos\Trabajo\Universidad\FE\FullStack Web\SpringBoot\my-first-project)
2022-09-13 10:00:03.514  INFO 12328 --- [restartedMain] com.login.MyFirstProjectApplication      : No active profile set, falling back to 1 default profile: "default"
2022-09-13 10:00:03.630  INFO 12328 --- [restartedMain] o.s.b.w.embedded.tomcat.TomcatWebServer  : Tomcat initialized with port(s): 8080 (http)
2022-09-13 10:00:03.630  INFO 12328 --- [restartedMain] o.apache.catalina.core.StandardService   : Starting service [Tomcat]
2022-09-13 10:00:03.631  INFO 12328 --- [restartedMain] org.apache.catalina.core.StandardEngine  : Starting Servlet engine: [Apache Tomcat/9.0.65]
2022-09-13 10:00:03.655  INFO 12328 --- [restartedMain] o.a.c.c.C.[Tomcat].[localhost].[/]       : Initializing Spring embedded WebApplicationContext
2022-09-13 10:00:03.656  INFO 12328 --- [restartedMain] w.s.c.ServletWebServerApplicationContext : Root WebApplicationContext: initialization completed in 140 ms
2022-09-13 10:00:03.696  INFO 12328 --- [restartedMain] o.s.b.d.a.OptionalLiveReloadServer       : LiveReload server is running on port 35729
2022-09-13 10:00:03.702  INFO 12328 --- [restartedMain] o.s.b.w.embedded.tomcat.TomcatWebServer  : Tomcat started on port(s): 8080 (http) with context path ''
2022-09-13 10:00:03.704  INFO 12328 --- [restartedMain] com.login.MyFirstProjectApplication      : Started MyFirstProjectApplication in 0.215 seconds (JVM running for 93.076)
2022-09-13 10:00:03.705  INFO 12328 --- [restartedMain] .ConditionEvaluationDeltaLoggingListener : Condition evaluation unchanged
2022-09-13 10:00:03.705  INFO 12328 --- [restartedMain] com.login.MyFirstProjectApplication      : An INFO Message
2022-09-13 10:00:03.705  WARN 12328 --- [restartedMain] com.login.MyFirstProjectApplication      : A WARN Message
2022-09-13 10:00:03.705 ERROR 12328 --- [restartedMain] com.login.MyFirstProjectApplication      : A ERROR Message
2022-09-13 10:00:06.182  INFO 12328 --- [File Watcher] rtingClassPathChangeChangedEventListener : Restarting due to 1 class path change (0 additions, 0 deletions, 1 modification)
2022-09-13 10:00:06.210  INFO 12328 --- [Thread-11] o.apache.catalina.core.StandardService   : Stopping service [Tomcat]
2022-09-13 10:00:06.270  INFO 12328 --- [restartedMain] com.login.MyFirstProjectApplication      : Starting MyFirstProjectApplication using Java 17.0.4 on MSI-XAVI with PID 12328 (C:\Xavi\Archivos\Trabajo\Universidad\FE\FullStack Web\SpringBoot\my-first-project\target\classes started by Admin in C:\Xavi\Archivos\Trabajo\Universidad\FE\FullStack Web\SpringBoot\my-first-project)
2022-09-13 10:00:06.270  INFO 12328 --- [restartedMain] com.login.MyFirstProjectApplication      : No active profile set, falling back to 1 default profile: "default"
2022-09-13 10:00:06.387  INFO 12328 --- [restartedMain] o.s.b.w.embedded.tomcat.TomcatWebServer  : Tomcat initialized with port(s): 8080 (http)
2022-09-13 10:00:06.388  INFO 12328 --- [restartedMain] o.apache.catalina.core.StandardService   : Starting service [Tomcat]
2022-09-13 10:00:06.388  INFO 12328 --- [restartedMain] org.apache.catalina.core.StandardEngine  : Starting Servlet engine: [Apache Tomcat/9.0.65]
2022-09-13 10:00:06.412  INFO 12328 --- [restartedMain] o.a.c.c.C.[Tomcat].[localhost].[/]       : Initializing Spring embedded WebApplicationContext
2022-09-13 10:00:06.412  INFO 12328 --- [restartedMain] w.s.c.ServletWebServerApplicationContext : Root WebApplicationContext: initialization completed in 140 ms
2022-09-13 10:00:06.448  INFO 12328 --- [restartedMain] o.s.b.d.a.OptionalLiveReloadServer       : LiveReload server is running on port 35729
2022-09-13 10:00:06.453  INFO 12328 --- [restartedMain] o.s.b.w.embedded.tomcat.TomcatWebServer  : Tomcat started on port(s): 8080 (http) with context path ''
2022-09-13 10:00:06.455  INFO 12328 --- [restartedMain] com.login.MyFirstProjectApplication      : Started MyFirstProjectApplication in 0.211 seconds (JVM running for 95.827)
2022-09-13 10:00:06.456  INFO 12328 --- [restartedMain] .ConditionEvaluationDeltaLoggingListener : Condition evaluation unchanged
2022-09-13 10:00:06.456  INFO 12328 --- [restartedMain] com.login.MyFirstProjectApplication      : An INFO Message
2022-09-13 10:00:06.456  WARN 12328 --- [restartedMain] com.login.MyFirstProjectApplication      : A WARN Message
2022-09-13 10:00:06.456 ERROR 12328 --- [restartedMain] com.login.MyFirstProjectApplication      : A ERROR Message
2022-09-13 10:00:10.268  INFO 12328 --- [http-nio-8080-exec-1] o.a.c.c.C.[Tomcat].[localhost].[/]       : Initializing Spring DispatcherServlet 'dispatcherServlet'
2022-09-13 10:00:10.268  INFO 12328 --- [http-nio-8080-exec-1] o.s.web.servlet.DispatcherServlet        : Initializing Servlet 'dispatcherServlet'
2022-09-13 10:00:10.269  INFO 12328 --- [http-nio-8080-exec-1] o.s.web.servlet.DispatcherServlet        : Completed initialization in 0 ms
2022-09-13 10:32:41.622  INFO 8972 --- [restartedMain] com.login.MyFirstProjectApplication      : Starting MyFirstProjectApplication using Java 17.0.4 on MSI-XAVI with PID 8972 (C:\Xavi\Archivos\Trabajo\Universidad\FE\FullStack Web\SpringBoot\my-first-project2\target\classes started by Admin in C:\Xavi\Archivos\Trabajo\Universidad\FE\FullStack Web\SpringBoot\my-first-project2)
2022-09-13 10:32:41.623  INFO 8972 --- [restartedMain] com.login.MyFirstProjectApplication      : No active profile set, falling back to 1 default profile: "default"
2022-09-13 10:32:41.660  INFO 8972 --- [restartedMain] .e.DevToolsPropertyDefaultsPostProcessor : Devtools property defaults active! Set 'spring.devtools.add-properties' to 'false' to disable
2022-09-13 10:32:41.660  INFO 8972 --- [restartedMain] .e.DevToolsPropertyDefaultsPostProcessor : For additional web related logging consider setting the 'logging.level.web' property to 'DEBUG'
2022-09-13 10:32:42.319  INFO 8972 --- [restartedMain] o.s.b.w.embedded.tomcat.TomcatWebServer  : Tomcat initialized with port(s): 8080 (http)
2022-09-13 10:32:42.331  INFO 8972 --- [restartedMain] o.apache.catalina.core.StandardService   : Starting service [Tomcat]
2022-09-13 10:32:42.331  INFO 8972 --- [restartedMain] org.apache.catalina.core.StandardEngine  : Starting Servlet engine: [Apache Tomcat/9.0.65]
2022-09-13 10:32:42.388  INFO 8972 --- [restartedMain] o.a.c.c.C.[Tomcat].[localhost].[/]       : Initializing Spring embedded WebApplicationContext
2022-09-13 10:32:42.388  INFO 8972 --- [restartedMain] w.s.c.ServletWebServerApplicationContext : Root WebApplicationContext: initialization completed in 728 ms
2022-09-13 10:32:42.420  WARN 8972 --- [restartedMain] ConfigServletWebServerApplicationContext : Exception encountered during context initialization - cancelling refresh attempt: org.springframework.beans.factory.BeanCreationException: Error creating bean with name 'homeController': Lookup method resolution failed; nested exception is java.lang.IllegalStateException: Failed to introspect Class [com.login.controllers.HomeController] from ClassLoader [org.springframework.boot.devtools.restart.classloader.RestartClassLoader@5dd29694]
2022-09-13 10:32:42.422  INFO 8972 --- [restartedMain] o.apache.catalina.core.StandardService   : Stopping service [Tomcat]
2022-09-13 10:32:42.431  INFO 8972 --- [restartedMain] ConditionEvaluationReportLoggingListener : 

Error starting ApplicationContext. To display the conditions report re-run your application with 'debug' enabled.
2022-09-13 10:32:42.453 ERROR 8972 --- [restartedMain] o.s.boot.SpringApplication               : Application run failed

org.springframework.beans.factory.BeanCreationException: Error creating bean with name 'homeController': Lookup method resolution failed; nested exception is java.lang.IllegalStateException: Failed to introspect Class [com.login.controllers.HomeController] from ClassLoader [org.springframework.boot.devtools.restart.classloader.RestartClassLoader@5dd29694]
	at org.springframework.beans.factory.annotation.AutowiredAnnotationBeanPostProcessor.determineCandidateConstructors(AutowiredAnnotationBeanPostProcessor.java:289) ~[spring-beans-5.3.22.jar:5.3.22]
	at org.springframework.beans.factory.support.AbstractAutowireCapableBeanFactory.determineConstructorsFromBeanPostProcessors(AbstractAutowireCapableBeanFactory.java:1302) ~[spring-beans-5.3.22.jar:5.3.22]
	at org.springframework.beans.factory.support.AbstractAutowireCapableBeanFactory.createBeanInstance(AbstractAutowireCapableBeanFactory.java:1219) ~[spring-beans-5.3.22.jar:5.3.22]
	at org.springframework.beans.factory.support.AbstractAutowireCapableBeanFactory.doCreateBean(AbstractAutowireCapableBeanFactory.java:582) ~[spring-beans-5.3.22.jar:5.3.22]
	at org.springframework.beans.factory.support.AbstractAutowireCapableBeanFactory.createBean(AbstractAutowireCapableBeanFactory.java:542) ~[spring-beans-5.3.22.jar:5.3.22]
	at org.springframework.beans.factory.support.AbstractBeanFactory.lambda$doGetBean$0(AbstractBeanFactory.java:335) ~[spring-beans-5.3.22.jar:5.3.22]
	at org.springframework.beans.factory.support.DefaultSingletonBeanRegistry.getSingleton(DefaultSingletonBeanRegistry.java:234) ~[spring-beans-5.3.22.jar:5.3.22]
	at org.springframework.beans.factory.support.AbstractBeanFactory.doGetBean(AbstractBeanFactory.java:333) ~[spring-beans-5.3.22.jar:5.3.22]
	at org.springframework.beans.factory.support.AbstractBeanFactory.getBean(AbstractBeanFactory.java:208) ~[spring-beans-5.3.22.jar:5.3.22]
	at org.springframework.beans.factory.support.DefaultListableBeanFactory.preInstantiateSingletons(DefaultListableBeanFactory.java:955) ~[spring-beans-5.3.22.jar:5.3.22]
	at org.springframework.context.support.AbstractApplicationContext.finishBeanFactoryInitialization(AbstractApplicationContext.java:918) ~[spring-context-5.3.22.jar:5.3.22]
	at org.springframework.context.support.AbstractApplicationContext.refresh(AbstractApplicationContext.java:583) ~[spring-context-5.3.22.jar:5.3.22]
	at org.springframework.boot.web.servlet.context.ServletWebServerApplicationContext.refresh(ServletWebServerApplicationContext.java:147) ~[spring-boot-2.7.3.jar:2.7.3]
	at org.springframework.boot.SpringApplication.refresh(SpringApplication.java:734) ~[spring-boot-2.7.3.jar:2.7.3]
	at org.springframework.boot.SpringApplication.refreshContext(SpringApplication.java:408) ~[spring-boot-2.7.3.jar:2.7.3]
	at org.springframework.boot.SpringApplication.run(SpringApplication.java:308) ~[spring-boot-2.7.3.jar:2.7.3]
	at org.springframework.boot.SpringApplication.run(SpringApplication.java:1306) ~[spring-boot-2.7.3.jar:2.7.3]
	at org.springframework.boot.SpringApplication.run(SpringApplication.java:1295) ~[spring-boot-2.7.3.jar:2.7.3]
	at com.login.MyFirstProjectApplication.main(MyFirstProjectApplication.java:13) ~[classes/:na]
	at java.base/jdk.internal.reflect.NativeMethodAccessorImpl.invoke0(Native Method) ~[na:na]
	at java.base/jdk.internal.reflect.NativeMethodAccessorImpl.invoke(NativeMethodAccessorImpl.java:77) ~[na:na]
	at java.base/jdk.internal.reflect.DelegatingMethodAccessorImpl.invoke(DelegatingMethodAccessorImpl.java:43) ~[na:na]
	at java.base/java.lang.reflect.Method.invoke(Method.java:568) ~[na:na]
	at org.springframework.boot.devtools.restart.RestartLauncher.run(RestartLauncher.java:49) ~[spring-boot-devtools-2.7.3.jar:2.7.3]
Caused by: java.lang.IllegalStateException: Failed to introspect Class [com.login.controllers.HomeController] from ClassLoader [org.springframework.boot.devtools.restart.classloader.RestartClassLoader@5dd29694]
	at org.springframework.util.ReflectionUtils.getDeclaredMethods(ReflectionUtils.java:485) ~[spring-core-5.3.22.jar:5.3.22]
	at org.springframework.util.ReflectionUtils.doWithLocalMethods(ReflectionUtils.java:321) ~[spring-core-5.3.22.jar:5.3.22]
	at org.springframework.beans.factory.annotation.AutowiredAnnotationBeanPostProcessor.determineCandidateConstructors(AutowiredAnnotationBeanPostProcessor.java:267) ~[spring-beans-5.3.22.jar:5.3.22]
	... 23 common frames omitted
Caused by: java.lang.NoClassDefFoundError: TextToJSON
	at java.base/java.lang.Class.getDeclaredMethods0(Native Method) ~[na:na]
	at java.base/java.lang.Class.privateGetDeclaredMethods(Class.java:3402) ~[na:na]
	at java.base/java.lang.Class.getDeclaredMethods(Class.java:2504) ~[na:na]
	at org.springframework.util.ReflectionUtils.getDeclaredMethods(ReflectionUtils.java:467) ~[spring-core-5.3.22.jar:5.3.22]
	... 25 common frames omitted
Caused by: java.lang.ClassNotFoundException: TextToJSON
	at java.base/jdk.internal.loader.BuiltinClassLoader.loadClass(BuiltinClassLoader.java:641) ~[na:na]
	at java.base/jdk.internal.loader.ClassLoaders$AppClassLoader.loadClass(ClassLoaders.java:188) ~[na:na]
	at java.base/java.lang.ClassLoader.loadClass(ClassLoader.java:520) ~[na:na]
	at java.base/java.lang.Class.forName0(Native Method) ~[na:na]
	at java.base/java.lang.Class.forName(Class.java:467) ~[na:na]
	at org.springframework.boot.devtools.restart.classloader.RestartClassLoader.loadClass(RestartClassLoader.java:145) ~[spring-boot-devtools-2.7.3.jar:2.7.3]
	at java.base/java.lang.ClassLoader.loadClass(ClassLoader.java:520) ~[na:na]
	... 29 common frames omitted

2022-09-13 10:37:48.167  INFO 12676 --- [restartedMain] com.login.MyFirstProjectApplication      : Starting MyFirstProjectApplication using Java 17.0.4 on MSI-XAVI with PID 12676 (C:\Xavi\Archivos\Trabajo\Universidad\FE\FullStack Web\SpringBoot\my-first-project2\target\classes started by Admin in C:\Xavi\Archivos\Trabajo\Universidad\FE\FullStack Web\SpringBoot\my-first-project2)
2022-09-13 10:37:48.168  INFO 12676 --- [restartedMain] com.login.MyFirstProjectApplication      : No active profile set, falling back to 1 default profile: "default"
2022-09-13 10:37:48.202  INFO 12676 --- [restartedMain] .e.DevToolsPropertyDefaultsPostProcessor : Devtools property defaults active! Set 'spring.devtools.add-properties' to 'false' to disable
2022-09-13 10:37:48.202  INFO 12676 --- [restartedMain] .e.DevToolsPropertyDefaultsPostProcessor : For additional web related logging consider setting the 'logging.level.web' property to 'DEBUG'
2022-09-13 10:37:48.860  INFO 12676 --- [restartedMain] o.s.b.w.embedded.tomcat.TomcatWebServer  : Tomcat initialized with port(s): 8080 (http)
2022-09-13 10:37:48.868  INFO 12676 --- [restartedMain] o.apache.catalina.core.StandardService   : Starting service [Tomcat]
2022-09-13 10:37:48.868  INFO 12676 --- [restartedMain] org.apache.catalina.core.StandardEngine  : Starting Servlet engine: [Apache Tomcat/9.0.65]
2022-09-13 10:37:48.926  INFO 12676 --- [restartedMain] o.a.c.c.C.[Tomcat].[localhost].[/]       : Initializing Spring embedded WebApplicationContext
2022-09-13 10:37:48.926  INFO 12676 --- [restartedMain] w.s.c.ServletWebServerApplicationContext : Root WebApplicationContext: initialization completed in 723 ms
2022-09-13 10:37:48.959  WARN 12676 --- [restartedMain] ConfigServletWebServerApplicationContext : Exception encountered during context initialization - cancelling refresh attempt: org.springframework.beans.factory.BeanCreationException: Error creating bean with name 'homeController': Lookup method resolution failed; nested exception is java.lang.IllegalStateException: Failed to introspect Class [com.login.controllers.HomeController] from ClassLoader [org.springframework.boot.devtools.restart.classloader.RestartClassLoader@5dd29694]
2022-09-13 10:37:48.961  INFO 12676 --- [restartedMain] o.apache.catalina.core.StandardService   : Stopping service [Tomcat]
2022-09-13 10:37:48.970  INFO 12676 --- [restartedMain] ConditionEvaluationReportLoggingListener : 

Error starting ApplicationContext. To display the conditions report re-run your application with 'debug' enabled.
2022-09-13 10:37:48.990 ERROR 12676 --- [restartedMain] o.s.boot.SpringApplication               : Application run failed

org.springframework.beans.factory.BeanCreationException: Error creating bean with name 'homeController': Lookup method resolution failed; nested exception is java.lang.IllegalStateException: Failed to introspect Class [com.login.controllers.HomeController] from ClassLoader [org.springframework.boot.devtools.restart.classloader.RestartClassLoader@5dd29694]
	at org.springframework.beans.factory.annotation.AutowiredAnnotationBeanPostProcessor.determineCandidateConstructors(AutowiredAnnotationBeanPostProcessor.java:289) ~[spring-beans-5.3.22.jar:5.3.22]
	at org.springframework.beans.factory.support.AbstractAutowireCapableBeanFactory.determineConstructorsFromBeanPostProcessors(AbstractAutowireCapableBeanFactory.java:1302) ~[spring-beans-5.3.22.jar:5.3.22]
	at org.springframework.beans.factory.support.AbstractAutowireCapableBeanFactory.createBeanInstance(AbstractAutowireCapableBeanFactory.java:1219) ~[spring-beans-5.3.22.jar:5.3.22]
	at org.springframework.beans.factory.support.AbstractAutowireCapableBeanFactory.doCreateBean(AbstractAutowireCapableBeanFactory.java:582) ~[spring-beans-5.3.22.jar:5.3.22]
	at org.springframework.beans.factory.support.AbstractAutowireCapableBeanFactory.createBean(AbstractAutowireCapableBeanFactory.java:542) ~[spring-beans-5.3.22.jar:5.3.22]
	at org.springframework.beans.factory.support.AbstractBeanFactory.lambda$doGetBean$0(AbstractBeanFactory.java:335) ~[spring-beans-5.3.22.jar:5.3.22]
	at org.springframework.beans.factory.support.DefaultSingletonBeanRegistry.getSingleton(DefaultSingletonBeanRegistry.java:234) ~[spring-beans-5.3.22.jar:5.3.22]
	at org.springframework.beans.factory.support.AbstractBeanFactory.doGetBean(AbstractBeanFactory.java:333) ~[spring-beans-5.3.22.jar:5.3.22]
	at org.springframework.beans.factory.support.AbstractBeanFactory.getBean(AbstractBeanFactory.java:208) ~[spring-beans-5.3.22.jar:5.3.22]
	at org.springframework.beans.factory.support.DefaultListableBeanFactory.preInstantiateSingletons(DefaultListableBeanFactory.java:955) ~[spring-beans-5.3.22.jar:5.3.22]
	at org.springframework.context.support.AbstractApplicationContext.finishBeanFactoryInitialization(AbstractApplicationContext.java:918) ~[spring-context-5.3.22.jar:5.3.22]
	at org.springframework.context.support.AbstractApplicationContext.refresh(AbstractApplicationContext.java:583) ~[spring-context-5.3.22.jar:5.3.22]
	at org.springframework.boot.web.servlet.context.ServletWebServerApplicationContext.refresh(ServletWebServerApplicationContext.java:147) ~[spring-boot-2.7.3.jar:2.7.3]
	at org.springframework.boot.SpringApplication.refresh(SpringApplication.java:734) ~[spring-boot-2.7.3.jar:2.7.3]
	at org.springframework.boot.SpringApplication.refreshContext(SpringApplication.java:408) ~[spring-boot-2.7.3.jar:2.7.3]
	at org.springframework.boot.SpringApplication.run(SpringApplication.java:308) ~[spring-boot-2.7.3.jar:2.7.3]
	at org.springframework.boot.SpringApplication.run(SpringApplication.java:1306) ~[spring-boot-2.7.3.jar:2.7.3]
	at org.springframework.boot.SpringApplication.run(SpringApplication.java:1295) ~[spring-boot-2.7.3.jar:2.7.3]
	at com.login.MyFirstProjectApplication.main(MyFirstProjectApplication.java:13) ~[classes/:na]
	at java.base/jdk.internal.reflect.NativeMethodAccessorImpl.invoke0(Native Method) ~[na:na]
	at java.base/jdk.internal.reflect.NativeMethodAccessorImpl.invoke(NativeMethodAccessorImpl.java:77) ~[na:na]
	at java.base/jdk.internal.reflect.DelegatingMethodAccessorImpl.invoke(DelegatingMethodAccessorImpl.java:43) ~[na:na]
	at java.base/java.lang.reflect.Method.invoke(Method.java:568) ~[na:na]
	at org.springframework.boot.devtools.restart.RestartLauncher.run(RestartLauncher.java:49) ~[spring-boot-devtools-2.7.3.jar:2.7.3]
Caused by: java.lang.IllegalStateException: Failed to introspect Class [com.login.controllers.HomeController] from ClassLoader [org.springframework.boot.devtools.restart.classloader.RestartClassLoader@5dd29694]
	at org.springframework.util.ReflectionUtils.getDeclaredMethods(ReflectionUtils.java:485) ~[spring-core-5.3.22.jar:5.3.22]
	at org.springframework.util.ReflectionUtils.doWithLocalMethods(ReflectionUtils.java:321) ~[spring-core-5.3.22.jar:5.3.22]
	at org.springframework.beans.factory.annotation.AutowiredAnnotationBeanPostProcessor.determineCandidateConstructors(AutowiredAnnotationBeanPostProcessor.java:267) ~[spring-beans-5.3.22.jar:5.3.22]
	... 23 common frames omitted
Caused by: java.lang.NoClassDefFoundError: TextToJSON
	at java.base/java.lang.Class.getDeclaredMethods0(Native Method) ~[na:na]
	at java.base/java.lang.Class.privateGetDeclaredMethods(Class.java:3402) ~[na:na]
	at java.base/java.lang.Class.getDeclaredMethods(Class.java:2504) ~[na:na]
	at org.springframework.util.ReflectionUtils.getDeclaredMethods(ReflectionUtils.java:467) ~[spring-core-5.3.22.jar:5.3.22]
	... 25 common frames omitted
Caused by: java.lang.ClassNotFoundException: TextToJSON
	at java.base/jdk.internal.loader.BuiltinClassLoader.loadClass(BuiltinClassLoader.java:641) ~[na:na]
	at java.base/jdk.internal.loader.ClassLoaders$AppClassLoader.loadClass(ClassLoaders.java:188) ~[na:na]
	at java.base/java.lang.ClassLoader.loadClass(ClassLoader.java:520) ~[na:na]
	at java.base/java.lang.Class.forName0(Native Method) ~[na:na]
	at java.base/java.lang.Class.forName(Class.java:467) ~[na:na]
	at org.springframework.boot.devtools.restart.classloader.RestartClassLoader.loadClass(RestartClassLoader.java:145) ~[spring-boot-devtools-2.7.3.jar:2.7.3]
	at java.base/java.lang.ClassLoader.loadClass(ClassLoader.java:520) ~[na:na]
	... 29 common frames omitted

2022-09-13 10:38:45.550  INFO 18604 --- [restartedMain] com.login.MyFirstProjectApplication      : Starting MyFirstProjectApplication using Java 17.0.4 on MSI-XAVI with PID 18604 (C:\Xavi\Archivos\Trabajo\Universidad\FE\FullStack Web\SpringBoot\my-first-project2\target\classes started by Admin in C:\Xavi\Archivos\Trabajo\Universidad\FE\FullStack Web\SpringBoot\my-first-project2)
2022-09-13 10:38:45.552  INFO 18604 --- [restartedMain] com.login.MyFirstProjectApplication      : No active profile set, falling back to 1 default profile: "default"
2022-09-13 10:38:45.587  INFO 18604 --- [restartedMain] .e.DevToolsPropertyDefaultsPostProcessor : Devtools property defaults active! Set 'spring.devtools.add-properties' to 'false' to disable
2022-09-13 10:38:45.587  INFO 18604 --- [restartedMain] .e.DevToolsPropertyDefaultsPostProcessor : For additional web related logging consider setting the 'logging.level.web' property to 'DEBUG'
2022-09-13 10:38:46.250  INFO 18604 --- [restartedMain] o.s.b.w.embedded.tomcat.TomcatWebServer  : Tomcat initialized with port(s): 8080 (http)
2022-09-13 10:38:46.259  INFO 18604 --- [restartedMain] o.apache.catalina.core.StandardService   : Starting service [Tomcat]
2022-09-13 10:38:46.259  INFO 18604 --- [restartedMain] org.apache.catalina.core.StandardEngine  : Starting Servlet engine: [Apache Tomcat/9.0.65]
2022-09-13 10:38:46.317  INFO 18604 --- [restartedMain] o.a.c.c.C.[Tomcat].[localhost].[/]       : Initializing Spring embedded WebApplicationContext
2022-09-13 10:38:46.318  INFO 18604 --- [restartedMain] w.s.c.ServletWebServerApplicationContext : Root WebApplicationContext: initialization completed in 730 ms
2022-09-13 10:38:46.563  INFO 18604 --- [restartedMain] o.s.b.d.a.OptionalLiveReloadServer       : LiveReload server is running on port 35729
2022-09-13 10:38:46.589  INFO 18604 --- [restartedMain] o.s.b.w.embedded.tomcat.TomcatWebServer  : Tomcat started on port(s): 8080 (http) with context path ''
2022-09-13 10:38:46.597  INFO 18604 --- [restartedMain] com.login.MyFirstProjectApplication      : Started MyFirstProjectApplication in 1.366 seconds (JVM running for 1.998)
2022-09-13 10:38:46.598  INFO 18604 --- [restartedMain] com.login.MyFirstProjectApplication      : An INFO Message
2022-09-13 10:38:46.599  WARN 18604 --- [restartedMain] com.login.MyFirstProjectApplication      : A WARN Message
2022-09-13 10:38:46.599 ERROR 18604 --- [restartedMain] com.login.MyFirstProjectApplication      : A ERROR Message
2022-09-13 10:38:58.441  INFO 18604 --- [http-nio-8080-exec-1] o.a.c.c.C.[Tomcat].[localhost].[/]       : Initializing Spring DispatcherServlet 'dispatcherServlet'
2022-09-13 10:38:58.442  INFO 18604 --- [http-nio-8080-exec-1] o.s.web.servlet.DispatcherServlet        : Initializing Servlet 'dispatcherServlet'
2022-09-13 10:38:58.442  INFO 18604 --- [http-nio-8080-exec-1] o.s.web.servlet.DispatcherServlet        : Completed initialization in 0 ms
2022-09-13 10:40:10.494  INFO 18604 --- [RMI TCP Connection(5)-127.0.0.1] inMXBeanRegistrar$SpringApplicationAdmin : Application shutdown requested.
2022-09-13 10:40:10.512  INFO 18604 --- [RMI TCP Connection(5)-127.0.0.1] o.apache.catalina.core.StandardService   : Stopping service [Tomcat]
2022-09-13 10:40:10.513  INFO 18604 --- [RMI TCP Connection(5)-127.0.0.1] o.a.c.c.C.[Tomcat].[localhost].[/]       : Destroying Spring FrameworkServlet 'dispatcherServlet'
2022-09-13 10:40:12.245  INFO 10100 --- [restartedMain] com.login.MyFirstProjectApplication      : Starting MyFirstProjectApplication using Java 17.0.4 on MSI-XAVI with PID 10100 (C:\Xavi\Archivos\Trabajo\Universidad\FE\FullStack Web\SpringBoot\my-first-project2\target\classes started by Admin in C:\Xavi\Archivos\Trabajo\Universidad\FE\FullStack Web\SpringBoot\my-first-project2)
2022-09-13 10:40:12.246  INFO 10100 --- [restartedMain] com.login.MyFirstProjectApplication      : No active profile set, falling back to 1 default profile: "default"
2022-09-13 10:40:12.281  INFO 10100 --- [restartedMain] .e.DevToolsPropertyDefaultsPostProcessor : Devtools property defaults active! Set 'spring.devtools.add-properties' to 'false' to disable
2022-09-13 10:40:12.281  INFO 10100 --- [restartedMain] .e.DevToolsPropertyDefaultsPostProcessor : For additional web related logging consider setting the 'logging.level.web' property to 'DEBUG'
2022-09-13 10:40:12.943  INFO 10100 --- [restartedMain] o.s.b.w.embedded.tomcat.TomcatWebServer  : Tomcat initialized with port(s): 8080 (http)
2022-09-13 10:40:12.950  INFO 10100 --- [restartedMain] o.apache.catalina.core.StandardService   : Starting service [Tomcat]
2022-09-13 10:40:12.951  INFO 10100 --- [restartedMain] org.apache.catalina.core.StandardEngine  : Starting Servlet engine: [Apache Tomcat/9.0.65]
2022-09-13 10:40:13.008  INFO 10100 --- [restartedMain] o.a.c.c.C.[Tomcat].[localhost].[/]       : Initializing Spring embedded WebApplicationContext
2022-09-13 10:40:13.009  INFO 10100 --- [restartedMain] w.s.c.ServletWebServerApplicationContext : Root WebApplicationContext: initialization completed in 728 ms
2022-09-13 10:40:13.242  INFO 10100 --- [restartedMain] o.s.b.d.a.OptionalLiveReloadServer       : LiveReload server is running on port 35729
2022-09-13 10:40:13.271  INFO 10100 --- [restartedMain] o.s.b.w.embedded.tomcat.TomcatWebServer  : Tomcat started on port(s): 8080 (http) with context path ''
2022-09-13 10:40:13.278  INFO 10100 --- [restartedMain] com.login.MyFirstProjectApplication      : Started MyFirstProjectApplication in 1.349 seconds (JVM running for 1.986)
2022-09-13 10:40:13.280  INFO 10100 --- [restartedMain] com.login.MyFirstProjectApplication      : An INFO Message
2022-09-13 10:40:13.280  WARN 10100 --- [restartedMain] com.login.MyFirstProjectApplication      : A WARN Message
2022-09-13 10:40:13.280 ERROR 10100 --- [restartedMain] com.login.MyFirstProjectApplication      : A ERROR Message
2022-09-13 10:40:17.478  INFO 10100 --- [http-nio-8080-exec-1] o.a.c.c.C.[Tomcat].[localhost].[/]       : Initializing Spring DispatcherServlet 'dispatcherServlet'
2022-09-13 10:40:17.479  INFO 10100 --- [http-nio-8080-exec-1] o.s.web.servlet.DispatcherServlet        : Initializing Servlet 'dispatcherServlet'
2022-09-13 10:40:17.479  INFO 10100 --- [http-nio-8080-exec-1] o.s.web.servlet.DispatcherServlet        : Completed initialization in 0 ms
2022-09-13 10:49:13.060  INFO 12056 --- [restartedMain] com.login.MyFirstProjectApplication      : Starting MyFirstProjectApplication using Java 17.0.4 on MSI-XAVI with PID 12056 (C:\Xavi\Archivos\Trabajo\Universidad\FE\FullStack Web\SpringBoot\my-first-project3\target\classes started by Admin in C:\Xavi\Archivos\Trabajo\Universidad\FE\FullStack Web\SpringBoot\my-first-project3)
2022-09-13 10:49:13.061  INFO 12056 --- [restartedMain] com.login.MyFirstProjectApplication      : No active profile set, falling back to 1 default profile: "default"
2022-09-13 10:49:13.102  INFO 12056 --- [restartedMain] .e.DevToolsPropertyDefaultsPostProcessor : Devtools property defaults active! Set 'spring.devtools.add-properties' to 'false' to disable
2022-09-13 10:49:13.102  INFO 12056 --- [restartedMain] .e.DevToolsPropertyDefaultsPostProcessor : For additional web related logging consider setting the 'logging.level.web' property to 'DEBUG'
2022-09-13 10:49:13.770  INFO 12056 --- [restartedMain] o.s.b.w.embedded.tomcat.TomcatWebServer  : Tomcat initialized with port(s): 8080 (http)
2022-09-13 10:49:13.778  INFO 12056 --- [restartedMain] o.apache.catalina.core.StandardService   : Starting service [Tomcat]
2022-09-13 10:49:13.778  INFO 12056 --- [restartedMain] org.apache.catalina.core.StandardEngine  : Starting Servlet engine: [Apache Tomcat/9.0.65]
2022-09-13 10:49:13.838  INFO 12056 --- [restartedMain] o.a.c.c.C.[Tomcat].[localhost].[/]       : Initializing Spring embedded WebApplicationContext
2022-09-13 10:49:13.839  INFO 12056 --- [restartedMain] w.s.c.ServletWebServerApplicationContext : Root WebApplicationContext: initialization completed in 737 ms
2022-09-13 10:49:14.085  INFO 12056 --- [restartedMain] o.s.b.d.a.OptionalLiveReloadServer       : LiveReload server is running on port 35729
2022-09-13 10:49:14.115  INFO 12056 --- [restartedMain] o.s.b.w.embedded.tomcat.TomcatWebServer  : Tomcat started on port(s): 8080 (http) with context path ''
2022-09-13 10:49:14.123  INFO 12056 --- [restartedMain] com.login.MyFirstProjectApplication      : Started MyFirstProjectApplication in 1.373 seconds (JVM running for 2.016)
2022-09-13 10:49:14.125  INFO 12056 --- [restartedMain] com.login.MyFirstProjectApplication      : An INFO Message
2022-09-13 10:49:14.126  WARN 12056 --- [restartedMain] com.login.MyFirstProjectApplication      : A WARN Message
2022-09-13 10:49:14.126 ERROR 12056 --- [restartedMain] com.login.MyFirstProjectApplication      : A ERROR Message
2022-09-13 10:49:17.842  INFO 12056 --- [http-nio-8080-exec-1] o.a.c.c.C.[Tomcat].[localhost].[/]       : Initializing Spring DispatcherServlet 'dispatcherServlet'
2022-09-13 10:49:17.842  INFO 12056 --- [http-nio-8080-exec-1] o.s.web.servlet.DispatcherServlet        : Initializing Servlet 'dispatcherServlet'
2022-09-13 10:49:17.843  INFO 12056 --- [http-nio-8080-exec-1] o.s.web.servlet.DispatcherServlet        : Completed initialization in 1 ms
2022-09-13 10:52:41.836  INFO 5824 --- [restartedMain] com.login.MyFirstProjectApplication      : Starting MyFirstProjectApplication using Java 17.0.4 on MSI-XAVI with PID 5824 (C:\Xavi\Archivos\Trabajo\Universidad\FE\FullStack Web\SpringBoot\my-first-project4\target\classes started by Admin in C:\Xavi\Archivos\Trabajo\Universidad\FE\FullStack Web\SpringBoot\my-first-project4)
2022-09-13 10:52:41.837  INFO 5824 --- [restartedMain] com.login.MyFirstProjectApplication      : No active profile set, falling back to 1 default profile: "default"
2022-09-13 10:52:41.874  INFO 5824 --- [restartedMain] .e.DevToolsPropertyDefaultsPostProcessor : Devtools property defaults active! Set 'spring.devtools.add-properties' to 'false' to disable
2022-09-13 10:52:41.874  INFO 5824 --- [restartedMain] .e.DevToolsPropertyDefaultsPostProcessor : For additional web related logging consider setting the 'logging.level.web' property to 'DEBUG'
2022-09-13 10:52:42.542  INFO 5824 --- [restartedMain] o.s.b.w.embedded.tomcat.TomcatWebServer  : Tomcat initialized with port(s): 8080 (http)
2022-09-13 10:52:42.551  INFO 5824 --- [restartedMain] o.apache.catalina.core.StandardService   : Starting service [Tomcat]
2022-09-13 10:52:42.552  INFO 5824 --- [restartedMain] org.apache.catalina.core.StandardEngine  : Starting Servlet engine: [Apache Tomcat/9.0.65]
2022-09-13 10:52:42.611  INFO 5824 --- [restartedMain] o.a.c.c.C.[Tomcat].[localhost].[/]       : Initializing Spring embedded WebApplicationContext
2022-09-13 10:52:42.611  INFO 5824 --- [restartedMain] w.s.c.ServletWebServerApplicationContext : Root WebApplicationContext: initialization completed in 736 ms
2022-09-13 10:52:42.854  WARN 5824 --- [restartedMain] o.s.b.d.a.OptionalLiveReloadServer       : Unable to start LiveReload server
2022-09-13 10:52:42.867  WARN 5824 --- [restartedMain] ConfigServletWebServerApplicationContext : Exception encountered during context initialization - cancelling refresh attempt: org.springframework.context.ApplicationContextException: Failed to start bean 'webServerStartStop'; nested exception is org.springframework.boot.web.server.PortInUseException: Port 8080 is already in use
2022-09-13 10:52:42.869  INFO 5824 --- [restartedMain] o.apache.catalina.core.StandardService   : Stopping service [Tomcat]
2022-09-13 10:52:42.879  INFO 5824 --- [restartedMain] ConditionEvaluationReportLoggingListener : 

Error starting ApplicationContext. To display the conditions report re-run your application with 'debug' enabled.
2022-09-13 10:52:42.895 ERROR 5824 --- [restartedMain] o.s.b.d.LoggingFailureAnalysisReporter   : 

***************************
APPLICATION FAILED TO START
***************************

Description:

Web server failed to start. Port 8080 was already in use.

Action:

Identify and stop the process that's listening on port 8080 or configure this application to listen on another port.

2022-09-13 10:53:04.531  INFO 19372 --- [restartedMain] com.login.MyFirstProjectApplication      : Starting MyFirstProjectApplication using Java 17.0.4 on MSI-XAVI with PID 19372 (C:\Xavi\Archivos\Trabajo\Universidad\FE\FullStack Web\SpringBoot\my-first-project4\target\classes started by Admin in C:\Xavi\Archivos\Trabajo\Universidad\FE\FullStack Web\SpringBoot\my-first-project4)
2022-09-13 10:53:04.532  INFO 19372 --- [restartedMain] com.login.MyFirstProjectApplication      : No active profile set, falling back to 1 default profile: "default"
2022-09-13 10:53:04.569  INFO 19372 --- [restartedMain] .e.DevToolsPropertyDefaultsPostProcessor : Devtools property defaults active! Set 'spring.devtools.add-properties' to 'false' to disable
2022-09-13 10:53:04.569  INFO 19372 --- [restartedMain] .e.DevToolsPropertyDefaultsPostProcessor : For additional web related logging consider setting the 'logging.level.web' property to 'DEBUG'
2022-09-13 10:53:05.220  INFO 19372 --- [restartedMain] o.s.b.w.embedded.tomcat.TomcatWebServer  : Tomcat initialized with port(s): 8080 (http)
2022-09-13 10:53:05.228  INFO 19372 --- [restartedMain] o.apache.catalina.core.StandardService   : Starting service [Tomcat]
2022-09-13 10:53:05.228  INFO 19372 --- [restartedMain] org.apache.catalina.core.StandardEngine  : Starting Servlet engine: [Apache Tomcat/9.0.65]
2022-09-13 10:53:05.288  INFO 19372 --- [restartedMain] o.a.c.c.C.[Tomcat].[localhost].[/]       : Initializing Spring embedded WebApplicationContext
2022-09-13 10:53:05.288  INFO 19372 --- [restartedMain] w.s.c.ServletWebServerApplicationContext : Root WebApplicationContext: initialization completed in 718 ms
2022-09-13 10:53:05.521  INFO 19372 --- [restartedMain] o.s.b.d.a.OptionalLiveReloadServer       : LiveReload server is running on port 35729
2022-09-13 10:53:05.554  INFO 19372 --- [restartedMain] o.s.b.w.embedded.tomcat.TomcatWebServer  : Tomcat started on port(s): 8080 (http) with context path ''
2022-09-13 10:53:05.562  INFO 19372 --- [restartedMain] com.login.MyFirstProjectApplication      : Started MyFirstProjectApplication in 1.341 seconds (JVM running for 1.987)
2022-09-13 10:53:10.305  INFO 19372 --- [http-nio-8080-exec-1] o.a.c.c.C.[Tomcat].[localhost].[/]       : Initializing Spring DispatcherServlet 'dispatcherServlet'
2022-09-13 10:53:10.306  INFO 19372 --- [http-nio-8080-exec-1] o.s.web.servlet.DispatcherServlet        : Initializing Servlet 'dispatcherServlet'
2022-09-13 10:53:10.307  INFO 19372 --- [http-nio-8080-exec-1] o.s.web.servlet.DispatcherServlet        : Completed initialization in 1 ms
2022-09-13 11:04:20.222  INFO 19372 --- [RMI TCP Connection(15)-127.0.0.1] inMXBeanRegistrar$SpringApplicationAdmin : Application shutdown requested.
2022-09-13 11:04:20.238  INFO 19372 --- [RMI TCP Connection(15)-127.0.0.1] o.apache.catalina.core.StandardService   : Stopping service [Tomcat]
2022-09-13 11:04:20.239  INFO 19372 --- [RMI TCP Connection(15)-127.0.0.1] o.a.c.c.C.[Tomcat].[localhost].[/]       : Destroying Spring FrameworkServlet 'dispatcherServlet'
