
2022-09-09 11:00:43 - Application shutdown requested.
2022-09-09 11:00:43 - Stopping service [Tomcat]
2022-09-09 11:00:45 - Starting MyFirstProjectApplication using Java 17.0.4 on MSI-XAVI with PID 5472 (C:\Xavi\Archivos\Trabajo\Universidad\FE\FullStack Web\SpringBoot\my-first-project\target\classes started by Admin in C:\Xavi\Archivos\Trabajo\Universidad\FE\FullStack Web\SpringBoot\my-first-project)
2022-09-09 11:00:45 - No active profile set, falling back to 1 default profile: "default"
2022-09-09 11:00:45 - Devtools property defaults active! Set 'spring.devtools.add-properties' to 'false' to disable
2022-09-09 11:00:45 - For additional web related logging consider setting the 'logging.level.web' property to 'DEBUG'
2022-09-09 11:00:45 - Tomcat initialized with port(s): 8080 (http)
2022-09-09 11:00:45 - Starting service [Tomcat]
2022-09-09 11:00:45 - Starting Servlet engine: [Apache Tomcat/9.0.65]
2022-09-09 11:00:45 - Initializing Spring embedded WebApplicationContext
2022-09-09 11:00:45 - Root WebApplicationContext: initialization completed in 733 ms
2022-09-09 11:00:46 - LiveReload server is running on port 35729
2022-09-09 11:00:46 - Tomcat started on port(s): 8080 (http) with context path ''
2022-09-09 11:00:46 - Started MyFirstProjectApplication in 1.347 seconds (JVM running for 1.97)
2022-09-09 11:00:46 - An INFO Message
2022-09-09 11:00:46 - A WARN Message
2022-09-09 11:00:46 - A ERROR Message
2022-09-09 11:01:18 - Application shutdown requested.
2022-09-09 11:01:18 - Stopping service [Tomcat]
2022-09-09 11:01:21 - Starting MyFirstProjectApplication using Java 17.0.4 on MSI-XAVI with PID 23136 (C:\Xavi\Archivos\Trabajo\Universidad\FE\FullStack Web\SpringBoot\my-first-project\target\classes started by Admin in C:\Xavi\Archivos\Trabajo\Universidad\FE\FullStack Web\SpringBoot\my-first-project)
2022-09-09 11:01:21 - No active profile set, falling back to 1 default profile: "default"
2022-09-09 11:01:21 - Devtools property defaults active! Set 'spring.devtools.add-properties' to 'false' to disable
2022-09-09 11:01:21 - For additional web related logging consider setting the 'logging.level.web' property to 'DEBUG'
2022-09-09 11:01:22 - Tomcat initialized with port(s): 8080 (http)
2022-09-09 11:01:22 - Starting service [Tomcat]
2022-09-09 11:01:22 - Starting Servlet engine: [Apache Tomcat/9.0.65]
2022-09-09 11:01:22 - Initializing Spring embedded WebApplicationContext
2022-09-09 11:01:22 - Root WebApplicationContext: initialization completed in 735 ms
2022-09-09 11:01:22 - LiveReload server is running on port 35729
2022-09-09 11:01:22 - Tomcat started on port(s): 8080 (http) with context path ''
2022-09-09 11:01:22 - Started MyFirstProjectApplication in 1.368 seconds (JVM running for 1.98)
2022-09-09 11:01:22 - An INFO Message
2022-09-09 11:01:22 - A WARN Message
2022-09-09 11:01:22 - A ERROR Message
2022-09-09 11:02:28 - Restarting due to 1 class path change (0 additions, 0 deletions, 1 modification)
2022-09-09 11:02:28 - Stopping service [Tomcat]
2022-09-09 11:02:28 - Starting MyFirstProjectApplication using Java 17.0.4 on MSI-XAVI with PID 23136 (C:\Xavi\Archivos\Trabajo\Universidad\FE\FullStack Web\SpringBoot\my-first-project\target\classes started by Admin in C:\Xavi\Archivos\Trabajo\Universidad\FE\FullStack Web\SpringBoot\my-first-project)
2022-09-09 11:02:28 - No active profile set, falling back to 1 default profile: "default"
2022-09-09 11:02:28 - Tomcat initialized with port(s): 8080 (http)
2022-09-09 11:02:28 - Starting service [Tomcat]
2022-09-09 11:02:28 - Starting Servlet engine: [Apache Tomcat/9.0.65]
2022-09-09 11:02:28 - Initializing Spring embedded WebApplicationContext
2022-09-09 11:02:28 - Root WebApplicationContext: initialization completed in 154 ms
2022-09-09 11:02:28 - LiveReload server is running on port 35729
2022-09-09 11:02:28 - Tomcat started on port(s): 8080 (http) with context path ''
2022-09-09 11:02:28 - Started MyFirstProjectApplication in 0.235 seconds (JVM running for 67.478)
2022-09-09 11:02:28 - Condition evaluation unchanged
2022-09-09 11:02:28 - An INFO Message
2022-09-09 11:02:28 - A WARN Message
2022-09-09 11:02:28 - A ERROR Message
2022-09-09 11:02:51 - Starting MyFirstProjectApplication using Java 17.0.4 on MSI-XAVI with PID 17184 (C:\Xavi\Archivos\Trabajo\Universidad\FE\FullStack Web\SpringBoot\my-first-project\target\classes started by Admin in C:\Xavi\Archivos\Trabajo\Universidad\FE\FullStack Web\SpringBoot\my-first-project)
2022-09-09 11:02:51 - No active profile set, falling back to 1 default profile: "default"
2022-09-09 11:02:51 - Restarting due to 1 class path change (0 additions, 0 deletions, 1 modification)
2022-09-09 11:02:51 - Devtools property defaults active! Set 'spring.devtools.add-properties' to 'false' to disable
2022-09-09 11:02:51 - For additional web related logging consider setting the 'logging.level.web' property to 'DEBUG'
2022-09-09 11:02:51 - Stopping service [Tomcat]
2022-09-09 11:02:51 - Starting MyFirstProjectApplication using Java 17.0.4 on MSI-XAVI with PID 23136 (C:\Xavi\Archivos\Trabajo\Universidad\FE\FullStack Web\SpringBoot\my-first-project\target\classes started by Admin in C:\Xavi\Archivos\Trabajo\Universidad\FE\FullStack Web\SpringBoot\my-first-project)
2022-09-09 11:02:51 - No active profile set, falling back to 1 default profile: "default"
2022-09-09 11:02:51 - Tomcat initialized with port(s): 8080 (http)
2022-09-09 11:02:51 - Starting service [Tomcat]
2022-09-09 11:02:51 - Starting Servlet engine: [Apache Tomcat/9.0.65]
2022-09-09 11:02:51 - Initializing Spring embedded WebApplicationContext
2022-09-09 11:02:51 - Root WebApplicationContext: initialization completed in 143 ms
2022-09-09 11:02:51 - LiveReload server is running on port 35729
2022-09-09 11:02:51 - Tomcat started on port(s): 8080 (http) with context path ''
2022-09-09 11:02:51 - Started MyFirstProjectApplication in 0.223 seconds (JVM running for 90.662)
2022-09-09 11:02:51 - Condition evaluation unchanged
2022-09-09 11:02:51 - An INFO Message
2022-09-09 11:02:51 - A WARN Message
2022-09-09 11:02:51 - A ERROR Message
2022-09-09 11:02:52 - Tomcat initialized with port(s): 8080 (http)
2022-09-09 11:02:52 - Starting service [Tomcat]
2022-09-09 11:02:52 - Starting Servlet engine: [Apache Tomcat/9.0.65]
2022-09-09 11:02:52 - Initializing Spring embedded WebApplicationContext
2022-09-09 11:02:52 - Root WebApplicationContext: initialization completed in 778 ms
2022-09-09 11:02:52 - Unable to start LiveReload server
2022-09-09 11:02:52 - Exception encountered during context initialization - cancelling refresh attempt: org.springframework.context.ApplicationContextException: Failed to start bean 'webServerStartStop'; nested exception is org.springframework.boot.web.server.PortInUseException: Port 8080 is already in use
2022-09-09 11:02:52 - Stopping service [Tomcat]
2022-09-09 11:02:52 - 

Error starting ApplicationContext. To display the conditions report re-run your application with 'debug' enabled.
2022-09-09 11:02:52 - 

***************************
APPLICATION FAILED TO START
***************************

Description:

Web server failed to start. Port 8080 was already in use.

Action:

Identify and stop the process that's listening on port 8080 or configure this application to listen on another port.

2022-09-09 11:02:54 - Application shutdown requested.
2022-09-09 11:02:54 - Stopping service [Tomcat]
2022-09-09 11:02:56 - Starting MyFirstProjectApplication using Java 17.0.4 on MSI-XAVI with PID 22232 (C:\Xavi\Archivos\Trabajo\Universidad\FE\FullStack Web\SpringBoot\my-first-project\target\classes started by Admin in C:\Xavi\Archivos\Trabajo\Universidad\FE\FullStack Web\SpringBoot\my-first-project)
2022-09-09 11:02:56 - No active profile set, falling back to 1 default profile: "default"
2022-09-09 11:02:56 - Devtools property defaults active! Set 'spring.devtools.add-properties' to 'false' to disable
2022-09-09 11:02:56 - For additional web related logging consider setting the 'logging.level.web' property to 'DEBUG'
2022-09-09 11:02:57 - Tomcat initialized with port(s): 8080 (http)
2022-09-09 11:02:57 - Starting service [Tomcat]
2022-09-09 11:02:57 - Starting Servlet engine: [Apache Tomcat/9.0.65]
2022-09-09 11:02:57 - Initializing Spring embedded WebApplicationContext
2022-09-09 11:02:57 - Root WebApplicationContext: initialization completed in 725 ms
2022-09-09 11:02:57 - LiveReload server is running on port 35729
2022-09-09 11:02:57 - Tomcat started on port(s): 8080 (http) with context path ''
2022-09-09 11:02:57 - Started MyFirstProjectApplication in 1.353 seconds (JVM running for 1.956)
2022-09-09 11:02:57 - An INFO Message
2022-09-09 11:02:57 - A WARN Message
2022-09-09 11:02:57 - A ERROR Message
2022-09-09 11:03:25 - Restarting due to 1 class path change (0 additions, 0 deletions, 1 modification)
2022-09-09 11:03:25 - Stopping service [Tomcat]
2022-09-09 11:03:25 - Starting MyFirstProjectApplication using Java 17.0.4 on MSI-XAVI with PID 22232 (C:\Xavi\Archivos\Trabajo\Universidad\FE\FullStack Web\SpringBoot\my-first-project\target\classes started by Admin in C:\Xavi\Archivos\Trabajo\Universidad\FE\FullStack Web\SpringBoot\my-first-project)
2022-09-09 11:03:25 - No active profile set, falling back to 1 default profile: "default"
2022-09-09 11:03:25 - Tomcat initialized with port(s): 8080 (http)
2022-09-09 11:03:25 - Starting service [Tomcat]
2022-09-09 11:03:25 - Starting Servlet engine: [Apache Tomcat/9.0.65]
2022-09-09 11:03:25 - Initializing Spring embedded WebApplicationContext
2022-09-09 11:03:25 - Root WebApplicationContext: initialization completed in 147 ms
2022-09-09 11:03:25 - LiveReload server is running on port 35729
2022-09-09 11:03:25 - Tomcat started on port(s): 8080 (http) with context path ''
2022-09-09 11:03:25 - Started MyFirstProjectApplication in 0.226 seconds (JVM running for 30.266)
2022-09-09 11:03:25 - Condition evaluation unchanged
2022-09-09 11:03:25 - An INFO Message
2022-09-09 11:03:25 - A WARN Message
2022-09-09 11:03:25 - A ERROR Message
2022-09-09 11:03:34 - Restarting due to 1 class path change (0 additions, 0 deletions, 1 modification)
2022-09-09 11:03:34 - Stopping service [Tomcat]
2022-09-09 11:03:34 - Starting MyFirstProjectApplication using Java 17.0.4 on MSI-XAVI with PID 22232 (C:\Xavi\Archivos\Trabajo\Universidad\FE\FullStack Web\SpringBoot\my-first-project\target\classes started by Admin in C:\Xavi\Archivos\Trabajo\Universidad\FE\FullStack Web\SpringBoot\my-first-project)
2022-09-09 11:03:34 - No active profile set, falling back to 1 default profile: "default"
2022-09-09 11:03:34 - Tomcat initialized with port(s): 8080 (http)
2022-09-09 11:03:34 - Starting service [Tomcat]
2022-09-09 11:03:34 - Starting Servlet engine: [Apache Tomcat/9.0.65]
2022-09-09 11:03:34 - Initializing Spring embedded WebApplicationContext
2022-09-09 11:03:34 - Root WebApplicationContext: initialization completed in 137 ms
2022-09-09 11:03:34 - LiveReload server is running on port 35729
2022-09-09 11:03:34 - Tomcat started on port(s): 8080 (http) with context path ''
2022-09-09 11:03:34 - Started MyFirstProjectApplication in 0.211 seconds (JVM running for 39.111)
2022-09-09 11:03:34 - Condition evaluation unchanged
2022-09-09 11:03:34 - An INFO Message
2022-09-09 11:03:34 - A WARN Message
2022-09-09 11:03:34 - A ERROR Message
2022-09-09 11:03:41 - Restarting due to 1 class path change (0 additions, 0 deletions, 1 modification)
2022-09-09 11:03:41 - Stopping service [Tomcat]
2022-09-09 11:03:41 - Starting MyFirstProjectApplication using Java 17.0.4 on MSI-XAVI with PID 22232 (C:\Xavi\Archivos\Trabajo\Universidad\FE\FullStack Web\SpringBoot\my-first-project\target\classes started by Admin in C:\Xavi\Archivos\Trabajo\Universidad\FE\FullStack Web\SpringBoot\my-first-project)
2022-09-09 11:03:41 - No active profile set, falling back to 1 default profile: "default"
2022-09-09 11:03:41 - Tomcat initialized with port(s): 8080 (http)
2022-09-09 11:03:41 - Starting service [Tomcat]
2022-09-09 11:03:41 - Starting Servlet engine: [Apache Tomcat/9.0.65]
2022-09-09 11:03:41 - Initializing Spring embedded WebApplicationContext
2022-09-09 11:03:41 - Root WebApplicationContext: initialization completed in 134 ms
2022-09-09 11:03:41 - LiveReload server is running on port 35729
2022-09-09 11:03:41 - Tomcat started on port(s): 8080 (http) with context path ''
2022-09-09 11:03:41 - Started MyFirstProjectApplication in 0.2 seconds (JVM running for 45.95)
2022-09-09 11:03:41 - Condition evaluation unchanged
2022-09-09 11:03:41 - An INFO Message
2022-09-09 11:03:41 - A WARN Message
2022-09-09 11:03:41 - A ERROR Message
2022-09-09 11:03:56 - Restarting due to 1 class path change (0 additions, 0 deletions, 1 modification)
2022-09-09 11:03:56 - Stopping service [Tomcat]
2022-09-09 11:03:56 - Starting MyFirstProjectApplication using Java 17.0.4 on MSI-XAVI with PID 22232 (C:\Xavi\Archivos\Trabajo\Universidad\FE\FullStack Web\SpringBoot\my-first-project\target\classes started by Admin in C:\Xavi\Archivos\Trabajo\Universidad\FE\FullStack Web\SpringBoot\my-first-project)
2022-09-09 11:03:56 - No active profile set, falling back to 1 default profile: "default"
2022-09-09 11:03:56 - Tomcat initialized with port(s): 8080 (http)
2022-09-09 11:03:56 - Starting service [Tomcat]
2022-09-09 11:03:56 - Starting Servlet engine: [Apache Tomcat/9.0.65]
2022-09-09 11:03:56 - Initializing Spring embedded WebApplicationContext
2022-09-09 11:03:56 - Root WebApplicationContext: initialization completed in 132 ms
2022-09-09 11:03:56 - LiveReload server is running on port 35729
2022-09-09 11:03:56 - Tomcat started on port(s): 8080 (http) with context path ''
2022-09-09 11:03:56 - Started MyFirstProjectApplication in 0.19 seconds (JVM running for 60.957)
2022-09-09 11:03:56 - Condition evaluation unchanged
2022-09-09 11:03:56 - An INFO Message
2022-09-09 11:03:56 - A WARN Message
2022-09-09 11:03:56 - A ERROR Message
2022-09-09 11:04:05 - Restarting due to 1 class path change (0 additions, 0 deletions, 1 modification)
2022-09-09 11:04:05 - Stopping service [Tomcat]
2022-09-09 11:04:05 - Starting MyFirstProjectApplication using Java 17.0.4 on MSI-XAVI with PID 22232 (C:\Xavi\Archivos\Trabajo\Universidad\FE\FullStack Web\SpringBoot\my-first-project\target\classes started by Admin in C:\Xavi\Archivos\Trabajo\Universidad\FE\FullStack Web\SpringBoot\my-first-project)
2022-09-09 11:04:05 - No active profile set, falling back to 1 default profile: "default"
2022-09-09 11:04:05 - Tomcat initialized with port(s): 8080 (http)
2022-09-09 11:04:05 - Starting service [Tomcat]
2022-09-09 11:04:05 - Starting Servlet engine: [Apache Tomcat/9.0.65]
2022-09-09 11:04:05 - Initializing Spring embedded WebApplicationContext
2022-09-09 11:04:05 - Root WebApplicationContext: initialization completed in 134 ms
2022-09-09 11:04:05 - LiveReload server is running on port 35729
2022-09-09 11:04:05 - Tomcat started on port(s): 8080 (http) with context path ''
2022-09-09 11:04:05 - Started MyFirstProjectApplication in 0.195 seconds (JVM running for 69.729)
2022-09-09 11:04:05 - Condition evaluation unchanged
2022-09-09 11:04:05 - An INFO Message
2022-09-09 11:04:05 - A WARN Message
2022-09-09 11:04:05 - A ERROR Message
2022-09-09 11:04:24 - Starting MyFirstProjectApplication using Java 17.0.4 on MSI-XAVI with PID 14764 (C:\Xavi\Archivos\Trabajo\Universidad\FE\FullStack Web\SpringBoot\my-first-project\target\classes started by Admin in C:\Xavi\Archivos\Trabajo\Universidad\FE\FullStack Web\SpringBoot\my-first-project)
2022-09-09 11:04:24 - No active profile set, falling back to 1 default profile: "default"
2022-09-09 11:04:24 - Devtools property defaults active! Set 'spring.devtools.add-properties' to 'false' to disable
2022-09-09 11:04:24 - For additional web related logging consider setting the 'logging.level.web' property to 'DEBUG'
2022-09-09 11:04:25 - Restarting due to 1 class path change (0 additions, 0 deletions, 1 modification)
2022-09-09 11:04:25 - Stopping service [Tomcat]
2022-09-09 11:04:25 - Starting MyFirstProjectApplication using Java 17.0.4 on MSI-XAVI with PID 22232 (C:\Xavi\Archivos\Trabajo\Universidad\FE\FullStack Web\SpringBoot\my-first-project\target\classes started by Admin in C:\Xavi\Archivos\Trabajo\Universidad\FE\FullStack Web\SpringBoot\my-first-project)
2022-09-09 11:04:25 - No active profile set, falling back to 1 default profile: "default"
2022-09-09 11:04:25 - Tomcat initialized with port(s): 8080 (http)
2022-09-09 11:04:25 - Starting service [Tomcat]
2022-09-09 11:04:25 - Starting Servlet engine: [Apache Tomcat/9.0.65]
2022-09-09 11:04:25 - Initializing Spring embedded WebApplicationContext
2022-09-09 11:04:25 - Root WebApplicationContext: initialization completed in 128 ms
2022-09-09 11:04:25 - LiveReload server is running on port 35729
2022-09-09 11:04:25 - Tomcat started on port(s): 8080 (http) with context path ''
2022-09-09 11:04:25 - Started MyFirstProjectApplication in 0.194 seconds (JVM running for 89.58)
2022-09-09 11:04:25 - Condition evaluation unchanged
2022-09-09 11:04:25 - An INFO Message
2022-09-09 11:04:25 - A WARN Message
2022-09-09 11:04:25 - A ERROR Message
2022-09-09 11:04:25 - Tomcat initialized with port(s): 8080 (http)
2022-09-09 11:04:25 - Starting service [Tomcat]
2022-09-09 11:04:25 - Starting Servlet engine: [Apache Tomcat/9.0.65]
2022-09-09 11:04:25 - Initializing Spring embedded WebApplicationContext
2022-09-09 11:04:25 - Root WebApplicationContext: initialization completed in 759 ms
2022-09-09 11:04:25 - Unable to start LiveReload server
2022-09-09 11:04:25 - Exception encountered during context initialization - cancelling refresh attempt: org.springframework.context.ApplicationContextException: Failed to start bean 'webServerStartStop'; nested exception is org.springframework.boot.web.server.PortInUseException: Port 8080 is already in use
2022-09-09 11:04:25 - Stopping service [Tomcat]
2022-09-09 11:04:25 - 

Error starting ApplicationContext. To display the conditions report re-run your application with 'debug' enabled.
2022-09-09 11:04:25 - 

***************************
APPLICATION FAILED TO START
***************************

Description:

Web server failed to start. Port 8080 was already in use.

Action:

Identify and stop the process that's listening on port 8080 or configure this application to listen on another port.

2022-09-09 11:04:27 - Application shutdown requested.
2022-09-09 11:04:27 - Stopping service [Tomcat]
2022-09-09 11:04:29 - Starting MyFirstProjectApplication using Java 17.0.4 on MSI-XAVI with PID 12512 (C:\Xavi\Archivos\Trabajo\Universidad\FE\FullStack Web\SpringBoot\my-first-project\target\classes started by Admin in C:\Xavi\Archivos\Trabajo\Universidad\FE\FullStack Web\SpringBoot\my-first-project)
2022-09-09 11:04:29 - No active profile set, falling back to 1 default profile: "default"
2022-09-09 11:04:29 - Devtools property defaults active! Set 'spring.devtools.add-properties' to 'false' to disable
2022-09-09 11:04:29 - For additional web related logging consider setting the 'logging.level.web' property to 'DEBUG'
2022-09-09 11:04:30 - Tomcat initialized with port(s): 8080 (http)
2022-09-09 11:04:30 - Starting service [Tomcat]
2022-09-09 11:04:30 - Starting Servlet engine: [Apache Tomcat/9.0.65]
2022-09-09 11:04:30 - Initializing Spring embedded WebApplicationContext
2022-09-09 11:04:30 - Root WebApplicationContext: initialization completed in 738 ms
2022-09-09 11:04:30 - LiveReload server is running on port 35729
2022-09-09 11:04:30 - Tomcat started on port(s): 8080 (http) with context path ''
2022-09-09 11:04:30 - Started MyFirstProjectApplication in 1.36 seconds (JVM running for 1.979)
2022-09-09 11:04:30 - An INFO Message
2022-09-09 11:04:30 - A WARN Message
2022-09-09 11:04:30 - A ERROR Message
2022-09-09 11:04:46 - Restarting due to 1 class path change (0 additions, 0 deletions, 1 modification)
2022-09-09 11:04:46 - Stopping service [Tomcat]
2022-09-09 11:04:46 - Starting MyFirstProjectApplication using Java 17.0.4 on MSI-XAVI with PID 12512 (C:\Xavi\Archivos\Trabajo\Universidad\FE\FullStack Web\SpringBoot\my-first-project\target\classes started by Admin in C:\Xavi\Archivos\Trabajo\Universidad\FE\FullStack Web\SpringBoot\my-first-project)
2022-09-09 11:04:46 - No active profile set, falling back to 1 default profile: "default"
2022-09-09 11:04:46 - Tomcat initialized with port(s): 8080 (http)
2022-09-09 11:04:46 - Starting service [Tomcat]
2022-09-09 11:04:46 - Starting Servlet engine: [Apache Tomcat/9.0.65]
2022-09-09 11:04:46 - Initializing Spring embedded WebApplicationContext
2022-09-09 11:04:46 - Root WebApplicationContext: initialization completed in 155 ms
2022-09-09 11:04:46 - LiveReload server is running on port 35729
2022-09-09 11:04:46 - Tomcat started on port(s): 8080 (http) with context path ''
2022-09-09 11:04:46 - Started MyFirstProjectApplication in 0.234 seconds (JVM running for 18.0)
2022-09-09 11:04:46 - Condition evaluation unchanged
2022-09-09 11:04:46 - An INFO Message
2022-09-09 11:04:46 - A WARN Message
2022-09-09 11:04:46 - A ERROR Message
2022-09-09 11:05:07 - Application shutdown requested.
2022-09-09 11:05:07 - Stopping service [Tomcat]
2022-09-09 11:05:11 - Starting MyFirstProjectApplication using Java 17.0.4 on MSI-XAVI with PID 23352 (C:\Xavi\Archivos\Trabajo\Universidad\FE\FullStack Web\SpringBoot\my-first-project\target\classes started by Admin in C:\Xavi\Archivos\Trabajo\Universidad\FE\FullStack Web\SpringBoot\my-first-project)
2022-09-09 11:05:11 - No active profile set, falling back to 1 default profile: "default"
2022-09-09 11:05:11 - Devtools property defaults active! Set 'spring.devtools.add-properties' to 'false' to disable
2022-09-09 11:05:11 - For additional web related logging consider setting the 'logging.level.web' property to 'DEBUG'
2022-09-09 11:05:12 - Tomcat initialized with port(s): 8080 (http)
2022-09-09 11:05:12 - Starting service [Tomcat]
2022-09-09 11:05:12 - Starting Servlet engine: [Apache Tomcat/9.0.65]
2022-09-09 11:05:12 - Initializing Spring embedded WebApplicationContext
2022-09-09 11:05:12 - Root WebApplicationContext: initialization completed in 735 ms
2022-09-09 11:05:12 - LiveReload server is running on port 35729
2022-09-09 11:05:12 - Tomcat started on port(s): 8080 (http) with context path ''
